<testsuite name="Mocha Tests" tests="19" failures="1" errors="1" skipped="0" timestamp="Tue, 19 Jul 2016 07:49:41 GMT" time="2.882">
<testcase classname="楼层" name="获取首页楼层" time="0"><failure>expected Object {
  code: '0',
  list: Array [
    Object {
      category_level: 0,
      children: Array [
        Object {
          category_icon: 'new',
          category_level: 1,
          cmsType: 1,
          cmsTypeId: '1621',
          display_name: 'Plus Size Clothing',
          display_style: 0,
          id: 938869,
          is_active: 1,
          is_displayCms: 1,
          is_displaySonCate: 0,
          is_display_red: 0,
          is_endColumn: 0,
          is_wordOrPic: 1,
          left_or_right: 2,
          pic_url: '',
          pid: 25118,
          seo_name: 'Plus Size Clothing',
          url: '/Buy-Plus-Size-Clothing-c1621'
        },
        Object {
          category_icon: '',
          category_level: 1,
          cmsType: 1,
          cmsTypeId: '1324',
          display_name: 'Dresses',
          display_style: 0,
          id: 26720,
          is_active: 1,
          is_displayCms: 1,
          is_displaySonCate: 1,
          is_display_red: 1,
          is_endColumn: 0,
          is_wordOrPic: 1,
          left_or_right: 1,
          pic_url: 'homecms/2016/201606/20160627/_cms_1466999100.jpg',
          pid: 25118,
          seo_name: 'Women\'s Dresses',
          url: '/Buy-Women-S-Dresses-c1324'
        },
        Object {
          category_icon: '',
          category_level: 2,
          cmsType: 1,
          cmsTypeId: '1282',
          display_name: 'Makeup',
          display_style: 2,
          id: 937199,
          is_active: 1,
          is_displayCms: 1,
          is_displaySonCate: 1,
          is_display_red: 0,
          is_endColumn: 0,
          is_wordOrPic: 1,
          left_or_right: 1,
          pic_url: 'homecms/2015/201510/20151027/_cms_1445939552.jpg',
          pid: 937197,
          seo_name: 'Makeup',
          url: '/Buy-Makeup-c1282'
        },
        Object {
          category_icon: '',
          category_level: 1,
          cmsType: 1,
          cmsTypeId: '921',
          display_name: 'Clubwear',
          display_style: 0,
          id: 938747,
          is_active: 1,
          is_displayCms: 1,
          is_displaySonCate: 1,
          is_display_red: 1,
          is_endColumn: 0,
          is_wordOrPic: 1,
          left_or_right: 1,
          pic_url: 'homecms/2016/201606/20160627/_cms_1466999166.jpg',
          pid: 25118,
          seo_name: 'Clubwear',
          url: '/Buy-Clubwear-c921'
        },
        Object {
          category_icon: '',
          category_level: 1,
          cmsType: 1,
          cmsTypeId: '1140',
          display_name: 'Lingerie',
          display_style: 0,
          id: 934001,
          is_active: 1,
          is_displayCms: 1,
          is_displaySonCate: 1,
          is_display_red: 1,
          is_endColumn: 0,
          is_wordOrPic: 1,
          left_or_right: 1,
          pic_url: 'homecms/2016/201604/20160427/_cms_1461734763.jpg',
          pid: 25118,
          seo_name: 'Lingerie',
          url: '/Buy-Lingerie-c1140'
        },
        Object {
          category_icon: '',
          category_level: 1,
          cmsType: 1,
          cmsTypeId: '603',
          display_name: 'Swimsuits &amp; Cover-Ups',
          display_style: 0,
          id: 938735,
          is_active: 1,
          is_displayCms: 1,
          is_displaySonCate: 1,
          is_display_red: 1,
          is_endColumn: 1,
          is_wordOrPic: 1,
          left_or_right: 1,
          pic_url: 'homecms/2016/201606/20160627/_cms_1466999196.jpg',
          pid: 25118,
          seo_name: 'Swimsuits',
          url: '/Buy-Swimsuits-c603'
        },
        Object {
          category_icon: '',
          category_level: 1,
          cmsType: 1,
          cmsTypeId: '1333',
          display_name: 'Jumpsuits &amp; Rompers',
          display_style: 0,
          id: 938751,
          is_active: 1,
          is_displayCms: 1,
          is_displaySonCate: 1,
          is_display_red: 0,
          is_endColumn: 0,
          is_wordOrPic: 1,
          left_or_right: 1,
          pic_url: 'homecms/2016/201606/20160627/_cms_1466999177.jpg',
          pid: 25118,
          seo_name: 'Jumpsuits &amp; Rompers',
          url: '/Buy-Jumpsuits-Rompers-c1333'
        },
        Object {
          category_icon: '',
          category_level: 1,
          cmsType: 1,
          cmsTypeId: '542',
          display_name: 'Tops',
          display_style: 0,
          id: 938761,
          is_active: 1,
          is_displayCms: 1,
          is_displaySonCate: 1,
          is_display_red: 0,
          is_endColumn: 0,
          is_wordOrPic: 1,
          left_or_right: 1,
          pic_url: 'homecms/2016/201606/20160627/_cms_1466999312.jpg',
          pid: 25118,
          seo_name: 'Tops',
          url: '/Buy-Tops-c542'
        },
        Object {
          category_icon: '',
          category_level: 2,
          cmsType: 1,
          cmsTypeId: '540',
          display_name: 'Skirts',
          display_style: 2,
          id: 938775,
          is_active: 1,
          is_displayCms: 0,
          is_displaySonCate: 1,
          is_display_red: 0,
          is_endColumn: 0,
          is_wordOrPic: 1,
          left_or_right: 1,
          pic_url: 'homecms/2016/201606/20160627/_cms_1466991986.jpg',
          pid: 938773,
          seo_name: 'Skirts',
          url: '/Buy-Skirts-c540'
        },
        Object {
          category_icon: '',
          category_level: 1,
          cmsType: 1,
          cmsTypeId: '538',
          display_name: 'Outerwear',
          display_style: 0,
          id: 938793,
          is_active: 1,
          is_displayCms: 1,
          is_displaySonCate: 1,
          is_display_red: 1,
          is_endColumn: 0,
          is_wordOrPic: 1,
          left_or_right: 1,
          pic_url: 'homecms/2016/201606/20160627/_cms_1466999300.jpg',
          pid: 25118,
          seo_name: 'Outerwear',
          url: '/Buy-Outerwear-c538'
        },
        Object {
          category_icon: 'hot',
          category_level: 2,
          cmsType: 1,
          cmsTypeId: '8772',
          display_name: 'Wigs',
          display_style: 2,
          id: 937205,
          is_active: 1,
          is_displayCms: 1,
          is_displaySonCate: 1,
          is_display_red: 0,
          is_endColumn: 0,
          is_wordOrPic: 1,
          left_or_right: 1,
          pic_url: 'homecms/2016/201604/20160427/_cms_1461734799.jpg',
          pid: 937197,
          seo_name: 'Fashion Wigs',
          url: '/Buy-Women-S-Wigs-c8772'
        }
      ],
      cmsType: 6,
      cmsTypeId: '',
      display_name: 'Women',
      display_style: 2,
      id: 25118,
      is_active: 1,
      is_displayCms: 1,
      is_displaySonCate: 1,
      is_display_red: 0,
      is_endColumn: 0,
      is_wordOrPic: 1,
      left_or_right: 1,
      pid: -1,
      position: 1738,
      seo_name: 'women',
      top_key: 'women',
      url: '/women-home/'
    },
    Object {
      category_level: 0,
      children: Array [
        Object {
          category_icon: '',
          category_level: 2,
          cmsType: 1,
          cmsTypeId: '1122',
          display_name: 'Ties',
          display_style: 2,
          id: 933126,
          is_active: 1,
          is_displayCms: 1,
          is_displaySonCate: 1,
          is_display_red: 0,
          is_endColumn: 0,
          is_wordOrPic: 1,
          left_or_right: 1,
          pic_url: '',
          pid: 25278,
          seo_name: 'Men\'s Ties',
          url: '/Buy-Men-S-Ties-c1122'
        },
        Object {
          category_icon: '',
          category_level: 2,
          cmsType: 1,
          cmsTypeId: '2422',
          display_name: 'Cufflinks',
          display_style: 2,
          id: 933128,
          is_active: 0,
          is_displayCms: 1,
          is_displaySonCate: 1,
          is_display_red: 0,
          is_endColumn: 0,
          is_wordOrPic: 1,
          left_or_right: 1,
          pic_url: '',
          pid: 25278,
          seo_name: 'Cufflinks',
          url: '/Buy-Cufflinks-c2422'
        },
        Object {
          category_icon: 'new',
          category_level: 2,
          cmsType: 1,
          cmsTypeId: '1495',
          display_name: 'Jewelry',
          display_style: 2,
          id: 25320,
          is_active: 1,
          is_displayCms: 1,
          is_displaySonCate: 1,
          is_display_red: 0,
          is_endColumn: 0,
          is_wordOrPic: 1,
          left_or_right: 1,
          pic_url: '',
          pid: 25278,
          seo_name: 'Men Jewelry',
          url: '/Buy-Men-Jewelry-c1495'
        },
        Object {
          category_icon: '',
          category_level: 2,
          cmsType: 1,
          cmsTypeId: '1157',
          display_name: 'Polo Shirts',
          display_style: 2,
          id: 933800,
          is_active: 1,
          is_displayCms: 1,
          is_displaySonCate: 1,
          is_display_red: 0,
          is_endColumn: 0,
          is_wordOrPic: 1,
          left_or_right: 1,
          pic_url: 'homecms/2016/201604/20160427/_cms_1461734858.jpg',
          pid: 933778,
          seo_name: 'Polo Shirts',
          url: '/Buy-Polo-Shirts-c1157'
        },
        Object {
          category_icon: 'hot',
          category_level: 2,
          cmsType: 1,
          cmsTypeId: '1156',
          display_name: 'Shirts',
          display_style: 2,
          id: 933802,
          is_active: 1,
          is_displayCms: 1,
          is_displaySonCate: 1,
          is_display_red: 0,
          is_endColumn: 0,
          is_wordOrPic: 1,
          left_or_right: 1,
          pic_url: 'homecms/2016/201604/20160427/_cms_1461734944.jpg',
          pid: 933778,
          seo_name: 'Men\'s Shirts',
          url: '/Buy-Men-S-Shirts-c1156'
        },
        Object {
          category_icon: '',
          category_level: 2,
          cmsType: 1,
          cmsTypeId: '1169',
          display_name: 'Blazers',
          display_style: 2,
          id: 933846,
          is_active: 1,
          is_displayCms: 1,
          is_displaySonCate: 1,
          is_display_red: 0,
          is_endColumn: 0,
          is_wordOrPic: 1,
          left_or_right: 1,
          pic_url: 'homecms/2016/201604/20160427/_cms_1461734909.jpg',
          pid: 933778,
          seo_name: 'Blazers &amp; Sportcoats',
          url: '/Buy-Blazers-Sportcoats-c1169'
        },
        Object {
          category_icon: 'hot',
          category_level: 2,
          cmsType: 1,
          cmsTypeId: '1163',
          display_name: 'Hoodies &amp; Sweatshirts',
          display_style: 2,
          id: 933792,
          is_active: 1,
          is_displayCms: 1,
          is_displaySonCate: 1,
          is_display_red: 0,
          is_endColumn: 0,
          is_wordOrPic: 1,
          left_or_right: 1,
          pic_url: 'homecms/2016/201604/20160427/_cms_1461734845.jpg',
          pid: 933778,
          seo_name: 'Men\'s Hoodies &amp; Sweatshirts',
          url: '/Buy-Men-S-Hoodies-Sweatshirts-c1163'
        },
        Object {
          category_icon: '',
          category_level: 2,
          cmsType: 1,
          cmsTypeId: '1167',
          display_name: 'Jeans',
          display_style: 2,
          id: 933832,
          is_active: 1,
          is_displayCms: 1,
          is_displaySonCate: 1,
          is_display_red: 0,
          is_endColumn: 0,
          is_wordOrPic: 1,
          left_or_right: 1,
          pic_url: 'homecms/2016/201604/20160427/_cms_1461734921.jpg',
          pid: 933778,
          seo_name: 'Men\'s Jeans',
          url: '/Buy-Men-S-Jeans-c1167'
        },
        Object {
          category_icon: '',
          category_level: 2,
          cmsType: 1,
          cmsTypeId: '1714',
          display_name: 'Leather &amp; Faux Leather Jackets',
          display_style: 2,
          id: 936895,
          is_active: 1,
          is_displayCms: 1,
          is_displaySonCate: 1,
          is_display_red: 0,
          is_endColumn: 0,
          is_wordOrPic: 1,
          left_or_right: 1,
          pic_url: 'homecms/2016/201604/20160427/_cms_1461734895.jpg',
          pid: 933778,
          seo_name: 'Men\'s Leather and Faux Leather Jackets',
          url: '/Buy-Men-S-Leather-Jackets-c1714'
        },
        Object {
          category_icon: '',
          category_level: 2,
          cmsType: 1,
          cmsTypeId: '1445',
          display_name: 'Pants',
          display_style: 2,
          id: 933820,
          is_active: 1,
          is_displayCms: 1,
          is_displaySonCate: 1,
          is_display_red: 0,
          is_endColumn: 0,
          is_wordOrPic: 1,
          left_or_right: 1,
          pic_url: 'homecms/2016/201602/20160202/_cms_1454401645.jpg',
          pid: 933778,
          seo_name: 'Men\'s Pants',
          url: '/Buy-Men-S-Pants-c1445'
        },
        Object {
          category_icon: '',
          category_level: 2,
          cmsType: 1,
          cmsTypeId: '1175',
          display_name: 'Caps/Hats',
          display_style: 2,
          id: 933132,
          is_active: 1,
          is_displayCms: 1,
          is_displaySonCate: 1,
          is_display_red: 0,
          is_endColumn: 0,
          is_wordOrPic: 1,
          left_or_right: 1,
          pic_url: '',
          pid: 25278,
          seo_name: 'Men\'s Caps/Hats',
          url: '/Buy-Men-S-Caps-Hats-c1175'
        },
        Object {
          category_icon: '',
          category_level: 2,
          cmsType: 1,
          cmsTypeId: '8766',
          display_name: 'Glasses',
          display_style: 2,
          id: 933901,
          is_active: 1,
          is_displayCms: 1,
          is_displaySonCate: 1,
          is_display_red: 0,
          is_endColumn: 0,
          is_wordOrPic: 1,
          left_or_right: 1,
          pic_url: '',
          pid: 25278,
          seo_name: 'Men\'s Glasses',
          url: '/Buy-Men-S-Glasses-c8766'
        },
        Object {
          category_icon: '',
          category_level: 2,
          cmsType: 1,
          cmsTypeId: '1178',
          display_name: 'Scarves &amp; Wraps',
          display_style: 2,
          id: 933134,
          is_active: 1,
          is_displayCms: 1,
          is_displaySonCate: 1,
          is_display_red: 0,
          is_endColumn: 0,
          is_wordOrPic: 1,
          left_or_right: 1,
          pic_url: '',
          pid: 25278,
          seo_name: 'Men\'s Scarves &amp; Wraps',
          url: '/Buy-Men-S-Scarves-Wraps-c1178'
        },
        Object {
          category_icon: 'new',
          category_level: 2,
          cmsType: 1,
          cmsTypeId: '1501',
          display_name: 'Men Gloves',
          display_style: 2,
          id: 933136,
          is_active: 1,
          is_displayCms: 1,
          is_displaySonCate: 1,
          is_display_red: 0,
          is_endColumn: 0,
          is_wordOrPic: 1,
          left_or_right: 1,
          pic_url: '',
          pid: 25278,
          seo_name: 'Men Gloves',
          url: '/Buy-Men-Gloves-c1501'
        },
        Object {
          category_icon: '',
          category_level: 3,
          cmsType: 1,
          cmsTypeId: '1162',
          display_name: 'Jackets',
          display_style: 2,
          id: 933782,
          is_active: 1,
          is_displayCms: 1,
          is_displaySonCate: 1,
          is_display_red: 0,
          is_endColumn: 0,
          is_wordOrPic: 1,
          left_or_right: 1,
          pic_url: 'homecms/2016/201604/20160427/_cms_1461735513.jpg',
          pid: 933780,
          seo_name: 'Men\'s Jackets',
          url: '/Buy-Men-S-Jackets-c1162'
        },
        Object {
          category_icon: '',
          category_level: 3,
          cmsType: 1,
          cmsTypeId: '1165',
          display_name: 'Coats',
          display_style: 2,
          id: 933784,
          is_active: 1,
          is_displayCms: 1,
          is_displaySonCate: 1,
          is_display_red: 0,
          is_endColumn: 0,
          is_wordOrPic: 1,
          left_or_right: 1,
          pic_url: 'homecms/2016/201604/20160427/_cms_1461735503.jpg',
          pid: 933780,
          seo_name: 'Men\'s Coats',
          url: '/Buy-Men-S-Coats-c1165'
        },
        Object {
          category_icon: '',
          category_level: 2,
          cmsType: 1,
          cmsTypeId: '8770',
          display_name: 'Men\'s Wigs',
          display_style: 2,
          id: 936613,
          is_active: 1,
          is_displayCms: 1,
          is_displaySonCate: 1,
          is_display_red: 0,
          is_endColumn: 0,
          is_wordOrPic: 1,
          left_or_right: 1,
          pic_url: '',
          pid: 25278,
          seo_name: 'Men\'s Wigs',
          url: '/Buy-Men-S-Wigs-c8770'
        },
        Object {
          category_icon: 'hot',
          category_level: 2,
          cmsType: 1,
          cmsTypeId: '1710',
          display_name: 'T-Shirts &amp; Tanks',
          display_style: 2,
          id: 933808,
          is_active: 1,
          is_displayCms: 1,
          is_displaySonCate: 1,
          is_display_red: 0,
          is_endColumn: 0,
          is_wordOrPic: 1,
          left_or_right: 1,
          pic_url: 'homecms/2016/201604/20160427/_cms_1461734885.jpg',
          pid: 933778,
          seo_name: 'T-Shirts &amp; Tanks',
          url: '/Buy-T-Shirts-Tanks-c1710'
        }
      ],
      cmsType: 6,
      cmsTypeId: '',
      display_name: 'Men',
      display_style: 2,
      id: 24578,
      is_active: 1,
      is_displayCms: 1,
      is_displaySonCate: 1,
      is_display_red: 0,
      is_endColumn: 0,
      is_wordOrPic: 1,
      left_or_right: 1,
      pid: -1,
      position: 1744,
      seo_name: 'Men',
      top_key: 'men',
      url: '/men-home/'
    },
    Object {
      category_level: 0,
      children: Array [
        Object {
          category_icon: '',
          category_level: 2,
          cmsType: 2,
          cmsTypeId: 'Beach-Wedding-Dresses',
          display_name: 'Beach',
          display_style: 2,
          id: 933388,
          is_active: 1,
          is_displayCms: 1,
          is_displaySonCate: 1,
          is_display_red: 0,
          is_endColumn: 0,
          is_wordOrPic: 1,
          left_or_right: 1,
          pic_url: '',
          pid: 933346,
          seo_name: 'Beach Wedding Dresses',
          url: '/gs/Beach-Wedding-Dresses'
        },
        Object {
          category_icon: '',
          category_level: 1,
          cmsType: 1,
          cmsTypeId: '392',
          display_name: 'Wedding Dresses',
          display_style: 0,
          id: 933346,
          is_active: 1,
          is_displayCms: 1,
          is_displaySonCate: 1,
          is_display_red: 1,
          is_endColumn: 0,
          is_wordOrPic: 1,
          left_or_right: 1,
          pic_url: 'homecms/2016/201604/20160421/_cms_1461228851.jpg',
          pid: 24814,
          seo_name: 'Wedding Dresses',
          url: '/Buy-Wedding-Dresses-c392'
        },
        Object {
          category_icon: '',
          category_level: 1,
          cmsType: 1,
          cmsTypeId: '782',
          display_name: 'Wedding Accessories',
          display_style: 0,
          id: 933366,
          is_active: 1,
          is_displayCms: 1,
          is_displaySonCate: 1,
          is_display_red: 1,
          is_endColumn: 1,
          is_wordOrPic: 1,
          left_or_right: 1,
          pic_url: 'homecms/2016/201601/20160119/_cms_1453172187.jpg',
          pid: 24814,
          seo_name: 'Wedding Accessories',
          url: '/Buy-Wedding-Accessories-c782'
        },
        Object {
          category_icon: '',
          category_level: 1,
          cmsType: 1,
          cmsTypeId: '2520',
          display_name: 'Wedding Reception',
          display_style: 0,
          id: 933364,
          is_active: 1,
          is_displayCms: 1,
          is_displaySonCate: 1,
          is_display_red: 0,
          is_endColumn: 0,
          is_wordOrPic: 1,
          left_or_right: 1,
          pic_url: 'homecms/2016/201601/20160119/_cms_1453172201.jpg',
          pid: 24814,
          seo_name: 'Wedding Reception',
          url: '/Buy-Wedding-Reception-c2520'
        },
        Object {
          category_icon: '',
          category_level: 1,
          cmsType: 1,
          cmsTypeId: '829',
          display_name: 'Wedding Party Dresses',
          display_style: 0,
          id: 933352,
          is_active: 1,
          is_displayCms: 1,
          is_displaySonCate: 1,
          is_display_red: 1,
          is_endColumn: 0,
          is_wordOrPic: 1,
          left_or_right: 1,
          pic_url: '',
          pid: 24814,
          seo_name: 'Wedding Party Dresses',
          url: '/Buy-Wedding-Party-Dresses-c829'
        },
        Object {
          category_icon: 'hot',
          category_level: 2,
          cmsType: 1,
          cmsTypeId: '393',
          display_name: 'Bridesmaid',
          display_style: 2,
          id: 933472,
          is_active: 1,
          is_displayCms: 1,
          is_displaySonCate: 1,
          is_display_red: 0,
          is_endColumn: 0,
          is_wordOrPic: 1,
          left_or_right: 1,
          pic_url: 'homecms/2016/201604/20160421/_cms_1461228860.jpg',
          pid: 933352,
          seo_name: 'Bridesmaid Dresses',
          url: '/Buy-Bridesmaid-Dresses-c393'
        },
        Object {
          category_icon: 'hot',
          category_level: 2,
          cmsType: 1,
          cmsTypeId: '633',
          display_name: 'Mother of the Bride',
          display_style: 2,
          id: 933476,
          is_active: 1,
          is_displayCms: 1,
          is_displaySonCate: 1,
          is_display_red: 0,
          is_endColumn: 0,
          is_wordOrPic: 1,
          left_or_right: 1,
          pic_url: 'homecms/2016/201604/20160421/_cms_1461228879.jpg',
          pid: 933352,
          seo_name: 'Mother of the Bride Dresses',
          url: '/Buy-Mother-Of-The-Bride-Dresses-c633'
        },
        Object {
          category_icon: '',
          category_level: 2,
          cmsType: 1,
          cmsTypeId: '562',
          display_name: 'Flower Girl',
          display_style: 2,
          id: 933474,
          is_active: 1,
          is_displayCms: 1,
          is_displaySonCate: 1,
          is_display_red: 0,
          is_endColumn: 0,
          is_wordOrPic: 1,
          left_or_right: 1,
          pic_url: 'homecms/2016/201604/20160421/_cms_1461228869.jpg',
          pid: 933352,
          seo_name: 'Flower Girl Dresses',
          url: '/Buy-Flower-Girl-Dresses-c562'
        },
        Object {
          category_icon: '',
          category_level: 2,
          cmsType: 6,
          cmsTypeId: '',
          display_name: 'Milanoo Exclusive',
          display_style: 0,
          id: 933606,
          is_active: 1,
          is_displayCms: 1,
          is_displaySonCate: 1,
          is_display_red: 0,
          is_endColumn: 0,
          is_wordOrPic: 1,
          left_or_right: 2,
          pic_url: 'homecms/2016/201604/20160421/_cms_1461229912.jpg',
          pid: 933604,
          seo_name: 'Milanoo Exclusive',
          url: '/nf/gs/Milanoo-Exclusive-Designer-Collection'
        },
        Object {
          category_icon: 'hot',
          category_level: 2,
          cmsType: 1,
          cmsTypeId: '574',
          display_name: 'Evening Dresses',
          display_style: 2,
          id: 934541,
          is_active: 0,
          is_displayCms: 1,
          is_displaySonCate: 1,
          is_display_red: 0,
          is_endColumn: 0,
          is_wordOrPic: 1,
          left_or_right: 1,
          pic_url: 'homecms/2016/201604/20160421/_cms_1461228906.jpg',
          pid: 934539,
          seo_name: 'Evening Dresses',
          url: '/Buy-Evening-Dresses-c574'
        },
        Object {
          category_icon: '',
          category_level: 2,
          cmsType: 1,
          cmsTypeId: '565',
          display_name: 'Cocktail Dresses',
          display_style: 2,
          id: 934545,
          is_active: 0,
          is_displayCms: 1,
          is_displaySonCate: 1,
          is_display_red: 0,
          is_endColumn: 0,
          is_wordOrPic: 1,
          left_or_right: 1,
          pic_url: 'homecms/2016/201604/20160421/_cms_1461228922.jpg',
          pid: 934539,
          seo_name: 'Cocktail Dresses',
          url: '/Buy-Cocktail-Dresses-c565'
        },
        Object {
          category_icon: 'hot',
          category_level: 2,
          cmsType: 1,
          cmsTypeId: '394',
          display_name: 'Prom Dresses',
          display_style: 2,
          id: 934547,
          is_active: 0,
          is_displayCms: 1,
          is_displaySonCate: 1,
          is_display_red: 0,
          is_endColumn: 0,
          is_wordOrPic: 1,
          left_or_right: 1,
          pic_url: 'homecms/2016/201604/20160421/_cms_1461228936.jpg',
          pid: 934539,
          seo_name: 'Prom Dresses',
          url: '/Buy-Prom-Dresses-c394'
        }
      ],
      cmsType: 1,
      cmsTypeId: '391',
      display_name: 'Wedding',
      display_style: 2,
      id: 24814,
      is_active: 1,
      is_displayCms: 1,
      is_displaySonCate: 1,
      is_display_red: 0,
      is_endColumn: 0,
      is_wordOrPic: 1,
      left_or_right: 1,
      pid: -1,
      position: 1740,
      seo_name: 'Wedding',
      top_key: 'wedding',
      url: '/Buy-Wedding-c391'
    },
    Object {
      category_level: 0,
      children: Array [
        Object {
          category_icon: '',
          category_level: 1,
          cmsType: 2,
          cmsTypeId: 'Shoe-New-in',
          display_name: 'New in',
          display_style: 0,
          id: 935923,
          is_active: 1,
          is_displayCms: 1,
          is_displaySonCate: 0,
          is_display_red: 0,
          is_endColumn: 0,
          is_wordOrPic: 1,
          left_or_right: 2,
          pic_url: '',
          pid: 24594,
          seo_name: '',
          url: '/gs/Shoe-New-in'
        },
        Object {
          category_icon: 'hot',
          category_level: 2,
          cmsType: 1,
          cmsTypeId: '618',
          display_name: 'Sandals',
          display_style: 2,
          id: 24606,
          is_active: 1,
          is_displayCms: 1,
          is_displaySonCate: 1,
          is_display_red: 0,
          is_endColumn: 0,
          is_wordOrPic: 1,
          left_or_right: 1,
          pic_url: 'homecms/2016/201604/20160427/_cms_1461738535.jpg',
          pid: 24596,
          seo_name: 'Sandals',
          url: '/Buy-Sandals-c618'
        },
        Object {
          category_icon: 'hot',
          category_level: 2,
          cmsType: 1,
          cmsTypeId: '2464',
          display_name: 'Loafers',
          display_style: 2,
          id: 24626,
          is_active: 1,
          is_displayCms: 1,
          is_displaySonCate: 1,
          is_display_red: 0,
          is_endColumn: 0,
          is_wordOrPic: 1,
          left_or_right: 1,
          pic_url: 'homecms/2016/201604/20160427/_cms_1461737782.jpg',
          pid: 24624,
          seo_name: 'Men\'s Loafers',
          url: '/Buy-Men-S-Loafers-c2464'
        },
        Object {
          category_icon: 'new',
          category_level: 2,
          cmsType: 1,
          cmsTypeId: '1357',
          display_name: 'Sneakers',
          display_style: 2,
          id: 24638,
          is_active: 1,
          is_displayCms: 1,
          is_displaySonCate: 1,
          is_display_red: 0,
          is_endColumn: 0,
          is_wordOrPic: 1,
          left_or_right: 1,
          pic_url: 'homecms/2016/201604/20160427/_cms_1461737789.jpg',
          pid: 24624,
          seo_name: 'Men\'s Sneakers',
          url: '/Buy-Men-S-Sneakers-c1357'
        },
        Object {
          category_icon: '',
          category_level: 3,
          cmsType: 1,
          cmsTypeId: '2370',
          display_name: 'Pointy Toe Heels',
          display_style: 2,
          id: 24650,
          is_active: 0,
          is_displayCms: 1,
          is_displaySonCate: 1,
          is_display_red: 0,
          is_endColumn: 0,
          is_wordOrPic: 1,
          left_or_right: 1,
          pic_url: 'homecms/2016/201604/20160427/_cms_1461737638.jpg',
          pid: 24598,
          seo_name: 'Pointy Toe Heels',
          url: '/Buy-Pointy-Toe-Heels-c2370'
        },
        Object {
          category_icon: '',
          category_level: 3,
          cmsType: 1,
          cmsTypeId: '627',
          display_name: 'Peep Toe',
          display_style: 2,
          id: 24652,
          is_active: 1,
          is_displayCms: 1,
          is_displaySonCate: 1,
          is_display_red: 0,
          is_endColumn: 0,
          is_wordOrPic: 1,
          left_or_right: 1,
          pic_url: 'homecms/2016/201604/20160428/_cms_1461807379.jpg',
          pid: 24598,
          seo_name: 'Peep Toes',
          url: '/Buy-Peep-Toes-c627'
        },
        Object {
          category_icon: 'new',
          category_level: 2,
          cmsType: 1,
          cmsTypeId: '9573',
          display_name: 'Custom high heels',
          display_style: 2,
          id: 938357,
          is_active: 1,
          is_displayCms: 1,
          is_displaySonCate: 1,
          is_display_red: 0,
          is_endColumn: 0,
          is_wordOrPic: 1,
          left_or_right: 1,
          pic_url: '',
          pid: 933848,
          seo_name: 'Custom high heels',
          url: '/Buy-Custom-High-Heels-c9573'
        },
        Object {
          category_icon: '',
          category_level: 3,
          cmsType: 1,
          cmsTypeId: '2360',
          display_name: 'High Heels',
          display_style: 2,
          id: 24654,
          is_active: 1,
          is_displayCms: 1,
          is_displaySonCate: 1,
          is_display_red: 0,
          is_endColumn: 0,
          is_wordOrPic: 1,
          left_or_right: 1,
          pic_url: 'homecms/2016/201604/20160427/_cms_1461737651.jpg',
          pid: 24598,
          seo_name: 'High Heels',
          url: '/Buy-High-Heels-c2360'
        },
        Object {
          category_icon: '',
          category_level: 3,
          cmsType: 1,
          cmsTypeId: '2372',
          display_name: 'Platform Pumps',
          display_style: 2,
          id: 24658,
          is_active: 1,
          is_displayCms: 1,
          is_displaySonCate: 1,
          is_display_red: 0,
          is_endColumn: 0,
          is_wordOrPic: 1,
          left_or_right: 1,
          pic_url: 'homecms/2016/201604/20160427/_cms_1461737679.jpg',
          pid: 24598,
          seo_name: 'Platform Pumps',
          url: '/Buy-Platform-Pumps-c2372'
        },
        Object {
          category_icon: 'hot',
          category_level: 2,
          cmsType: 1,
          cmsTypeId: '1698',
          display_name: 'Dance Shoes',
          display_style: 2,
          id: 933850,
          is_active: 1,
          is_displayCms: 1,
          is_displaySonCate: 1,
          is_display_red: 0,
          is_endColumn: 0,
          is_wordOrPic: 1,
          left_or_right: 1,
          pic_url: 'homecms/2016/201604/20160427/_cms_1461737724.jpg',
          pid: 933848,
          seo_name: 'Dance Shoes',
          url: '/Buy-Dance-Shoes-c1698'
        },
        Object {
          category_icon: '',
          category_level: 2,
          cmsType: 1,
          cmsTypeId: '544',
          display_name: 'Sexy Shoes',
          display_style: 2,
          id: 933854,
          is_active: 1,
          is_displayCms: 1,
          is_displaySonCate: 1,
          is_display_red: 0,
          is_endColumn: 0,
          is_wordOrPic: 1,
          left_or_right: 1,
          pic_url: 'homecms/2016/201604/20160427/_cms_1461737755.jpg',
          pid: 933848,
          seo_name: 'Sexy Shoes',
          url: '/Buy-Sexy-Shoes-c544'
        },
        Object {
          category_icon: '',
          category_level: 2,
          cmsType: 1,
          cmsTypeId: '3282',
          display_name: 'Evening shoes',
          display_style: 2,
          id: 933852,
          is_active: 1,
          is_displayCms: 1,
          is_displaySonCate: 1,
          is_display_red: 0,
          is_endColumn: 0,
          is_wordOrPic: 1,
          left_or_right: 1,
          pic_url: 'homecms/2016/201604/20160427/_cms_1461737736.jpg',
          pid: 933848,
          seo_name: 'Evening shoes',
          url: '/Buy-Evening-Shoes-c3282'
        }
      ],
      cmsType: 1,
      cmsTypeId: '1399',
      display_name: 'Shoes',
      display_style: 2,
      id: 24594,
      is_active: 1,
      is_displayCms: 1,
      is_displaySonCate: 1,
      is_display_red: 0,
      is_endColumn: 0,
      is_wordOrPic: 1,
      left_or_right: 1,
      pid: -1,
      position: 1746,
      seo_name: 'Shoes',
      top_key: 'Shoes',
      url: '/Buy-Shoes-c1399'
    },
    Object {
      category_level: 0,
      children: Array [
        Object {
          category_icon: 'hot',
          category_level: 2,
          cmsType: 1,
          cmsTypeId: '314',
          display_name: 'Catsuits &amp; Zentai',
          display_style: 2,
          id: 19496,
          is_active: 1,
          is_displayCms: 1,
          is_displaySonCate: 1,
          is_display_red: 0,
          is_endColumn: 0,
          is_wordOrPic: 1,
          left_or_right: 1,
          pic_url: 'homecms/2016/201605/20160506/_cms_1462519980.jpg',
          pid: 19480,
          seo_name: 'Catsuits &amp; Zentai',
          url: '/Buy-Catsuits-Zentai-c314'
        },
        Object {
          category_icon: '',
          category_level: 2,
          cmsType: 1,
          cmsTypeId: '9119',
          display_name: 'Sexy Lingerie',
          display_style: 2,
          id: 934385,
          is_active: 0,
          is_displayCms: 1,
          is_displaySonCate: 1,
          is_display_red: 0,
          is_endColumn: 0,
          is_wordOrPic: 1,
          left_or_right: 1,
          pic_url: '',
          pid: 19480,
          seo_name: 'Sexy Lingerie',
          url: '/Buy-Sexy-Lingerie-c9119'
        },
        Object {
          category_icon: 'hot',
          category_level: 2,
          cmsType: 1,
          cmsTypeId: '775',
          display_name: 'Lolita Footwear',
          display_style: 2,
          id: 20910,
          is_active: 1,
          is_displayCms: 1,
          is_displaySonCate: 1,
          is_display_red: 0,
          is_endColumn: 0,
          is_wordOrPic: 1,
          left_or_right: 1,
          pic_url: 'homecms/2016/201604/20160426/_cms_1461634406.jpg',
          pid: 20688,
          seo_name: 'Lolita Footwear',
          url: '/Buy-Lolita-Footwear-c775'
        },
        Object {
          category_icon: 'hot',
          category_level: 2,
          cmsType: 1,
          cmsTypeId: '396',
          display_name: 'Sexy  Costumes',
          display_style: 2,
          id: 19938,
          is_active: 1,
          is_displayCms: 1,
          is_displaySonCate: 1,
          is_display_red: 0,
          is_endColumn: 0,
          is_wordOrPic: 1,
          left_or_right: 1,
          pic_url: 'homecms/2016/201604/20160426/_cms_1461634441.jpg',
          pid: 19480,
          seo_name: 'Sexy  Costumes',
          url: '/Buy-Sexy-Costumes-c396'
        },
        Object {
          category_icon: 'hot',
          category_level: 2,
          cmsType: 1,
          cmsTypeId: '2812',
          display_name: 'Holidays Costumes',
          display_style: 2,
          id: 935913,
          is_active: 1,
          is_displayCms: 1,
          is_displaySonCate: 1,
          is_display_red: 0,
          is_endColumn: 0,
          is_wordOrPic: 1,
          left_or_right: 1,
          pic_url: 'homecms/2016/201604/20160426/_cms_1461634488.jpg',
          pid: 19480,
          seo_name: 'Holidays Costumes',
          url: '/Buy-Holidays-Costumes-c2812'
        },
        Object {
          category_icon: 'hot',
          category_level: 2,
          cmsType: 1,
          cmsTypeId: '1549',
          display_name: 'Dance Costumes',
          display_style: 2,
          id: 20320,
          is_active: 1,
          is_displayCms: 1,
          is_displaySonCate: 1,
          is_display_red: 0,
          is_endColumn: 0,
          is_wordOrPic: 1,
          left_or_right: 1,
          pic_url: 'homecms/2016/201604/20160426/_cms_1461634503.jpg',
          pid: 19480,
          seo_name: 'Dance Costumes',
          url: '/Buy-Dance-Costumes-c1549'
        },
        Object {
          category_icon: 'hot',
          category_level: 2,
          cmsType: 1,
          cmsTypeId: '2186',
          display_name: 'Anime Department',
          display_style: 2,
          id: 16414,
          is_active: 1,
          is_displayCms: 1,
          is_displaySonCate: 1,
          is_display_red: 1,
          is_endColumn: 0,
          is_wordOrPic: 1,
          left_or_right: 1,
          pic_url: 'homecms/2016/201606/20160628/_cms_1467079981.jpg',
          pid: 16398,
          seo_name: 'Anime Department',
          url: '/Buy-Anime-Department-c2186'
        },
        Object {
          category_icon: '',
          category_level: 2,
          cmsType: 1,
          cmsTypeId: '1543',
          display_name: 'Anime Merchandise',
          display_style: 2,
          id: 19038,
          is_active: 1,
          is_displayCms: 1,
          is_displaySonCate: 1,
          is_display_red: 0,
          is_endColumn: 0,
          is_wordOrPic: 1,
          left_or_right: 1,
          pic_url: 'homecms/2016/201606/20160628/_cms_1467080184.jpg',
          pid: 16398,
          seo_name: 'Anime Merchandise',
          url: '/Buy-Anime-Merchandise-c1543'
        },
        Object {
          category_icon: 'hot',
          category_level: 2,
          cmsType: 1,
          cmsTypeId: '301',
          display_name: 'Cosplay Wigs',
          display_style: 2,
          id: 18574,
          is_active: 1,
          is_displayCms: 1,
          is_displaySonCate: 1,
          is_display_red: 1,
          is_endColumn: 0,
          is_wordOrPic: 1,
          left_or_right: 1,
          pic_url: 'homecms/2016/201606/20160628/_cms_1467080708.jpg',
          pid: 16398,
          seo_name: 'Cosplay Wigs',
          url: '/Buy-Cosplay-Wigs-c301'
        },
        Object {
          category_icon: 'hot',
          category_level: 2,
          cmsType: 1,
          cmsTypeId: '635',
          display_name: 'Lolita Dresses',
          display_style: 2,
          id: 20704,
          is_active: 1,
          is_displayCms: 1,
          is_displaySonCate: 1,
          is_display_red: 0,
          is_endColumn: 0,
          is_wordOrPic: 1,
          left_or_right: 1,
          pic_url: 'homecms/2016/201604/20160426/_cms_1461634384.jpg',
          pid: 20688,
          seo_name: 'Lolita Dresses',
          url: '/Buy-Lolita-Dresses-c635'
        },
        Object {
          category_icon: '',
          category_level: 2,
          cmsType: 1,
          cmsTypeId: '1006',
          display_name: 'Lolita Outfits',
          display_style: 2,
          id: 20974,
          is_active: 1,
          is_displayCms: 1,
          is_displaySonCate: 1,
          is_display_red: 0,
          is_endColumn: 0,
          is_wordOrPic: 1,
          left_or_right: 1,
          pic_url: 'homecms/2016/201604/20160426/_cms_1461634602.jpg',
          pid: 20688,
          seo_name: 'Lolita Outfits',
          url: '/Buy-Lolita-Outfits-c1006'
        }
      ],
      cmsType: 1,
      cmsTypeId: '8709',
      display_name: 'Costumes',
      display_style: 2,
      id: 16382,
      is_active: 1,
      is_displayCms: 1,
      is_displaySonCate: 1,
      is_display_red: 0,
      is_endColumn: 0,
      is_wordOrPic: 1,
      left_or_right: 1,
      pid: -1,
      position: 1742,
      seo_name: 'Costumes',
      top_key: 'hobbies',
      url: '/Buy-Costume-c8709'
    }
  ],
  msg: '操作成功'
} to equal Object {
  code: '0',
  list: Array [
    Object {
      category_level: 0,
      children: Array [
        Object {
          category_icon: '',
          category_level: 1,
          cmsType: 1,
          cmsTypeId: '1324',
          display_name: 'Dresses',
          display_style: 0,
          id: 26720,
          is_active: 1,
          is_displayCms: 1,
          is_displaySonCate: 1,
          is_display_red: 1,
          is_endColumn: 0,
          is_wordOrPic: 1,
          left_or_right: 1,
          pic_url: 'homecms/2016/201606/20160627/_cms_1466999100.jpg',
          pid: 25118,
          seo_name: 'Women\'s Dresses',
          url: '/Buy-Women-S-Dresses-c1324'
        },
        Object {
          category_icon: '',
          category_level: 1,
          cmsType: 1,
          cmsTypeId: '921',
          display_name: 'Clubwear',
          display_style: 0,
          id: 938747,
          is_active: 1,
          is_displayCms: 1,
          is_displaySonCate: 1,
          is_display_red: 1,
          is_endColumn: 0,
          is_wordOrPic: 1,
          left_or_right: 1,
          pic_url: 'homecms/2016/201606/20160627/_cms_1466999166.jpg',
          pid: 25118,
          seo_name: 'Clubwear',
          url: '/Buy-Clubwear-c921'
        },
        Object {
          category_icon: '',
          category_level: 1,
          cmsType: 1,
          cmsTypeId: '1140',
          display_name: 'Lingerie',
          display_style: 0,
          id: 934001,
          is_active: 1,
          is_displayCms: 1,
          is_displaySonCate: 1,
          is_display_red: 1,
          is_endColumn: 0,
          is_wordOrPic: 1,
          left_or_right: 1,
          pic_url: 'homecms/2016/201604/20160427/_cms_1461734763.jpg',
          pid: 25118,
          seo_name: 'Lingerie',
          url: '/Buy-Lingerie-c1140'
        },
        Object {
          category_icon: '',
          category_level: 1,
          cmsType: 1,
          cmsTypeId: '603',
          display_name: 'Swimsuits &amp; Cover-Ups',
          display_style: 0,
          id: 938735,
          is_active: 1,
          is_displayCms: 1,
          is_displaySonCate: 1,
          is_display_red: 1,
          is_endColumn: 1,
          is_wordOrPic: 1,
          left_or_right: 1,
          pic_url: 'homecms/2016/201606/20160627/_cms_1466999196.jpg',
          pid: 25118,
          seo_name: 'Swimsuits',
          url: '/Buy-Swimsuits-c603'
        },
        Object {
          category_icon: '',
          category_level: 1,
          cmsType: 1,
          cmsTypeId: '1333',
          display_name: 'Jumpsuits &amp; Rompers',
          display_style: 0,
          id: 938751,
          is_active: 1,
          is_displayCms: 1,
          is_displaySonCate: 1,
          is_display_red: 0,
          is_endColumn: 0,
          is_wordOrPic: 1,
          left_or_right: 1,
          pic_url: 'homecms/2016/201606/20160627/_cms_1466999177.jpg',
          pid: 25118,
          seo_name: 'Jumpsuits &amp; Rompers',
          url: '/Buy-Jumpsuits-Rompers-c1333'
        },
        Object {
          category_icon: '',
          category_level: 1,
          cmsType: 1,
          cmsTypeId: '542',
          display_name: 'Tops',
          display_style: 0,
          id: 938761,
          is_active: 1,
          is_displayCms: 1,
          is_displaySonCate: 1,
          is_display_red: 0,
          is_endColumn: 0,
          is_wordOrPic: 1,
          left_or_right: 1,
          pic_url: 'homecms/2016/201606/20160627/_cms_1466999312.jpg',
          pid: 25118,
          seo_name: 'Tops',
          url: '/Buy-Tops-c542'
        },
        Object {
          category_icon: '',
          category_level: 2,
          cmsType: 1,
          cmsTypeId: '540',
          display_name: 'Skirts',
          display_style: 2,
          id: 938775,
          is_active: 1,
          is_displayCms: 0,
          is_displaySonCate: 1,
          is_display_red: 0,
          is_endColumn: 0,
          is_wordOrPic: 1,
          left_or_right: 1,
          pic_url: 'homecms/2016/201606/20160627/_cms_1466991986.jpg',
          pid: 938773,
          seo_name: 'Skirts',
          url: '/Buy-Skirts-c540'
        },
        Object {
          category_icon: '',
          category_level: 1,
          cmsType: 1,
          cmsTypeId: '538',
          display_name: 'Outerwear',
          display_style: 0,
          id: 938793,
          is_active: 1,
          is_displayCms: 1,
          is_displaySonCate: 1,
          is_display_red: 1,
          is_endColumn: 0,
          is_wordOrPic: 1,
          left_or_right: 1,
          pic_url: 'homecms/2016/201606/20160627/_cms_1466999300.jpg',
          pid: 25118,
          seo_name: 'Outerwear',
          url: '/Buy-Outerwear-c538'
        },
        Object {
          category_icon: 'hot',
          category_level: 2,
          cmsType: 1,
          cmsTypeId: '8772',
          display_name: 'Wigs',
          display_style: 2,
          id: 937205,
          is_active: 1,
          is_displayCms: 1,
          is_displaySonCate: 1,
          is_display_red: 0,
          is_endColumn: 0,
          is_wordOrPic: 1,
          left_or_right: 1,
          pic_url: 'homecms/2016/201604/20160427/_cms_1461734799.jpg',
          pid: 937197,
          seo_name: 'Fashion Wigs',
          url: '/Buy-Women-S-Wigs-c8772'
        },
        Object {
          category_icon: '',
          category_level: 2,
          cmsType: 1,
          cmsTypeId: '1282',
          display_name: 'Makeup',
          display_style: 2,
          id: 937199,
          is_active: 1,
          is_displayCms: 1,
          is_displaySonCate: 1,
          is_display_red: 0,
          is_endColumn: 0,
          is_wordOrPic: 1,
          left_or_right: 1,
          pic_url: 'homecms/2015/201510/20151027/_cms_1445939552.jpg',
          pid: 937197,
          seo_name: 'Makeup',
          url: '/Buy-Makeup-c1282'
        }
      ],
      cmsType: 6,
      cmsTypeId: '',
      display_name: 'Women',
      display_style: 2,
      id: 25118,
      is_active: 1,
      is_displayCms: 1,
      is_displaySonCate: 1,
      is_display_red: 0,
      is_endColumn: 0,
      is_wordOrPic: 1,
      left_or_right: 1,
      pid: -1,
      position: 1738,
      seo_name: 'women',
      top_key: 'women',
      url: '/women-home/'
    },
    Object {
      category_level: 0,
      children: Array [
        Object {
          category_icon: '',
          category_level: 2,
          cmsType: 1,
          cmsTypeId: '1122',
          display_name: 'Ties',
          display_style: 2,
          id: 933126,
          is_active: 1,
          is_displayCms: 1,
          is_displaySonCate: 1,
          is_display_red: 0,
          is_endColumn: 0,
          is_wordOrPic: 1,
          left_or_right: 1,
          pic_url: '',
          pid: 25278,
          seo_name: 'Men\'s Ties',
          url: '/Buy-Men-S-Ties-c1122'
        },
        Object {
          category_icon: '',
          category_level: 2,
          cmsType: 1,
          cmsTypeId: '2422',
          display_name: 'Cufflinks',
          display_style: 2,
          id: 933128,
          is_active: 0,
          is_displayCms: 1,
          is_displaySonCate: 1,
          is_display_red: 0,
          is_endColumn: 0,
          is_wordOrPic: 1,
          left_or_right: 1,
          pic_url: '',
          pid: 25278,
          seo_name: 'Cufflinks',
          url: '/Buy-Cufflinks-c2422'
        },
        Object {
          category_icon: 'new',
          category_level: 2,
          cmsType: 1,
          cmsTypeId: '1495',
          display_name: 'Jewelry',
          display_style: 2,
          id: 25320,
          is_active: 1,
          is_displayCms: 1,
          is_displaySonCate: 1,
          is_display_red: 0,
          is_endColumn: 0,
          is_wordOrPic: 1,
          left_or_right: 1,
          pic_url: '',
          pid: 25278,
          seo_name: 'Men Jewelry',
          url: '/Buy-Men-Jewelry-c1495'
        },
        Object {
          category_icon: '',
          category_level: 2,
          cmsType: 1,
          cmsTypeId: '1157',
          display_name: 'Polo Shirts',
          display_style: 2,
          id: 933800,
          is_active: 1,
          is_displayCms: 1,
          is_displaySonCate: 1,
          is_display_red: 0,
          is_endColumn: 0,
          is_wordOrPic: 1,
          left_or_right: 1,
          pic_url: 'homecms/2016/201604/20160427/_cms_1461734858.jpg',
          pid: 933778,
          seo_name: 'Polo Shirts',
          url: '/Buy-Polo-Shirts-c1157'
        },
        Object {
          category_icon: 'hot',
          category_level: 2,
          cmsType: 1,
          cmsTypeId: '1156',
          display_name: 'Shirts',
          display_style: 2,
          id: 933802,
          is_active: 1,
          is_displayCms: 1,
          is_displaySonCate: 1,
          is_display_red: 0,
          is_endColumn: 0,
          is_wordOrPic: 1,
          left_or_right: 1,
          pic_url: 'homecms/2016/201604/20160427/_cms_1461734944.jpg',
          pid: 933778,
          seo_name: 'Men\'s Shirts',
          url: '/Buy-Men-S-Shirts-c1156'
        },
        Object {
          category_icon: '',
          category_level: 2,
          cmsType: 1,
          cmsTypeId: '1169',
          display_name: 'Blazers',
          display_style: 2,
          id: 933846,
          is_active: 1,
          is_displayCms: 1,
          is_displaySonCate: 1,
          is_display_red: 0,
          is_endColumn: 0,
          is_wordOrPic: 1,
          left_or_right: 1,
          pic_url: 'homecms/2016/201604/20160427/_cms_1461734909.jpg',
          pid: 933778,
          seo_name: 'Blazers &amp; Sportcoats',
          url: '/Buy-Blazers-Sportcoats-c1169'
        },
        Object {
          category_icon: 'hot',
          category_level: 2,
          cmsType: 1,
          cmsTypeId: '1163',
          display_name: 'Hoodies &amp; Sweatshirts',
          display_style: 2,
          id: 933792,
          is_active: 1,
          is_displayCms: 1,
          is_displaySonCate: 1,
          is_display_red: 0,
          is_endColumn: 0,
          is_wordOrPic: 1,
          left_or_right: 1,
          pic_url: 'homecms/2016/201604/20160427/_cms_1461734845.jpg',
          pid: 933778,
          seo_name: 'Men\'s Hoodies &amp; Sweatshirts',
          url: '/Buy-Men-S-Hoodies-Sweatshirts-c1163'
        },
        Object {
          category_icon: '',
          category_level: 2,
          cmsType: 1,
          cmsTypeId: '1167',
          display_name: 'Jeans',
          display_style: 2,
          id: 933832,
          is_active: 1,
          is_displayCms: 1,
          is_displaySonCate: 1,
          is_display_red: 0,
          is_endColumn: 0,
          is_wordOrPic: 1,
          left_or_right: 1,
          pic_url: 'homecms/2016/201604/20160427/_cms_1461734921.jpg',
          pid: 933778,
          seo_name: 'Men\'s Jeans',
          url: '/Buy-Men-S-Jeans-c1167'
        },
        Object {
          category_icon: '',
          category_level: 2,
          cmsType: 1,
          cmsTypeId: '1714',
          display_name: 'Leather &amp; Faux Leather Jackets',
          display_style: 2,
          id: 936895,
          is_active: 1,
          is_displayCms: 1,
          is_displaySonCate: 1,
          is_display_red: 0,
          is_endColumn: 0,
          is_wordOrPic: 1,
          left_or_right: 1,
          pic_url: 'homecms/2016/201604/20160427/_cms_1461734895.jpg',
          pid: 933778,
          seo_name: 'Men\'s Leather and Faux Leather Jackets',
          url: '/Buy-Men-S-Leather-Jackets-c1714'
        },
        Object {
          category_icon: '',
          category_level: 2,
          cmsType: 1,
          cmsTypeId: '1445',
          display_name: 'Pants',
          display_style: 2,
          id: 933820,
          is_active: 1,
          is_displayCms: 1,
          is_displaySonCate: 1,
          is_display_red: 0,
          is_endColumn: 0,
          is_wordOrPic: 1,
          left_or_right: 1,
          pic_url: 'homecms/2016/201602/20160202/_cms_1454401645.jpg',
          pid: 933778,
          seo_name: 'Men\'s Pants',
          url: '/Buy-Men-S-Pants-c1445'
        },
        Object {
          category_icon: '',
          category_level: 2,
          cmsType: 1,
          cmsTypeId: '1175',
          display_name: 'Caps/Hats',
          display_style: 2,
          id: 933132,
          is_active: 1,
          is_displayCms: 1,
          is_displaySonCate: 1,
          is_display_red: 0,
          is_endColumn: 0,
          is_wordOrPic: 1,
          left_or_right: 1,
          pic_url: '',
          pid: 25278,
          seo_name: 'Men\'s Caps/Hats',
          url: '/Buy-Men-S-Caps-Hats-c1175'
        },
        Object {
          category_icon: '',
          category_level: 2,
          cmsType: 1,
          cmsTypeId: '8766',
          display_name: 'Glasses',
          display_style: 2,
          id: 933901,
          is_active: 1,
          is_displayCms: 1,
          is_displaySonCate: 1,
          is_display_red: 0,
          is_endColumn: 0,
          is_wordOrPic: 1,
          left_or_right: 1,
          pic_url: '',
          pid: 25278,
          seo_name: 'Men\'s Glasses',
          url: '/Buy-Men-S-Glasses-c8766'
        },
        Object {
          category_icon: '',
          category_level: 2,
          cmsType: 1,
          cmsTypeId: '1178',
          display_name: 'Scarves &amp; Wraps',
          display_style: 2,
          id: 933134,
          is_active: 1,
          is_displayCms: 1,
          is_displaySonCate: 1,
          is_display_red: 0,
          is_endColumn: 0,
          is_wordOrPic: 1,
          left_or_right: 1,
          pic_url: '',
          pid: 25278,
          seo_name: 'Men\'s Scarves &amp; Wraps',
          url: '/Buy-Men-S-Scarves-Wraps-c1178'
        },
        Object {
          category_icon: 'new',
          category_level: 2,
          cmsType: 1,
          cmsTypeId: '1501',
          display_name: 'Men Gloves',
          display_style: 2,
          id: 933136,
          is_active: 1,
          is_displayCms: 1,
          is_displaySonCate: 1,
          is_display_red: 0,
          is_endColumn: 0,
          is_wordOrPic: 1,
          left_or_right: 1,
          pic_url: '',
          pid: 25278,
          seo_name: 'Men Gloves',
          url: '/Buy-Men-Gloves-c1501'
        },
        Object {
          category_icon: '',
          category_level: 3,
          cmsType: 1,
          cmsTypeId: '1162',
          display_name: 'Jackets',
          display_style: 2,
          id: 933782,
          is_active: 1,
          is_displayCms: 1,
          is_displaySonCate: 1,
          is_display_red: 0,
          is_endColumn: 0,
          is_wordOrPic: 1,
          left_or_right: 1,
          pic_url: 'homecms/2016/201604/20160427/_cms_1461735513.jpg',
          pid: 933780,
          seo_name: 'Men\'s Jackets',
          url: '/Buy-Men-S-Jackets-c1162'
        },
        Object {
          category_icon: '',
          category_level: 3,
          cmsType: 1,
          cmsTypeId: '1165',
          display_name: 'Coats',
          display_style: 2,
          id: 933784,
          is_active: 1,
          is_displayCms: 1,
          is_displaySonCate: 1,
          is_display_red: 0,
          is_endColumn: 0,
          is_wordOrPic: 1,
          left_or_right: 1,
          pic_url: 'homecms/2016/201604/20160427/_cms_1461735503.jpg',
          pid: 933780,
          seo_name: 'Men\'s Coats',
          url: '/Buy-Men-S-Coats-c1165'
        },
        Object {
          category_icon: '',
          category_level: 2,
          cmsType: 1,
          cmsTypeId: '8770',
          display_name: 'Men\'s Wigs',
          display_style: 2,
          id: 936613,
          is_active: 1,
          is_displayCms: 1,
          is_displaySonCate: 1,
          is_display_red: 0,
          is_endColumn: 0,
          is_wordOrPic: 1,
          left_or_right: 1,
          pic_url: '',
          pid: 25278,
          seo_name: 'Men\'s Wigs',
          url: '/Buy-Men-S-Wigs-c8770'
        },
        Object {
          category_icon: 'hot',
          category_level: 2,
          cmsType: 1,
          cmsTypeId: '1710',
          display_name: 'T-Shirts &amp; Tanks',
          display_style: 2,
          id: 933808,
          is_active: 1,
          is_displayCms: 1,
          is_displaySonCate: 1,
          is_display_red: 0,
          is_endColumn: 0,
          is_wordOrPic: 1,
          left_or_right: 1,
          pic_url: 'homecms/2016/201604/20160427/_cms_1461734885.jpg',
          pid: 933778,
          seo_name: 'T-Shirts &amp; Tanks',
          url: '/Buy-T-Shirts-Tanks-c1710'
        }
      ],
      cmsType: 6,
      cmsTypeId: '',
      display_name: 'Men',
      display_style: 2,
      id: 24578,
      is_active: 1,
      is_displayCms: 1,
      is_displaySonCate: 1,
      is_display_red: 0,
      is_endColumn: 0,
      is_wordOrPic: 1,
      left_or_right: 1,
      pid: -1,
      position: 1744,
      seo_name: 'Men',
      top_key: 'men',
      url: '/men-home/'
    },
    Object {
      category_level: 0,
      children: Array [
        Object {
          category_icon: '',
          category_level: 2,
          cmsType: 2,
          cmsTypeId: 'Beach-Wedding-Dresses',
          display_name: 'Beach',
          display_style: 2,
          id: 933388,
          is_active: 1,
          is_displayCms: 1,
          is_displaySonCate: 1,
          is_display_red: 0,
          is_endColumn: 0,
          is_wordOrPic: 1,
          left_or_right: 1,
          pic_url: '',
          pid: 933346,
          seo_name: 'Beach Wedding Dresses',
          url: '/gs/Beach-Wedding-Dresses'
        },
        Object {
          category_icon: '',
          category_level: 1,
          cmsType: 1,
          cmsTypeId: '392',
          display_name: 'Wedding Dresses',
          display_style: 0,
          id: 933346,
          is_active: 1,
          is_displayCms: 1,
          is_displaySonCate: 1,
          is_display_red: 1,
          is_endColumn: 0,
          is_wordOrPic: 1,
          left_or_right: 1,
          pic_url: 'homecms/2016/201604/20160421/_cms_1461228851.jpg',
          pid: 24814,
          seo_name: 'Wedding Dresses',
          url: '/Buy-Wedding-Dresses-c392'
        },
        Object {
          category_icon: '',
          category_level: 1,
          cmsType: 1,
          cmsTypeId: '782',
          display_name: 'Wedding Accessories',
          display_style: 0,
          id: 933366,
          is_active: 1,
          is_displayCms: 1,
          is_displaySonCate: 1,
          is_display_red: 1,
          is_endColumn: 1,
          is_wordOrPic: 1,
          left_or_right: 1,
          pic_url: 'homecms/2016/201601/20160119/_cms_1453172187.jpg',
          pid: 24814,
          seo_name: 'Wedding Accessories',
          url: '/Buy-Wedding-Accessories-c782'
        },
        Object {
          category_icon: '',
          category_level: 1,
          cmsType: 1,
          cmsTypeId: '2520',
          display_name: 'Wedding Reception',
          display_style: 0,
          id: 933364,
          is_active: 1,
          is_displayCms: 1,
          is_displaySonCate: 1,
          is_display_red: 0,
          is_endColumn: 0,
          is_wordOrPic: 1,
          left_or_right: 1,
          pic_url: 'homecms/2016/201601/20160119/_cms_1453172201.jpg',
          pid: 24814,
          seo_name: 'Wedding Reception',
          url: '/Buy-Wedding-Reception-c2520'
        },
        Object {
          category_icon: '',
          category_level: 1,
          cmsType: 1,
          cmsTypeId: '829',
          display_name: 'Wedding Party Dresses',
          display_style: 0,
          id: 933352,
          is_active: 1,
          is_displayCms: 1,
          is_displaySonCate: 1,
          is_display_red: 1,
          is_endColumn: 0,
          is_wordOrPic: 1,
          left_or_right: 1,
          pic_url: '',
          pid: 24814,
          seo_name: 'Wedding Party Dresses',
          url: '/Buy-Wedding-Party-Dresses-c829'
        },
        Object {
          category_icon: 'hot',
          category_level: 2,
          cmsType: 1,
          cmsTypeId: '393',
          display_name: 'Bridesmaid',
          display_style: 2,
          id: 933472,
          is_active: 1,
          is_displayCms: 1,
          is_displaySonCate: 1,
          is_display_red: 0,
          is_endColumn: 0,
          is_wordOrPic: 1,
          left_or_right: 1,
          pic_url: 'homecms/2016/201604/20160421/_cms_1461228860.jpg',
          pid: 933352,
          seo_name: 'Bridesmaid Dresses',
          url: '/Buy-Bridesmaid-Dresses-c393'
        },
        Object {
          category_icon: 'hot',
          category_level: 2,
          cmsType: 1,
          cmsTypeId: '633',
          display_name: 'Mother of the Bride',
          display_style: 2,
          id: 933476,
          is_active: 1,
          is_displayCms: 1,
          is_displaySonCate: 1,
          is_display_red: 0,
          is_endColumn: 0,
          is_wordOrPic: 1,
          left_or_right: 1,
          pic_url: 'homecms/2016/201604/20160421/_cms_1461228879.jpg',
          pid: 933352,
          seo_name: 'Mother of the Bride Dresses',
          url: '/Buy-Mother-Of-The-Bride-Dresses-c633'
        },
        Object {
          category_icon: '',
          category_level: 2,
          cmsType: 1,
          cmsTypeId: '562',
          display_name: 'Flower Girl',
          display_style: 2,
          id: 933474,
          is_active: 1,
          is_displayCms: 1,
          is_displaySonCate: 1,
          is_display_red: 0,
          is_endColumn: 0,
          is_wordOrPic: 1,
          left_or_right: 1,
          pic_url: 'homecms/2016/201604/20160421/_cms_1461228869.jpg',
          pid: 933352,
          seo_name: 'Flower Girl Dresses',
          url: '/Buy-Flower-Girl-Dresses-c562'
        },
        Object {
          category_icon: '',
          category_level: 2,
          cmsType: 6,
          cmsTypeId: '',
          display_name: 'Milanoo Exclusive',
          display_style: 0,
          id: 933606,
          is_active: 1,
          is_displayCms: 1,
          is_displaySonCate: 1,
          is_display_red: 0,
          is_endColumn: 0,
          is_wordOrPic: 1,
          left_or_right: 2,
          pic_url: 'homecms/2016/201604/20160421/_cms_1461229912.jpg',
          pid: 933604,
          seo_name: 'Milanoo Exclusive',
          url: '/nf/gs/Milanoo-Exclusive-Designer-Collection'
        },
        Object {
          category_icon: 'hot',
          category_level: 2,
          cmsType: 1,
          cmsTypeId: '574',
          display_name: 'Evening Dresses',
          display_style: 2,
          id: 934541,
          is_active: 0,
          is_displayCms: 1,
          is_displaySonCate: 1,
          is_display_red: 0,
          is_endColumn: 0,
          is_wordOrPic: 1,
          left_or_right: 1,
          pic_url: 'homecms/2016/201604/20160421/_cms_1461228906.jpg',
          pid: 934539,
          seo_name: 'Evening Dresses',
          url: '/Buy-Evening-Dresses-c574'
        },
        Object {
          category_icon: '',
          category_level: 2,
          cmsType: 1,
          cmsTypeId: '565',
          display_name: 'Cocktail Dresses',
          display_style: 2,
          id: 934545,
          is_active: 0,
          is_displayCms: 1,
          is_displaySonCate: 1,
          is_display_red: 0,
          is_endColumn: 0,
          is_wordOrPic: 1,
          left_or_right: 1,
          pic_url: 'homecms/2016/201604/20160421/_cms_1461228922.jpg',
          pid: 934539,
          seo_name: 'Cocktail Dresses',
          url: '/Buy-Cocktail-Dresses-c565'
        },
        Object {
          category_icon: 'hot',
          category_level: 2,
          cmsType: 1,
          cmsTypeId: '394',
          display_name: 'Prom Dresses',
          display_style: 2,
          id: 934547,
          is_active: 0,
          is_displayCms: 1,
          is_displaySonCate: 1,
          is_display_red: 0,
          is_endColumn: 0,
          is_wordOrPic: 1,
          left_or_right: 1,
          pic_url: 'homecms/2016/201604/20160421/_cms_1461228936.jpg',
          pid: 934539,
          seo_name: 'Prom Dresses',
          url: '/Buy-Prom-Dresses-c394'
        }
      ],
      cmsType: 1,
      cmsTypeId: '391',
      display_name: 'Wedding',
      display_style: 2,
      id: 24814,
      is_active: 1,
      is_displayCms: 1,
      is_displaySonCate: 1,
      is_display_red: 0,
      is_endColumn: 0,
      is_wordOrPic: 1,
      left_or_right: 1,
      pid: -1,
      position: 1740,
      seo_name: 'Wedding',
      top_key: 'wedding',
      url: '/Buy-Wedding-c391'
    },
    Object {
      category_level: 0,
      children: Array [
        Object {
          category_icon: '',
          category_level: 1,
          cmsType: 2,
          cmsTypeId: 'Shoe-New-in',
          display_name: 'New in',
          display_style: 0,
          id: 935923,
          is_active: 1,
          is_displayCms: 1,
          is_displaySonCate: 0,
          is_display_red: 0,
          is_endColumn: 0,
          is_wordOrPic: 1,
          left_or_right: 2,
          pic_url: '',
          pid: 24594,
          seo_name: '',
          url: '/gs/Shoe-New-in'
        },
        Object {
          category_icon: 'hot',
          category_level: 2,
          cmsType: 1,
          cmsTypeId: '618',
          display_name: 'Sandals',
          display_style: 2,
          id: 24606,
          is_active: 1,
          is_displayCms: 1,
          is_displaySonCate: 1,
          is_display_red: 0,
          is_endColumn: 0,
          is_wordOrPic: 1,
          left_or_right: 1,
          pic_url: 'homecms/2016/201604/20160427/_cms_1461738535.jpg',
          pid: 24596,
          seo_name: 'Sandals',
          url: '/Buy-Sandals-c618'
        },
        Object {
          category_icon: 'hot',
          category_level: 2,
          cmsType: 1,
          cmsTypeId: '2464',
          display_name: 'Loafers',
          display_style: 2,
          id: 24626,
          is_active: 1,
          is_displayCms: 1,
          is_displaySonCate: 1,
          is_display_red: 0,
          is_endColumn: 0,
          is_wordOrPic: 1,
          left_or_right: 1,
          pic_url: 'homecms/2016/201604/20160427/_cms_1461737782.jpg',
          pid: 24624,
          seo_name: 'Men\'s Loafers',
          url: '/Buy-Men-S-Loafers-c2464'
        },
        Object {
          category_icon: 'new',
          category_level: 2,
          cmsType: 1,
          cmsTypeId: '1357',
          display_name: 'Sneakers',
          display_style: 2,
          id: 24638,
          is_active: 1,
          is_displayCms: 1,
          is_displaySonCate: 1,
          is_display_red: 0,
          is_endColumn: 0,
          is_wordOrPic: 1,
          left_or_right: 1,
          pic_url: 'homecms/2016/201604/20160427/_cms_1461737789.jpg',
          pid: 24624,
          seo_name: 'Men\'s Sneakers',
          url: '/Buy-Men-S-Sneakers-c1357'
        },
        Object {
          category_icon: '',
          category_level: 3,
          cmsType: 1,
          cmsTypeId: '2370',
          display_name: 'Pointy Toe Heels',
          display_style: 2,
          id: 24650,
          is_active: 0,
          is_displayCms: 1,
          is_displaySonCate: 1,
          is_display_red: 0,
          is_endColumn: 0,
          is_wordOrPic: 1,
          left_or_right: 1,
          pic_url: 'homecms/2016/201604/20160427/_cms_1461737638.jpg',
          pid: 24598,
          seo_name: 'Pointy Toe Heels',
          url: '/Buy-Pointy-Toe-Heels-c2370'
        },
        Object {
          category_icon: '',
          category_level: 3,
          cmsType: 1,
          cmsTypeId: '627',
          display_name: 'Peep Toe',
          display_style: 2,
          id: 24652,
          is_active: 1,
          is_displayCms: 1,
          is_displaySonCate: 1,
          is_display_red: 0,
          is_endColumn: 0,
          is_wordOrPic: 1,
          left_or_right: 1,
          pic_url: 'homecms/2016/201604/20160428/_cms_1461807379.jpg',
          pid: 24598,
          seo_name: 'Peep Toes',
          url: '/Buy-Peep-Toes-c627'
        },
        Object {
          category_icon: 'new',
          category_level: 2,
          cmsType: 1,
          cmsTypeId: '9573',
          display_name: 'Custom high heels',
          display_style: 2,
          id: 938357,
          is_active: 1,
          is_displayCms: 1,
          is_displaySonCate: 1,
          is_display_red: 0,
          is_endColumn: 0,
          is_wordOrPic: 1,
          left_or_right: 1,
          pic_url: '',
          pid: 933848,
          seo_name: 'Custom high heels',
          url: '/Buy-Custom-High-Heels-c9573'
        },
        Object {
          category_icon: '',
          category_level: 3,
          cmsType: 1,
          cmsTypeId: '2360',
          display_name: 'High Heels',
          display_style: 2,
          id: 24654,
          is_active: 1,
          is_displayCms: 1,
          is_displaySonCate: 1,
          is_display_red: 0,
          is_endColumn: 0,
          is_wordOrPic: 1,
          left_or_right: 1,
          pic_url: 'homecms/2016/201604/20160427/_cms_1461737651.jpg',
          pid: 24598,
          seo_name: 'High Heels',
          url: '/Buy-High-Heels-c2360'
        },
        Object {
          category_icon: '',
          category_level: 3,
          cmsType: 1,
          cmsTypeId: '2372',
          display_name: 'Platform Pumps',
          display_style: 2,
          id: 24658,
          is_active: 1,
          is_displayCms: 1,
          is_displaySonCate: 1,
          is_display_red: 0,
          is_endColumn: 0,
          is_wordOrPic: 1,
          left_or_right: 1,
          pic_url: 'homecms/2016/201604/20160427/_cms_1461737679.jpg',
          pid: 24598,
          seo_name: 'Platform Pumps',
          url: '/Buy-Platform-Pumps-c2372'
        },
        Object {
          category_icon: 'hot',
          category_level: 2,
          cmsType: 1,
          cmsTypeId: '1698',
          display_name: 'Dance Shoes',
          display_style: 2,
          id: 933850,
          is_active: 1,
          is_displayCms: 1,
          is_displaySonCate: 1,
          is_display_red: 0,
          is_endColumn: 0,
          is_wordOrPic: 1,
          left_or_right: 1,
          pic_url: 'homecms/2016/201604/20160427/_cms_1461737724.jpg',
          pid: 933848,
          seo_name: 'Dance Shoes',
          url: '/Buy-Dance-Shoes-c1698'
        },
        Object {
          category_icon: '',
          category_level: 2,
          cmsType: 1,
          cmsTypeId: '544',
          display_name: 'Sexy Shoes',
          display_style: 2,
          id: 933854,
          is_active: 1,
          is_displayCms: 1,
          is_displaySonCate: 1,
          is_display_red: 0,
          is_endColumn: 0,
          is_wordOrPic: 1,
          left_or_right: 1,
          pic_url: 'homecms/2016/201604/20160427/_cms_1461737755.jpg',
          pid: 933848,
          seo_name: 'Sexy Shoes',
          url: '/Buy-Sexy-Shoes-c544'
        },
        Object {
          category_icon: '',
          category_level: 2,
          cmsType: 1,
          cmsTypeId: '3282',
          display_name: 'Evening shoes',
          display_style: 2,
          id: 933852,
          is_active: 1,
          is_displayCms: 1,
          is_displaySonCate: 1,
          is_display_red: 0,
          is_endColumn: 0,
          is_wordOrPic: 1,
          left_or_right: 1,
          pic_url: 'homecms/2016/201604/20160427/_cms_1461737736.jpg',
          pid: 933848,
          seo_name: 'Evening shoes',
          url: '/Buy-Evening-Shoes-c3282'
        }
      ],
      cmsType: 1,
      cmsTypeId: '1399',
      display_name: 'Shoes',
      display_style: 2,
      id: 24594,
      is_active: 1,
      is_displayCms: 1,
      is_displaySonCate: 1,
      is_display_red: 0,
      is_endColumn: 0,
      is_wordOrPic: 1,
      left_or_right: 1,
      pid: -1,
      position: 1746,
      seo_name: 'Shoes',
      top_key: 'Shoes',
      url: '/Buy-Shoes-c1399'
    },
    Object {
      category_level: 0,
      children: Array [
        Object {
          category_icon: 'hot',
          category_level: 2,
          cmsType: 1,
          cmsTypeId: '314',
          display_name: 'Catsuits &amp; Zentai',
          display_style: 2,
          id: 19496,
          is_active: 1,
          is_displayCms: 1,
          is_displaySonCate: 1,
          is_display_red: 0,
          is_endColumn: 0,
          is_wordOrPic: 1,
          left_or_right: 1,
          pic_url: 'homecms/2016/201605/20160506/_cms_1462519980.jpg',
          pid: 19480,
          seo_name: 'Catsuits &amp; Zentai',
          url: '/Buy-Catsuits-Zentai-c314'
        },
        Object {
          category_icon: '',
          category_level: 2,
          cmsType: 1,
          cmsTypeId: '9119',
          display_name: 'Sexy Lingerie',
          display_style: 2,
          id: 934385,
          is_active: 0,
          is_displayCms: 1,
          is_displaySonCate: 1,
          is_display_red: 0,
          is_endColumn: 0,
          is_wordOrPic: 1,
          left_or_right: 1,
          pic_url: '',
          pid: 19480,
          seo_name: 'Sexy Lingerie',
          url: '/Buy-Sexy-Lingerie-c9119'
        },
        Object {
          category_icon: 'hot',
          category_level: 2,
          cmsType: 1,
          cmsTypeId: '775',
          display_name: 'Lolita Footwear',
          display_style: 2,
          id: 20910,
          is_active: 1,
          is_displayCms: 1,
          is_displaySonCate: 1,
          is_display_red: 0,
          is_endColumn: 0,
          is_wordOrPic: 1,
          left_or_right: 1,
          pic_url: 'homecms/2016/201604/20160426/_cms_1461634406.jpg',
          pid: 20688,
          seo_name: 'Lolita Footwear',
          url: '/Buy-Lolita-Footwear-c775'
        },
        Object {
          category_icon: 'hot',
          category_level: 2,
          cmsType: 1,
          cmsTypeId: '396',
          display_name: 'Sexy  Costumes',
          display_style: 2,
          id: 19938,
          is_active: 1,
          is_displayCms: 1,
          is_displaySonCate: 1,
          is_display_red: 0,
          is_endColumn: 0,
          is_wordOrPic: 1,
          left_or_right: 1,
          pic_url: 'homecms/2016/201604/20160426/_cms_1461634441.jpg',
          pid: 19480,
          seo_name: 'Sexy  Costumes',
          url: '/Buy-Sexy-Costumes-c396'
        },
        Object {
          category_icon: 'hot',
          category_level: 2,
          cmsType: 1,
          cmsTypeId: '2812',
          display_name: 'Holidays Costumes',
          display_style: 2,
          id: 935913,
          is_active: 1,
          is_displayCms: 1,
          is_displaySonCate: 1,
          is_display_red: 0,
          is_endColumn: 0,
          is_wordOrPic: 1,
          left_or_right: 1,
          pic_url: 'homecms/2016/201604/20160426/_cms_1461634488.jpg',
          pid: 19480,
          seo_name: 'Holidays Costumes',
          url: '/Buy-Holidays-Costumes-c2812'
        },
        Object {
          category_icon: 'hot',
          category_level: 2,
          cmsType: 1,
          cmsTypeId: '1549',
          display_name: 'Dance Costumes',
          display_style: 2,
          id: 20320,
          is_active: 1,
          is_displayCms: 1,
          is_displaySonCate: 1,
          is_display_red: 0,
          is_endColumn: 0,
          is_wordOrPic: 1,
          left_or_right: 1,
          pic_url: 'homecms/2016/201604/20160426/_cms_1461634503.jpg',
          pid: 19480,
          seo_name: 'Dance Costumes',
          url: '/Buy-Dance-Costumes-c1549'
        },
        Object {
          category_icon: 'hot',
          category_level: 2,
          cmsType: 1,
          cmsTypeId: '2186',
          display_name: 'Anime Department',
          display_style: 2,
          id: 16414,
          is_active: 1,
          is_displayCms: 1,
          is_displaySonCate: 1,
          is_display_red: 1,
          is_endColumn: 0,
          is_wordOrPic: 1,
          left_or_right: 1,
          pic_url: 'homecms/2016/201606/20160628/_cms_1467079981.jpg',
          pid: 16398,
          seo_name: 'Anime Department',
          url: '/Buy-Anime-Department-c2186'
        },
        Object {
          category_icon: '',
          category_level: 2,
          cmsType: 1,
          cmsTypeId: '1543',
          display_name: 'Anime Merchandise',
          display_style: 2,
          id: 19038,
          is_active: 1,
          is_displayCms: 1,
          is_displaySonCate: 1,
          is_display_red: 0,
          is_endColumn: 0,
          is_wordOrPic: 1,
          left_or_right: 1,
          pic_url: 'homecms/2016/201606/20160628/_cms_1467080184.jpg',
          pid: 16398,
          seo_name: 'Anime Merchandise',
          url: '/Buy-Anime-Merchandise-c1543'
        },
        Object {
          category_icon: 'hot',
          category_level: 2,
          cmsType: 1,
          cmsTypeId: '301',
          display_name: 'Cosplay Wigs',
          display_style: 2,
          id: 18574,
          is_active: 1,
          is_displayCms: 1,
          is_displaySonCate: 1,
          is_display_red: 1,
          is_endColumn: 0,
          is_wordOrPic: 1,
          left_or_right: 1,
          pic_url: 'homecms/2016/201606/20160628/_cms_1467080708.jpg',
          pid: 16398,
          seo_name: 'Cosplay Wigs',
          url: '/Buy-Cosplay-Wigs-c301'
        },
        Object {
          category_icon: 'hot',
          category_level: 2,
          cmsType: 1,
          cmsTypeId: '635',
          display_name: 'Lolita Dresses',
          display_style: 2,
          id: 20704,
          is_active: 1,
          is_displayCms: 1,
          is_displaySonCate: 1,
          is_display_red: 0,
          is_endColumn: 0,
          is_wordOrPic: 1,
          left_or_right: 1,
          pic_url: 'homecms/2016/201604/20160426/_cms_1461634384.jpg',
          pid: 20688,
          seo_name: 'Lolita Dresses',
          url: '/Buy-Lolita-Dresses-c635'
        },
        Object {
          category_icon: '',
          category_level: 2,
          cmsType: 1,
          cmsTypeId: '1006',
          display_name: 'Lolita Outfits',
          display_style: 2,
          id: 20974,
          is_active: 1,
          is_displayCms: 1,
          is_displaySonCate: 1,
          is_display_red: 0,
          is_endColumn: 0,
          is_wordOrPic: 1,
          left_or_right: 1,
          pic_url: 'homecms/2016/201604/20160426/_cms_1461634602.jpg',
          pid: 20688,
          seo_name: 'Lolita Outfits',
          url: '/Buy-Lolita-Outfits-c1006'
        }
      ],
      cmsType: 1,
      cmsTypeId: '8709',
      display_name: 'Costumes',
      display_style: 2,
      id: 16382,
      is_active: 1,
      is_displayCms: 1,
      is_displaySonCate: 1,
      is_display_red: 0,
      is_endColumn: 0,
      is_wordOrPic: 1,
      left_or_right: 1,
      pid: -1,
      position: 1742,
      seo_name: 'Costumes',
      top_key: 'hobbies',
      url: '/Buy-Costume-c8709'
    }
  ],
  msg: '操成功'
} (at msg, A has '操作成功' and B has '操成功')
AssertionError: expected Object {
  code: '0',
  list: Array [
    Object {
      category_level: 0,
      children: Array [
        Object {
          category_icon: 'new',
          category_level: 1,
          cmsType: 1,
          cmsTypeId: '1621',
          display_name: 'Plus Size Clothing',
          display_style: 0,
[...]
          category_level: 2,
          cmsType: 1,
          cmsTypeId: '562',
          display_name: 'Flower Girl',
          display_style: 2,
          id: 933474,
          is_active: 1,
          is_displayCms: 1,
          is_displaySonCate: 1,
          is_display_red: 0,
          is_endColumn: 0,
          is_wordOrPic: 1,
          left_or_right: 1,
          pic_url: 'homecms/2016/201604/20160421/_cms_1461228869.jpg',
          pid: 933352,
          seo_name: 'Flower Girl Dresses',
          url: '/Buy-Flower-Girl-Dresses-c562'
        },
        Object {
          category_icon: '',
          category_level: 2,
          cmsType: 6,
          cmsTypeId: '',
          display_name: 'Milanoo Exclusive',
          display_style: 0,
          id: 933606,
          is_active: 1,
          is_displayCms: 1,
          is_displaySonCate: 1,
          is_display_red: 0,
          is_endColumn: 0,
          is_wordOrPic: 1,
          left_or_right: 2,
          pic_url: 'homecms/2016/201604/20160421/_cms_1461229912.jpg',
          pid: 933604,
          seo_name: 'Milanoo Exclusive',
          url: '/nf/gs/Milanoo-Exclusive-Designer-Collection'
        },
        Object {
          category_icon: 'hot',
          category_level: 2,
          cmsType: 1,
          cmsTypeId: '574',
          display_name: 'Evening Dresses',
          display_style: 2,
          id: 934541,
          is_active: 0,
          is_displayCms: 1,
          is_displaySonCate: 1,
          is_display_red: 0,
          is_endColumn: 0,
          is_wordOrPic: 1,
          left_or_right: 1,
          pic_url: 'homecms/2016/201604/20160421/_cms_1461228906.jpg',
          pid: 934539,
          seo_name: 'Evening Dresses',
          url: '/Buy-Evening-Dresses-c574'
        },
        Object {
          category_icon: '',
          category_level: 2,
          cmsType: 1,
          cmsTypeId: '565',
          display_name: 'Cocktail Dresses',
          display_style: 2,
          id: 934545,
          is_active: 0,
          is_displayCms: 1,
          is_displaySonCate: 1,
          is_display_red: 0,
          is_endColumn: 0,
          is_wordOrPic: 1,
          left_or_right: 1,
          pic_url: 'homecms/2016/201604/20160421/_cms_1461228922.jpg',
          pid: 934539,
          seo_name: 'Cocktail Dresses',
          url: '/Buy-Cocktail-Dresses-c565'
        },
        Object {
          category_icon: 'hot',
          category_level: 2,
          cmsType: 1,
          cmsTypeId: '394',
          display_name: 'Prom Dresses',
          display_style: 2,
          id: 934547,
          is_active: 0,
          is_displayCms: 1,
          is_displaySonCate: 1,
          is_display_red: 0,
          is_endColumn: 0,
          is_wordOrPic: 1,
          left_or_right: 1,
          pic_url: 'homecms/2016/201604/20160421/_cms_1461228936.jpg',
          pid: 934539,
          seo_name: 'Prom Dresses',
          url: '/Buy-Prom-Dresses-c394'
        }
      ],
      cmsType: 1,
      cmsTypeId: '391',
      display_name: 'Wedding',
      display_style: 2,
      id: 24814,
      is_active: 1,
      is_displayCms: 1,
      is_displaySonCate: 1,
      is_display_red: 0,
      is_endColumn: 0,
      is_wordOrPic: 1,
      left_or_right: 1,
      pid: -1,
      position: 1740,
      seo_name: 'Wedding',
      top_key: 'wedding',
      url: '/Buy-Wedding-c391'
    },
    Object {
      category_level: 0,
      children: Array [
        Object {
          category_icon: '',
          category_level: 1,
          cmsType: 2,
          cmsTypeId: 'Shoe-New-in',
          display_name: 'New in',
          display_style: 0,
          id: 935923,
          is_active: 1,
          is_displayCms: 1,
          is_displaySonCate: 0,
          is_display_red: 0,
          is_endColumn: 0,
          is_wordOrPic: 1,
          left_or_right: 2,
          pic_url: '',
          pid: 24594,
          seo_name: '',
          url: '/gs/Shoe-New-in'
        },
        Object {
          category_icon: 'hot',
          category_level: 2,
          cmsType: 1,
          cmsTypeId: '618',
          display_name: 'Sandals',
          display_style: 2,
          id: 24606,
          is_active: 1,
          is_displayCms: 1,
          is_displaySonCate: 1,
          is_display_red: 0,
          is_endColumn: 0,
          is_wordOrPic: 1,
          left_or_right: 1,
          pic_url: 'homecms/2016/201604/20160427/_cms_1461738535.jpg',
          pid: 24596,
          seo_name: 'Sandals',
          url: '/Buy-Sandals-c618'
        },
        Object {
          category_icon: 'hot',
          category_level: 2,
          cmsType: 1,
          cmsTypeId: '2464',
          display_name: 'Loafers',
          display_style: 2,
          id: 24626,
          is_active: 1,
          is_displayCms: 1,
          is_displaySonCate: 1,
          is_display_red: 0,
          is_endColumn: 0,
          is_wordOrPic: 1,
          left_or_right: 1,
          pic_url: 'homecms/2016/201604/20160427/_cms_1461737782.jpg',
          pid: 24624,
          seo_name: 'Men\'s Loafers',
          url: '/Buy-Men-S-Loafers-c2464'
        },
        Object {
          category_icon: 'new',
          category_level: 2,
          cmsType: 1,
          cmsTypeId: '1357',
          display_name: 'Sneakers',
          display_style: 2,
          id: 24638,
          is_active: 1,
          is_displayCms: 1,
          is_displaySonCate: 1,
          is_display_red: 0,
          is_endColumn: 0,
          is_wordOrPic: 1,
          left_or_right: 1,
          pic_url: 'homecms/2016/201604/20160427/_cms_1461737789.jpg',
          pid: 24624,
          seo_name: 'Men\'s Sneakers',
          url: '/Buy-Men-S-Sneakers-c1357'
        },
        Object {
          category_icon: '',
          category_level: 3,
          cmsType: 1,
          cmsTypeId: '2370',
          display_name: 'Pointy Toe Heels',
          display_style: 2,
          id: 24650,
          is_active: 0,
          is_displayCms: 1,
          is_displaySonCate: 1,
          is_display_red: 0,
          is_endColumn: 0,
          is_wordOrPic: 1,
          left_or_right: 1,
          pic_url: 'homecms/2016/201604/20160427/_cms_1461737638.jpg',
          pid: 24598,
          seo_name: 'Pointy Toe Heels',
          url: '/Buy-Pointy-Toe-Heels-c2370'
        },
        Object {
          category_icon: '',
          category_level: 3,
          cmsType: 1,
          cmsTypeId: '627',
          display_name: 'Peep Toe',
          display_style: 2,
          id: 24652,
          is_active: 1,
          is_displayCms: 1,
          is_displaySonCate: 1,
          is_display_red: 0,
          is_endColumn: 0,
          is_wordOrPic: 1,
          left_or_right: 1,
          pic_url: 'homecms/2016/201604/20160428/_cms_1461807379.jpg',
          pid: 24598,
          seo_name: 'Peep Toes',
          url: '/Buy-Peep-Toes-c627'
        },
        Object {
          category_icon: 'new',
          category_level: 2,
          cmsType: 1,
          cmsTypeId: '9573',
          display_name: 'Custom high heels',
          display_style: 2,
          id: 938357,
          is_active: 1,
          is_displayCms: 1,
          is_displaySonCate: 1,
          is_display_red: 0,
          is_endColumn: 0,
          is_wordOrPic: 1,
          left_or_right: 1,
          pic_url: '',
          pid: 933848,
          seo_name: 'Custom high heels',
          url: '/Buy-Custom-High-Heels-c9573'
        },
        Object {
          category_icon: '',
          category_level: 3,
          cmsType: 1,
          cmsTypeId: '2360',
          display_name: 'High Heels',
          display_style: 2,
          id: 24654,
          is_active: 1,
          is_displayCms: 1,
          is_displaySonCate: 1,
          is_display_red: 0,
          is_endColumn: 0,
          is_wordOrPic: 1,
          left_or_right: 1,
          pic_url: 'homecms/2016/201604/20160427/_cms_1461737651.jpg',
          pid: 24598,
          seo_name: 'High Heels',
          url: '/Buy-High-Heels-c2360'
        },
        Object {
          category_icon: '',
          category_level: 3,
          cmsType: 1,
          cmsTypeId: '2372',
          display_name: 'Platform Pumps',
          display_style: 2,
          id: 24658,
          is_active: 1,
          is_displayCms: 1,
          is_displaySonCate: 1,
          is_display_red: 0,
          is_endColumn: 0,
          is_wordOrPic: 1,
          left_or_right: 1,
          pic_url: 'homecms/2016/201604/20160427/_cms_1461737679.jpg',
          pid: 24598,
          seo_name: 'Platform Pumps',
          url: '/Buy-Platform-Pumps-c2372'
        },
        Object {
          category_icon: 'hot',
          category_level: 2,
          cmsType: 1,
          cmsTypeId: '1698',
          display_name: 'Dance Shoes',
          display_style: 2,
          id: 933850,
          is_active: 1,
          is_displayCms: 1,
          is_displaySonCate: 1,
          is_display_red: 0,
          is_endColumn: 0,
          is_wordOrPic: 1,
          left_or_right: 1,
          pic_url: 'homecms/2016/201604/20160427/_cms_1461737724.jpg',
          pid: 933848,
          seo_name: 'Dance Shoes',
          url: '/Buy-Dance-Shoes-c1698'
        },
        Object {
          category_icon: '',
          category_level: 2,
          cmsType: 1,
          cmsTypeId: '544',
          display_name: 'Sexy Shoes',
          display_style: 2,
          id: 933854,
          is_active: 1,
          is_displayCms: 1,
          is_displaySonCate: 1,
          is_display_red: 0,
          is_endColumn: 0,
          is_wordOrPic: 1,
          left_or_right: 1,
          pic_url: 'homecms/2016/201604/20160427/_cms_1461737755.jpg',
          pid: 933848,
          seo_name: 'Sexy Shoes',
          url: '/Buy-Sexy-Shoes-c544'
        },
        Object {
          category_icon: '',
          category_level: 2,
          cmsType: 1,
          cmsTypeId: '3282',
          display_name: 'Evening shoes',
          display_style: 2,
          id: 933852,
          is_active: 1,
          is_displayCms: 1,
          is_displaySonCate: 1,
          is_display_red: 0,
          is_endColumn: 0,
          is_wordOrPic: 1,
          left_or_right: 1,
          pic_url: 'homecms/2016/201604/20160427/_cms_1461737736.jpg',
          pid: 933848,
          seo_name: 'Evening shoes',
          url: '/Buy-Evening-Shoes-c3282'
        }
      ],
      cmsType: 1,
      cmsTypeId: '1399',
      display_name: 'Shoes',
      display_style: 2,
      id: 24594,
      is_active: 1,
      is_displayCms: 1,
      is_displaySonCate: 1,
      is_display_red: 0,
      is_endColumn: 0,
      is_wordOrPic: 1,
      left_or_right: 1,
      pid: -1,
      position: 1746,
      seo_name: 'Shoes',
      top_key: 'Shoes',
      url: '/Buy-Shoes-c1399'
    },
    Object {
      category_level: 0,
      children: Array [
        Object {
          category_icon: 'hot',
          category_level: 2,
          cmsType: 1,
          cmsTypeId: '314',
          display_name: 'Catsuits &amp; Zentai',
          display_style: 2,
          id: 19496,
          is_active: 1,
          is_displayCms: 1,
          is_displaySonCate: 1,
          is_display_red: 0,
          is_endColumn: 0,
          is_wordOrPic: 1,
          left_or_right: 1,
          pic_url: 'homecms/2016/201605/20160506/_cms_1462519980.jpg',
          pid: 19480,
          seo_name: 'Catsuits &amp; Zentai',
          url: '/Buy-Catsuits-Zentai-c314'
        },
        Object {
          category_icon: '',
          category_level: 2,
          cmsType: 1,
          cmsTypeId: '9119',
          display_name: 'Sexy Lingerie',
          display_style: 2,
          id: 934385,
          is_active: 0,
          is_displayCms: 1,
          is_displaySonCate: 1,
          is_display_red: 0,
          is_endColumn: 0,
          is_wordOrPic: 1,
          left_or_right: 1,
          pic_url: '',
          pid: 19480,
          seo_name: 'Sexy Lingerie',
          url: '/Buy-Sexy-Lingerie-c9119'
        },
        Object {
          category_icon: 'hot',
          category_level: 2,
          cmsType: 1,
          cmsTypeId: '775',
          display_name: 'Lolita Footwear',
          display_style: 2,
          id: 20910,
          is_active: 1,
          is_displayCms: 1,
          is_displaySonCate: 1,
          is_display_red: 0,
          is_endColumn: 0,
          is_wordOrPic: 1,
          left_or_right: 1,
          pic_url: 'homecms/2016/201604/20160426/_cms_1461634406.jpg',
          pid: 20688,
          seo_name: 'Lolita Footwear',
          url: '/Buy-Lolita-Footwear-c775'
        },
        Object {
          category_icon: 'hot',
          category_level: 2,
          cmsType: 1,
          cmsTypeId: '396',
          display_name: 'Sexy  Costumes',
          display_style: 2,
          id: 19938,
          is_active: 1,
          is_displayCms: 1,
          is_displaySonCate: 1,
          is_display_red: 0,
          is_endColumn: 0,
          is_wordOrPic: 1,
          left_or_right: 1,
          pic_url: 'homecms/2016/201604/20160426/_cms_1461634441.jpg',
          pid: 19480,
          seo_name: 'Sexy  Costumes',
          url: '/Buy-Sexy-Costumes-c396'
        },
        Object {
          category_icon: 'hot',
          category_level: 2,
          cmsType: 1,
          cmsTypeId: '2812',
          display_name: 'Holidays Costumes',
          display_style: 2,
          id: 935913,
          is_active: 1,
          is_displayCms: 1,
          is_displaySonCate: 1,
          is_display_red: 0,
          is_endColumn: 0,
          is_wordOrPic: 1,
          left_or_right: 1,
          pic_url: 'homecms/2016/201604/20160426/_cms_1461634488.jpg',
          pid: 19480,
          seo_name: 'Holidays Costumes',
          url: '/Buy-Holidays-Costumes-c2812'
        },
        Object {
          category_icon: 'hot',
          category_level: 2,
          cmsType: 1,
          cmsTypeId: '1549',
          display_name: 'Dance Costumes',
          display_style: 2,
          id: 20320,
          is_active: 1,
          is_displayCms: 1,
          is_displaySonCate: 1,
          is_display_red: 0,
          is_endColumn: 0,
          is_wordOrPic: 1,
          left_or_right: 1,
          pic_url: 'homecms/2016/201604/20160426/_cms_1461634503.jpg',
          pid: 19480,
          seo_name: 'Dance Costumes',
          url: '/Buy-Dance-Costumes-c1549'
        },
        Object {
          category_icon: 'hot',
          category_level: 2,
          cmsType: 1,
          cmsTypeId: '2186',
          display_name: 'Anime Department',
          display_style: 2,
          id: 16414,
          is_active: 1,
          is_displayCms: 1,
          is_displaySonCate: 1,
          is_display_red: 1,
          is_endColumn: 0,
          is_wordOrPic: 1,
          left_or_right: 1,
          pic_url: 'homecms/2016/201606/20160628/_cms_1467079981.jpg',
          pid: 16398,
          seo_name: 'Anime Department',
          url: '/Buy-Anime-Department-c2186'
        },
        Object {
          category_icon: '',
          category_level: 2,
          cmsType: 1,
          cmsTypeId: '1543',
          display_name: 'Anime Merchandise',
          display_style: 2,
          id: 19038,
          is_active: 1,
          is_displayCms: 1,
          is_displaySonCate: 1,
          is_display_red: 0,
          is_endColumn: 0,
          is_wordOrPic: 1,
          left_or_right: 1,
          pic_url: 'homecms/2016/201606/20160628/_cms_1467080184.jpg',
          pid: 16398,
          seo_name: 'Anime Merchandise',
          url: '/Buy-Anime-Merchandise-c1543'
        },
        Object {
          category_icon: 'hot',
          category_level: 2,
          cmsType: 1,
          cmsTypeId: '301',
          display_name: 'Cosplay Wigs',
          display_style: 2,
          id: 18574,
          is_active: 1,
          is_displayCms: 1,
          is_displaySonCate: 1,
          is_display_red: 1,
          is_endColumn: 0,
          is_wordOrPic: 1,
          left_or_right: 1,
          pic_url: 'homecms/2016/201606/20160628/_cms_1467080708.jpg',
          pid: 16398,
          seo_name: 'Cosplay Wigs',
          url: '/Buy-Cosplay-Wigs-c301'
        },
        Object {
          category_icon: 'hot',
          category_level: 2,
          cmsType: 1,
          cmsTypeId: '635',
          display_name: 'Lolita Dresses',
          display_style: 2,
          id: 20704,
          is_active: 1,
          is_displayCms: 1,
          is_displaySonCate: 1,
          is_display_red: 0,
          is_endColumn: 0,
          is_wordOrPic: 1,
          left_or_right: 1,
          pic_url: 'homecms/2016/201604/20160426/_cms_1461634384.jpg',
          pid: 20688,
          seo_name: 'Lolita Dresses',
          url: '/Buy-Lolita-Dresses-c635'
        },
        Object {
          category_icon: '',
          category_level: 2,
          cmsType: 1,
          cmsTypeId: '1006',
          display_name: 'Lolita Outfits',
          display_style: 2,
          id: 20974,
          is_active: 1,
          is_displayCms: 1,
          is_displaySonCate: 1,
          is_display_red: 0,
          is_endColumn: 0,
          is_wordOrPic: 1,
          left_or_right: 1,
          pic_url: 'homecms/2016/201604/20160426/_cms_1461634602.jpg',
          pid: 20688,
          seo_name: 'Lolita Outfits',
          url: '/Buy-Lolita-Outfits-c1006'
        }
      ],
      cmsType: 1,
      cmsTypeId: '8709',
      display_name: 'Costumes',
      display_style: 2,
      id: 16382,
      is_active: 1,
      is_displayCms: 1,
      is_displaySonCate: 1,
      is_display_red: 0,
      is_endColumn: 0,
      is_wordOrPic: 1,
      left_or_right: 1,
      pid: -1,
      position: 1742,
      seo_name: 'Costumes',
      top_key: 'hobbies',
      url: '/Buy-Costume-c8709'
    }
  ],
  msg: '操成功'
} (at msg, A has '操作成功' and B has '操成功')
    at Assertion.fail (E:\apitesting\node_modules\should\cjs\should.js:326:17)
    at Assertion.Object.defineProperty.value (E:\apitesting\node_modules\should\cjs\should.js:398:19)
    at Test.&lt;anonymous&gt; (E:\apitesting\app\cms\category\getFloorCategory.js:1383:33)
    at Test.assert (E:\apitesting\node_modules\supertest\lib\test.js:156:6)
    at assert (E:\apitesting\node_modules\supertest\lib\test.js:127:12)
    at E:\apitesting\node_modules\supertest\lib\test.js:124:5
    at Test.Request.callback (E:\apitesting\node_modules\supertest\node_modules\superagent\lib\node\index.js:691:12)
    at Stream.&lt;anonymous&gt; (E:\apitesting\node_modules\supertest\node_modules\superagent\lib\node\index.js:922:12)
    at Unzip.&lt;anonymous&gt; (E:\apitesting\node_modules\supertest\node_modules\superagent\lib\node\utils.js:108:12)
    at endReadableNT (_stream_readable.js:913:12)</failure></testcase>
<testcase classname="用户综合信息" name="查询Q&amp;A,RMA数量以及礼券等数量" time="0.122"/>
<testcase classname="邀请朋友礼券" name="获取邀请朋友的礼券信息" time="0.127"/>
<testcase classname="获取订单" name="根据用户ID获取订单" time="0.157"/>
<testcase classname="首页推荐" name="基于用户推荐" time="0.154"/>
<testcase classname="获取浏览记录" name="获取500天的浏览记录" time="0.127"/>
<testcase classname="新商品" name="查询新到商品" time="0.129"/>
<testcase classname="查询商品" name="根据id查询商品" time="0.118"/>
<testcase classname="列表页及搜索接口" name="根据id搜索单个商品" time="0.157"/>
<testcase classname="闪购接口" name="获取闪购商品" time="0.138"/>
<testcase classname="地址薄" name="根据用户id获取地址薄信息" time="0.117"/>
<testcase classname="获取用户信息" name="常规验证" time="0.115"/>
<testcase classname="获取用户特权信息" name="初级用户特权" time="0.132"/>
<testcase classname="登录" name="普通用户登录" time="0.142"/>
<testcase classname="购物车-老" name="普通用户加入购物车" time="0.131"/>
<testcase classname="购物车-新" name="普通用户加入购物车" time="0.124"/>
<testcase classname="购物车信息" name="获取购物车信息" time="0.337"/>
<testcase classname="迷你购物车" name="普通用户获取迷你购物车信息" time="0.205"/>
<testcase classname="Wish List的获取" name="常规验证" time="0.126"/>
</testsuite>
