<testsuite name="Mocha Tests" tests="19" failures="0" errors="0" skipped="0" timestamp="Tue, 19 Jul 2016 06:46:23 GMT" time="2.747">
<testcase classname="楼层" name="获取首页楼层" time="0.151"/>
<testcase classname="用户综合信息" name="查询Q&amp;A,RMA数量以及礼券等数量" time="0.125"/>
<testcase classname="邀请朋友礼券" name="获取邀请朋友的礼券信息" time="0.114"/>
<testcase classname="获取订单" name="根据用户ID获取订单" time="0.18"/>
<testcase classname="首页推荐" name="基于用户推荐" time="0.115"/>
<testcase classname="获取浏览记录" name="获取500天的浏览记录" time="0.133"/>
<testcase classname="新商品" name="查询新到商品" time="0.136"/>
<testcase classname="查询商品" name="根据id查询商品" time="0.129"/>
<testcase classname="列表页及搜索接口" name="根据id搜索单个商品" time="0.146"/>
<testcase classname="闪购接口" name="获取闪购商品" time="0.116"/>
<testcase classname="地址薄" name="根据用户id获取地址薄信息" time="0.114"/>
<testcase classname="获取用户信息" name="常规验证" time="0.113"/>
<testcase classname="获取用户特权信息" name="初级用户特权" time="0.13"/>
<testcase classname="登录" name="普通用户登录" time="0.111"/>
<testcase classname="购物车-老" name="普通用户加入购物车" time="0.144"/>
<testcase classname="购物车-新" name="普通用户加入购物车" time="0.114"/>
<testcase classname="购物车信息" name="获取购物车信息" time="0.369"/>
<testcase classname="迷你购物车" name="普通用户获取迷你购物车信息" time="0.178"/>
<testcase classname="Wish List的获取" name="常规验证" time="0.123"/>
</testsuite>
