<testsuite name="Mocha Tests" tests="14" failures="0" errors="0" skipped="0" timestamp="Mon, 18 Jul 2016 09:05:36 GMT" time="1.678">
<testcase classname="邀请朋友礼券" name="获取邀请朋友的礼券信息" time="0.115"/>
<testcase classname="获取订单" name="根据用户ID获取订单" time="0.173"/>
<testcase classname="首页推荐" name="基于用户推荐" time="0.138"/>
<testcase classname="获取浏览记录" name="获取500天的浏览记录" time="0.116"/>
<testcase classname="新商品" name="查询新到商品" time="0.119"/>
<testcase classname="查询商品" name="根据id查询商品" time="0.078"/>
<testcase classname="列表页及搜索接口" name="根据id搜索单个商品" time="0.128"/>
<testcase classname="闪购接口" name="获取闪购商品" time="0.11"/>
<testcase classname="获取用户信息" name="常规验证" time="0.125"/>
<testcase classname="登录" name="普通用户登录" time="0.103"/>
<testcase classname="购物车-老" name="普通用户加入购物车" time="0.113"/>
<testcase classname="购物车-新" name="普通用户加入购物车" time="0.108"/>
<testcase classname="迷你购物车" name="普通用户获取迷你购物车信息" time="0.164"/>
<testcase classname="Wish List的获取" name="常规验证" time="0.079"/>
</testsuite>
