<testsuite name="Mocha Tests" tests="16" failures="1" errors="1" skipped="0" timestamp="Tue, 19 Jul 2016 01:57:43 GMT" time="2.29">
<testcase classname="楼层" name="获取首页楼层" time="0.146"/>
<testcase classname="邀请朋友礼券" name="获取邀请朋友的礼券信息" time="0.092"/>
<testcase classname="获取订单" name="根据用户ID获取订单" time="0.194"/>
<testcase classname="首页推荐" name="基于用户推荐" time="0.118"/>
<testcase classname="获取浏览记录" name="获取500天的浏览记录" time="0.089"/>
<testcase classname="新商品" name="查询新到商品" time="0.122"/>
<testcase classname="查询商品" name="根据id查询商品" time="0.1"/>
<testcase classname="列表页及搜索接口" name="根据id搜索单个商品" time="0.159"/>
<testcase classname="闪购接口" name="获取闪购商品" time="0.125"/>
<testcase classname="获取用户信息" name="常规验证" time="0.116"/>
<testcase classname="登录" name="普通用户登录" time="0.117"/>
<testcase classname="购物车-老" name="普通用户加入购物车" time="0.103"/>
<testcase classname="购物车-新" name="普通用户加入购物车" time="0.127"/>
<testcase classname="购物车信息" name="获取购物车信息" time="0"><failure>expected Object {
  autoAddGiftFlag: 1,
  code: '0',
  giftInfo: Object {
    cartTotalPrice: 149.95,
    giftList: Array [
      Object {
        categoryIdList: Array [ 1333, 1161, 1324, 1163, 538 ],
        condition: 1,
        endTime: 1470988800,
        giftId: 1539,
        giftName: 'Gift',
        giftProductList: Array [
          Object {
            buyNum: 0,
            firstPictureUrl: 'tb2012/tb201204/tb20120426/BATCHXLS_c5d082b3-4179-4369-ab5e-1ff5862c000f_003.jpg',
            giftCheckedSign: false,
            giftPrice: 1,
            giftPriceRate: 1,
            isInCart: 0,
            limitNum: 1,
            maxStock: 2,
            oldlimitNum: 1,
            productId: 157678,
            productName: 'Multi-Color Printed Nylon Womens Leggings',
            productPrice: 1.9,
            status: 1,
            superpositionNum: 0
          },
          Object {
            buyNum: 0,
            firstPictureUrl: '20110617/Handsome-Blue-Bamboo-Cotton-Bamboo-Fiber-Denim-Mens-Short-Jeans-81633-1.jpg',
            giftCheckedSign: false,
            giftPrice: 1,
            giftPriceRate: 1,
            isInCart: 0,
            limitNum: 1,
            maxStock: 1,
            oldlimitNum: 1,
            productId: 81633,
            productName: 'Handsome Blue 98% Bamboo Cotton 2% Bamboo Fiber Denim Mens Short Jeans',
            productPrice: 20.99,
            status: 1,
            superpositionNum: 0
          },
          Object {
            buyNum: 0,
            firstPictureUrl: '201206/20120620/Comfortable-White-Printing-Round-Neck-Short-Sleeves-100-Cotton-Mens-T-Shirt-78538-5.jpg',
            giftCheckedSign: false,
            giftPrice: 1,
            giftPriceRate: 1,
            isInCart: 0,
            limitNum: 1,
            maxStock: 22,
            oldlimitNum: 1,
            productId: 78538,
            productName: 'Comfortable White Printing Round Neck Short Sleeves 100% Cotton Mens T-Shirt',
            productPrice: 7.99,
            status: 1,
            superpositionNum: 0
          },
          Object {
            buyNum: 0,
            firstPictureUrl: '201310/20131011/Casual-Blue-And-Red-100-Cotton-Mens-Long-Sleeves-Shirt-73491-682182.jpg',
            giftCheckedSign: false,
            giftPrice: 1,
            giftPriceRate: 1,
            isInCart: 0,
            limitNum: 1,
            maxStock: 40,
            oldlimitNum: 1,
            productId: 73491,
            productName: 'Casual Blue And Red 100% Cotton Mens Long Sleeves Shirt',
            productPrice: 6,
            status: 1,
            superpositionNum: 0
          }
        ],
        haveCategoryProducts: true,
        isOverlie: 0,
        isView: 0,
        logisticsFree: 1,
        lowestNum: 1,
        promontionType: 2,
        radio: 1,
        rangeLumpSum: 0,
        rate: 6.5761,
        superpositionNumTotal: 0,
        websiteId: 1
      },
      Object {
        categoryIdList: Array [ 1100, 1399, 535, 1155, 1281 ],
        condition: 0,
        endTime: 1469088000,
        giftId: 1523,
        giftName: 'Fashion Week Gift',
        giftProductList: Array [
          Object {
            buyNum: 0,
            firstPictureUrl: '201309/20130930/Unique-Fashion-White-One-Piece-Halter-Womens-Swimsuit-69471-5.jpg',
            giftCheckedSign: false,
            giftPrice: 0,
            giftPriceRate: 0,
            isInCart: 0,
            limitNum: 1,
            maxStock: 12,
            oldlimitNum: 1,
            productId: 69471,
            productName: 'Unique Fashion White One-Piece Halter Womens Swimsuit',
            productPrice: 2,
            status: 1,
            superpositionNum: 0
          },
          Object {
            buyNum: 0,
            firstPictureUrl: '201103/White-Classic-Casual-Round-Neck-Womens-T-shirt-59717-1.jpg',
            giftCheckedSign: false,
            giftPrice: 0,
            giftPriceRate: 0,
            isInCart: 0,
            limitNum: 1,
            maxStock: 6,
            oldlimitNum: 1,
            productId: 59717,
            productName: 'White Classic Casual Round Neck Womens T-shirt',
            productPrice: 2,
            status: 1,
            superpositionNum: 0
          },
          Object {
            buyNum: 0,
            firstPictureUrl: '2011/201107/2011-07-11-15_21_52_221_577.jpg',
            giftCheckedSign: false,
            giftPrice: 0,
            giftPriceRate: 0,
            isInCart: 0,
            limitNum: 1,
            maxStock: 29,
            oldlimitNum: 1,
            productId: 75939,
            productName: 'Cute Pink White Nylon Womens Bikini Swimsuit',
            productPrice: 2,
            status: 1,
            superpositionNum: 0
          },
          Object {
            buyNum: 0,
            firstPictureUrl: '2011/201107/2011-07-06-17_00_35_793_586.JPG',
            giftCheckedSign: false,
            giftPrice: 0,
            giftPriceRate: 0,
            isInCart: 0,
            limitNum: 1,
            maxStock: 16,
            oldlimitNum: 1,
            productId: 85794,
            productName: 'Green 60% Cotton 40% Terylene Short Sleeves Mens Polo Shirt ',
            productPrice: 4,
            status: 1,
            superpositionNum: 0
          },
          Object {
            buyNum: 0,
            firstPictureUrl: '2011/201107/2011-07-07-09_22_23_674_442.jpg',
            giftCheckedSign: false,
            giftPrice: 0,
            giftPriceRate: 0,
            isInCart: 0,
            limitNum: 1,
            maxStock: 52,
            oldlimitNum: 1,
            productId: 85962,
            productName: 'Short Sleeves Mens Polo Shirt ',
            productPrice: 4,
            status: 1,
            superpositionNum: 0
          }
        ],
        haveCategoryProducts: true,
        isOverlie: 0,
        isView: 0,
        logisticsFree: 1,
        lowestNum: 0,
        promontionType: 2,
        radio: 0,
        rangeLumpSum: 60,
        rate: 6.5761,
        superpositionNumTotal: 0,
        websiteId: 1
      }
    ]
  },
  msg: '操作成功',
  shoppingCart: Object {
    cartGiftPriceTotal: 0,
    cartPriceCouponTotal: 0,
    cartPriceDropshipTotal: 0,
    cartPriceMemberTotal: 0,
    cartPricePay: 154.94,
    cartPricePromotionTotal: 0,
    cartPriceTotal: 149.95,
    cartStockDay: 10,
    countryId: 1,
    couponInvalid: Array [],
    couponMember: Array [
      Object {
        against: 'Orders',
        autoUsed: 1,
        cartIds: Array [ 51151235 ],
        ceremonyId: 12939,
        countryIds: '',
        couponType: 2,
        currencyCode: 'USD',
        disDate2use: 15,
        disWay2use: 1,
        discountData: '15',
        discountDesc: '1.Both you and your invited friend could get a voucher of $15, available for any items.\r\n2.The voucher is available once your friend have their account registered.\r\n3.It’s up to you who could be invited   \r\n4.One order accepts single voucher only.',
        discountLang: 'en-uk',
        discountWay: '1',
        effective: 0,
        firstPay: 0,
        id: 1198677,
        libkey: '1643A8F6FF1B6F26',
        name: 'REFERFRIENDS',
        num: 1,
        num2use: 0,
        outOfDate: false,
        price2use: 0,
        priceDis: 0,
        promotionKey: '',
        rangeLumpSum: '59|-1',
        rangeStartTime: -1,
        rangeTime: -1,
        rangeType: 1,
        rate: 6.5761,
        shopSum: 1,
        status: 0,
        superposition: 0,
        websiteId: 1
      }
    ],
    deviceType: 5,
    fastDelivery: 1,
    freightCountList: Array [
      Object {
        discount: 0,
        expressRule: 'Expedited|0.5:108.35:0.5:42.44:3-5',
        expressType: 'Expedited',
        freightCouponSub: 0,
        freightOtherSub: 0,
        maxOrderPrice: -1,
        maxWeightFree: 1.8,
        maxWeightNotFree: 1.6,
        max_postTime: 5,
        min_postTime: 3,
        name: 'Expedited',
        order: '10',
        postTime: '3-5',
        priceAll: 48.74,
        priceBase: 0,
        priceFirst: 108.35,
        priceRegister: 0,
        priceSecond: 42.44,
        priceTotal: 48.74,
        priceTotal2: 48.74,
        state: 0,
        weightFirst: 0.5,
        weightSecond: 0.5
      },
      Object {
        discount: 0,
        expressRule: 'Standard|0.5:96.18:0.5:32.56:6-7',
        expressType: 'Standard',
        freightCouponSub: 0,
        freightOtherSub: 39.38,
        introduction: 'Generally use EMS or other courier sent, Mascot Costumes can only choose standard mode of transport.',
        maxOrderPrice: -1,
        maxWeightFree: 1.8,
        maxWeightNotFree: 1.6,
        max_postTime: 7,
        min_postTime: 6,
        name: 'Standard',
        order: '11',
        postTime: '6-7',
        priceAll: 39.38,
        priceBase: 0,
        priceFirst: 96.18,
        priceRegister: 0,
        priceSecond: 32.56,
        priceTotal: 0,
        priceTotal2: 0,
        state: 0,
        weightFirst: 0.5,
        weightSecond: 0.5
      }
    ],
    freightFreePromotion: 0,
    insurancePrice: 4.99,
    langCode: 'en-uk',
    langId: 2,
    maxStockingTime: 11,
    member: Object {
      changeType: 0,
      deviceType: 1,
      emailsDy: 0,
      gradeOid: 0,
      id: 3666009,
      snsMembersoftDeletes: 1,
      type: 'Personal',
      userPass: '78f010002c77054bfb6dd20ad8a04341',
      userTime: 1460341223,
      websiteId: 1
    },
    minCartStockDay: 0,
    minStockingTime: 0,
    noCouponFreightFree: Object {
      amountToUse: 0,
      cartIds: Array [ 51151235 ],
      categoryIds: Array [],
      discount: 0,
      id: 3221,
      ifUse: true,
      ignoreCategory: 0,
      priceMin: 109,
      rate: 6.5761,
      superposition: 1,
      type: 0
    },
    orderCouponSingle: 1,
    pricePoint: 2,
    priceUnit: 'USD',
    productNum: 5,
    promotionKey: 'SEM_1_en_gg_kw_c0_US_Milanoonewyear_160104',
    rate: 6.5761,
    rateTo: 6.5761,
    shoppingCartSorts: Array [
      Object {
        orderSort: Object {
          cartIds: Array [ 51151235 ],
          subjects: Array [
            Object {
              against: 'Orders',
              desc: '',
              discount: 0,
              id: 3221,
              ifUse: true,
              name: '',
              num2use: 0,
              price2use: 0,
              type: 3,
              way: 2
            }
          ]
        },
        warehouse: 1
      }
    ],
    websiteCarts: Array [
      Object {
        domainName: 'www.milanoo.com',
        empty: false,
        products: Array [
          Object {
            additional: '522507',
            additionalPrice: 28.49,
            allPropertyPrice: 0,
            allPropertyPriceRate: 0,
            argsPrice: 0,
            argsPriceRate: 0,
            buyNum: 5,
            cartId: 51151235,
            categoryCode: '000000132401029',
            categoryId: 1029,
            categoryName: 'Maxi Dresses',
            customPrice: 0,
            customPriceRate: 0,
            dataStatus: 0,
            fastDelivery: 1,
            firstPictureUrl: '201407/20140711/Colorful-Floral-Printed-Halter-Jersey-Maxi-Dress-179968-2324639.jpg',
            freightFree: 0,
            freightFreeCoupon: 1,
            freightFreeNoCoupon: 0,
            freightFreeSingle: 1,
            giftFreightFree: 0,
            giftPrice: 0,
            giftPriceRate: 0,
            gmtCreate: '2016-04-11',
            gmtModify: '2016-04-11',
            isAdditionalProduct: 0,
            isGift: 0,
            maxStockingTime: 11,
            minCartStockDay: 0,
            minStockingTime: 0,
            parcels: '0',
            payPrice: 29.99,
            payPriceRate: 29.99,
            productCode: '#10290179968',
            productId: 179968,
            productName: 'loral Print Maxi Dress ',
            productPriceTotal: 149.95,
            productPriceTotalRate: 149.95,
            productStockTime: 10,
            productType: 0,
            productsPrice: 29.99,
            productsPriceRate: 29.99,
            productsWeight: 0.51,
            promotionProductSingle: 1,
            propertiesOfDB: '360|size01,769|Purple',
            propertyVos: Array [
              Object { propertyId: 360, propertyValue: 'size01' },
              Object { propertyId: 769, propertyValue: 'Purple' }
            ],
            referType: '',
            salePropertyPrice: 0,
            salePropertyPriceRate: 0,
            sku: Object {
              fastDelivery: 1,
              isActivate: 1,
              occupyStockQuantity: 0,
              productId: 179968,
              sellQuantity: 0,
              skuCode: 'S00000179968000003',
              skuId: 10070550,
              skuPropertyArr: Array [
                Object {
                  colorProperty: 2,
                  configurationId: 985,
                  configurationName: 'S ',
                  configurationValue: 'size01',
                  price: 0,
                  propertyId: 360,
                  propertyName: 'Size'
                },
                Object {
                  colorProperty: 1,
                  configurationId: 4695,
                  configurationName: 'Purple ',
                  configurationValue: 'Purple',
                  price: 0,
                  propertyId: 769,
                  propertyName: 'Color'
                }
              ],
              skuType: 1,
              stockQuantity: 0
            },
            skuId: 10070550,
            sourcePrice: 29.99,
            sourcePriceRate: 29.99,
            tied: 1,
            unitPriceOfDB: 29.99,
            virtualWeight: 0.51,
            websiteId: 1
          }
        ],
        savedProducts: Array [],
        websiteId: 1,
        websiteName: 'Milanoo'
      }
    ],
    websiteId: 1,
    websiteIdLastView: 1,
    weight: 2.55
  }
} to contain Object {
  autoAddGiftFlag: 1,
  code: '0',
  giftInfo: Object {
    cartTotalPrice: 149.95,
    giftList: Array [
      Object {
        categoryIdList: Array [ 1333, 1161, 1324, 1163, 538 ],
        condition: 1,
        endTime: 1470988800,
        giftId: 1539,
        giftName: 'Gift',
        giftProductList: Array [
          Object {
            buyNum: 0,
            firstPictureUrl: 'tb2012/tb201204/tb20120426/BATCHXLS_c5d082b3-4179-4369-ab5e-1ff5862c000f_003.jpg',
            giftCheckedSign: false,
            giftPrice: 1,
            giftPriceRate: 1,
            isInCart: 0,
            limitNum: 1,
            oldlimitNum: 1,
            productId: 157678,
            productName: 'Multi-Color Printed Nylon Womens Leggings',
            productPrice: 1.9,
            status: 1,
            superpositionNum: 0
          },
          Object {
            buyNum: 0,
            firstPictureUrl: '20110617/Handsome-Blue-Bamboo-Cotton-Bamboo-Fiber-Denim-Mens-Short-Jeans-81633-1.jpg',
            giftCheckedSign: false,
            giftPrice: 1,
            giftPriceRate: 1,
            isInCart: 0,
            limitNum: 1,
            oldlimitNum: 1,
            productId: 81633,
            productName: 'Handsome Blue 98% Bamboo Cotton 2% Bamboo Fiber Denim Mens Short Jeans',
            productPrice: 20.99,
            status: 1,
            superpositionNum: 0
          },
          Object {
            buyNum: 0,
            firstPictureUrl: '201206/20120620/Comfortable-White-Printing-Round-Neck-Short-Sleeves-100-Cotton-Mens-T-Shirt-78538-5.jpg',
            giftCheckedSign: false,
            giftPrice: 1,
            giftPriceRate: 1,
            isInCart: 0,
            limitNum: 1,
            oldlimitNum: 1,
            productId: 78538,
            productName: 'Comfortable White Printing Round Neck Short Sleeves 100% Cotton Mens T-Shirt',
            productPrice: 7.99,
            status: 1,
            superpositionNum: 0
          },
          Object {
            buyNum: 0,
            firstPictureUrl: '201310/20131011/Casual-Blue-And-Red-100-Cotton-Mens-Long-Sleeves-Shirt-73491-682182.jpg',
            giftCheckedSign: false,
            giftPrice: 1,
            giftPriceRate: 1,
            isInCart: 0,
            limitNum: 1,
            maxStock: 40,
            oldlimitNum: 1,
            productId: 73491,
            productName: 'Casual Blue And Red 100% Cotton Mens Long Sleeves Shirt',
            productPrice: 6,
            status: 1,
            superpositionNum: 0
          }
        ],
        haveCategoryProducts: true,
        isOverlie: 0,
        isView: 0,
        logisticsFree: 1,
        lowestNum: 1,
        promontionType: 2,
        radio: 1,
        rangeLumpSum: 0,
        rate: 6.5761,
        superpositionNumTotal: 0,
        websiteId: 1
      },
      Object {
        categoryIdList: Array [ 1100, 1399, 535, 1155, 1281 ],
        condition: 0,
        endTime: 1469088000,
        giftId: 1523,
        giftName: 'Fashion Week Gift',
        giftProductList: Array [
          Object {
            buyNum: 0,
            firstPictureUrl: '201309/20130930/Unique-Fashion-White-One-Piece-Halter-Womens-Swimsuit-69471-5.jpg',
            giftCheckedSign: false,
            giftPrice: 0,
            giftPriceRate: 0,
            isInCart: 0,
            limitNum: 1,
            maxStock: 15,
            oldlimitNum: 1,
            productId: 69471,
            productName: 'Unique Fashion White One-Piece Halter Womens Swimsuit',
            productPrice: 2,
            status: 1,
            superpositionNum: 0
          },
          Object {
            buyNum: 0,
            firstPictureUrl: '201103/White-Classic-Casual-Round-Neck-Womens-T-shirt-59717-1.jpg',
            giftCheckedSign: false,
            giftPrice: 0,
            giftPriceRate: 0,
            isInCart: 0,
            limitNum: 1,
            maxStock: 7,
            oldlimitNum: 1,
            productId: 59717,
            productName: 'White Classic Casual Round Neck Womens T-shirt',
            productPrice: 2,
            status: 1,
            superpositionNum: 0
          },
          Object {
            buyNum: 0,
            firstPictureUrl: '2011/201107/2011-07-11-15_21_52_221_577.jpg',
            giftCheckedSign: false,
            giftPrice: 0,
            giftPriceRate: 0,
            isInCart: 0,
            limitNum: 1,
            maxStock: 32,
            oldlimitNum: 1,
            productId: 75939,
            productName: 'Cute Pink White Nylon Womens Bikini Swimsuit',
            productPrice: 2,
            status: 1,
            superpositionNum: 0
          },
          Object {
            buyNum: 0,
            firstPictureUrl: '2011/201107/2011-07-06-17_00_35_793_586.JPG',
            giftCheckedSign: false,
            giftPrice: 0,
            giftPriceRate: 0,
            isInCart: 0,
            limitNum: 1,
            maxStock: 18,
            oldlimitNum: 1,
            productId: 85794,
            productName: 'Green 60% Cotton 40% Terylene Short Sleeves Mens Polo Shirt ',
            productPrice: 4,
            status: 1,
            superpositionNum: 0
          },
          Object {
            buyNum: 0,
            firstPictureUrl: '2011/201107/2011-07-07-09_22_23_674_442.jpg',
            giftCheckedSign: false,
            giftPrice: 0,
            giftPriceRate: 0,
            isInCart: 0,
            limitNum: 1,
            maxStock: 54,
            oldlimitNum: 1,
            productId: 85962,
            productName: 'Short Sleeves Mens Polo Shirt ',
            productPrice: 4,
            status: 1,
            superpositionNum: 0
          }
        ],
        haveCategoryProducts: true,
        isOverlie: 0,
        isView: 0,
        logisticsFree: 1,
        lowestNum: 0,
        promontionType: 2,
        radio: 0,
        rangeLumpSum: 60,
        rate: 6.5761,
        superpositionNumTotal: 0,
        websiteId: 1
      }
    ]
  },
  msg: '操作成功',
  shoppingCart: Object {
    cartGiftPriceTotal: 0,
    cartPriceCouponTotal: 0,
    cartPriceDropshipTotal: 0,
    cartPriceMemberTotal: 0,
    cartPricePay: 154.94,
    cartPricePromotionTotal: 0,
    cartPriceTotal: 149.95,
    cartStockDay: 10,
    countryId: 1,
    couponInvalid: Array [],
    couponMember: Array [
      Object {
        against: 'Orders',
        autoUsed: 1,
        cartIds: Array [ 51151235 ],
        ceremonyId: 12939,
        countryIds: '',
        couponType: 2,
        currencyCode: 'USD',
        disDate2use: 15,
        disWay2use: 1,
        discountData: '15',
        discountDesc: '1.Both you and your invited friend could get a voucher of $15, available for any items.\r\n2.The voucher is available once your friend have their account registered.\r\n3.It’s up to you who could be invited   \r\n4.One order accepts single voucher only.',
        discountLang: 'en-uk',
        discountWay: '1',
        effective: 0,
        firstPay: 0,
        id: 1198677,
        libkey: '1643A8F6FF1B6F26',
        name: 'REFERFRIENDS',
        num: 1,
        num2use: 0,
        outOfDate: false,
        price2use: 0,
        priceDis: 0,
        promotionKey: '',
        rangeLumpSum: '59|-1',
        rangeStartTime: -1,
        rangeTime: -1,
        rangeType: 1,
        rate: 6.5761,
        shopSum: 1,
        status: 0,
        superposition: 0,
        websiteId: 1
      }
    ],
    deviceType: 5,
    fastDelivery: 1,
    freightCountList: Array [
      Object {
        discount: 0,
        expressRule: 'Expedited|0.5:108.35:0.5:42.44:3-5',
        expressType: 'Expedited',
        freightCouponSub: 0,
        freightOtherSub: 0,
        maxOrderPrice: -1,
        maxWeightFree: 1.8,
        maxWeightNotFree: 1.6,
        max_postTime: 5,
        min_postTime: 3,
        name: 'Expedited',
        order: '10',
        postTime: '3-5',
        priceAll: 48.74,
        priceBase: 0,
        priceFirst: 108.35,
        priceRegister: 0,
        priceSecond: 42.44,
        priceTotal: 48.74,
        priceTotal2: 48.74,
        state: 0,
        weightFirst: 0.5,
        weightSecond: 0.5
      },
      Object {
        discount: 0,
        expressRule: 'Standard|0.5:96.18:0.5:32.56:6-7',
        expressType: 'Standard',
        freightCouponSub: 0,
        freightOtherSub: 39.38,
        introduction: 'Generally use EMS or other courier sent, Mascot Costumes can only choose standard mode of transport.',
        maxOrderPrice: -1,
        maxWeightFree: 1.8,
        maxWeightNotFree: 1.6,
        max_postTime: 7,
        min_postTime: 6,
        name: 'Standard',
        order: '11',
        postTime: '6-7',
        priceAll: 39.38,
        priceBase: 0,
        priceFirst: 96.18,
        priceRegister: 0,
        priceSecond: 32.56,
        priceTotal: 0,
        priceTotal2: 0,
        state: 0,
        weightFirst: 0.5,
        weightSecond: 0.5
      }
    ],
    freightFreePromotion: 0,
    insurancePrice: 4.99,
    langCode: 'en-uk',
    langId: 2,
    maxStockingTime: 11,
    member: Object {
      changeType: 0,
      deviceType: 1,
      emailsDy: 0,
      gradeOid: 0,
      id: 3666009,
      snsMembersoftDeletes: 1,
      type: 'Personal',
      userPass: '78f010002c77054bfb6dd20ad8a04341',
      userTime: 1460341223,
      websiteId: 1
    },
    minCartStockDay: 0,
    minStockingTime: 0,
    noCouponFreightFree: Object {
      amountToUse: 0,
      cartIds: Array [ 51151235 ],
      categoryIds: Array [],
      discount: 0,
      id: 3221,
      ifUse: true,
      ignoreCategory: 0,
      priceMin: 109,
      rate: 6.5761,
      superposition: 1,
      type: 0
    },
    orderCouponSingle: 1,
    pricePoint: 2,
    priceUnit: 'USD',
    productNum: 5,
    promotionKey: 'SEM_1_en_gg_kw_c0_US_Milanoonewyear_160104',
    rate: 6.5761,
    rateTo: 6.5761,
    shoppingCartSorts: Array [
      Object {
        orderSort: Object {
          cartIds: Array [ 51151235 ],
          subjects: Array [
            Object {
              against: 'Orders',
              desc: '',
              discount: 0,
              id: 3221,
              ifUse: true,
              name: '',
              num2use: 0,
              price2use: 0,
              type: 3,
              way: 2
            }
          ]
        },
        warehouse: 1
      }
    ],
    websiteCarts: Array [
      Object {
        domainName: 'www.milanoo.com',
        empty: false,
        products: Array [
          Object {
            additional: '522507',
            additionalPrice: 28.49,
            allPropertyPrice: 0,
            allPropertyPriceRate: 0,
            argsPrice: 0,
            argsPriceRate: 0,
            buyNum: 5,
            cartId: 51151235,
            categoryCode: '000000132401029',
            categoryId: 1029,
            categoryName: 'Maxi Dresses',
            customPrice: 0,
            customPriceRate: 0,
            dataStatus: 0,
            fastDelivery: 1,
            firstPictureUrl: '201407/20140711/Colorful-Floral-Printed-Halter-Jersey-Maxi-Dress-179968-2324639.jpg',
            freightFree: 0,
            freightFreeCoupon: 1,
            freightFreeNoCoupon: 0,
            freightFreeSingle: 1,
            giftFreightFree: 0,
            giftPrice: 0,
            giftPriceRate: 0,
            gmtCreate: '2016-04-11',
            gmtModify: '2016-04-11',
            isAdditionalProduct: 0,
            isGift: 0,
            maxStockingTime: 11,
            minCartStockDay: 0,
            minStockingTime: 0,
            parcels: '0',
            payPrice: 29.99,
            payPriceRate: 29.99,
            productCode: '#10290179968',
            productId: 179968,
            productName: 'loral Print Maxi Dress ',
            productPriceTotal: 149.95,
            productPriceTotalRate: 149.95,
            productStockTime: 10,
            productType: 0,
            productsPrice: 29.99,
            productsPriceRate: 29.99,
            productsWeight: 0.51,
            promotionProductSingle: 1,
            propertiesOfDB: '360|size01,769|Purple',
            propertyVos: Array [
              Object { propertyId: 360, propertyValue: 'size01' },
              Object { propertyId: 769, propertyValue: 'Purple' }
            ],
            referType: '',
            salePropertyPrice: 0,
            salePropertyPriceRate: 0,
            sku: Object {
              fastDelivery: 1,
              isActivate: 1,
              occupyStockQuantity: 0,
              productId: 179968,
              sellQuantity: 0,
              skuCode: 'S00000179968000003',
              skuId: 10070550,
              skuPropertyArr: Array [
                Object {
                  colorProperty: 2,
                  configurationId: 985,
                  configurationName: 'S ',
                  configurationValue: 'size01',
                  price: 0,
                  propertyId: 360,
                  propertyName: 'Size'
                },
                Object {
                  colorProperty: 1,
                  configurationId: 4695,
                  configurationName: 'Purple ',
                  configurationValue: 'Purple',
                  price: 0,
                  propertyId: 769,
                  propertyName: 'Color'
                }
              ],
              skuType: 1,
              stockQuantity: 0
            },
            skuId: 10070550,
            sourcePrice: 29.99,
            sourcePriceRate: 29.99,
            tied: 1,
            unitPriceOfDB: 29.99,
            virtualWeight: 0.51,
            websiteId: 1
          }
        ],
        savedProducts: Array [],
        websiteId: 1,
        websiteName: 'Milanoo'
      }
    ],
    websiteId: 1,
    websiteIdLastView: 1,
    weight: 2.55
  }
}
    expected Object {
      cartTotalPrice: 149.95,
      giftList: Array [
        Object {
          categoryIdList: Array [ 1333, 1161, 1324, 1163, 538 ],
          condition: 1,
          endTime: 1470988800,
          giftId: 1539,
          giftName: 'Gift',
          giftProductList: Array [
            Object {
              buyNum: 0,
              firstPictureUrl: 'tb2012/tb201204/tb20120426/BATCHXLS_c5d082b3-4179-4369-ab5e-1ff5862c000f_003.jpg',
              giftCheckedSign: false,
              giftPrice: 1,
              giftPriceRate: 1,
              isInCart: 0,
              limitNum: 1,
              maxStock: 2,
              oldlimitNum: 1,
              productId: 157678,
              productName: 'Multi-Color Printed Nylon Womens Leggings',
              productPrice: 1.9,
              status: 1,
              superpositionNum: 0
            },
            Object {
              buyNum: 0,
              firstPictureUrl: '20110617/Handsome-Blue-Bamboo-Cotton-Bamboo-Fiber-Denim-Mens-Short-Jeans-81633-1.jpg',
              giftCheckedSign: false,
              giftPrice: 1,
              giftPriceRate: 1,
              isInCart: 0,
              limitNum: 1,
              maxStock: 1,
              oldlimitNum: 1,
              productId: 81633,
              productName: 'Handsome Blue 98% Bamboo Cotton 2% Bamboo Fiber Denim Mens Short Jeans',
              productPrice: 20.99,
              status: 1,
              superpositionNum: 0
            },
            Object {
              buyNum: 0,
              firstPictureUrl: '201206/20120620/Comfortable-White-Printing-Round-Neck-Short-Sleeves-100-Cotton-Mens-T-Shirt-78538-5.jpg',
              giftCheckedSign: false,
              giftPrice: 1,
              giftPriceRate: 1,
              isInCart: 0,
              limitNum: 1,
              maxStock: 22,
              oldlimitNum: 1,
              productId: 78538,
              productName: 'Comfortable White Printing Round Neck Short Sleeves 100% Cotton Mens T-Shirt',
              productPrice: 7.99,
              status: 1,
              superpositionNum: 0
            },
            Object {
              buyNum: 0,
              firstPictureUrl: '201310/20131011/Casual-Blue-And-Red-100-Cotton-Mens-Long-Sleeves-Shirt-73491-682182.jpg',
              giftCheckedSign: false,
              giftPrice: 1,
              giftPriceRate: 1,
              isInCart: 0,
              limitNum: 1,
              maxStock: 40,
              oldlimitNum: 1,
              productId: 73491,
              productName: 'Casual Blue And Red 100% Cotton Mens Long Sleeves Shirt',
              productPrice: 6,
              status: 1,
              superpositionNum: 0
            }
          ],
          haveCategoryProducts: true,
          isOverlie: 0,
          isView: 0,
          logisticsFree: 1,
          lowestNum: 1,
          promontionType: 2,
          radio: 1,
          rangeLumpSum: 0,
          rate: 6.5761,
          superpositionNumTotal: 0,
          websiteId: 1
        },
        Object {
          categoryIdList: Array [ 1100, 1399, 535, 1155, 1281 ],
          condition: 0,
          endTime: 1469088000,
          giftId: 1523,
          giftName: 'Fashion Week Gift',
          giftProductList: Array [
            Object {
              buyNum: 0,
              firstPictureUrl: '201309/20130930/Unique-Fashion-White-One-Piece-Halter-Womens-Swimsuit-69471-5.jpg',
              giftCheckedSign: false,
              giftPrice: 0,
              giftPriceRate: 0,
              isInCart: 0,
              limitNum: 1,
              maxStock: 12,
              oldlimitNum: 1,
              productId: 69471,
              productName: 'Unique Fashion White One-Piece Halter Womens Swimsuit',
              productPrice: 2,
              status: 1,
              superpositionNum: 0
            },
            Object {
              buyNum: 0,
              firstPictureUrl: '201103/White-Classic-Casual-Round-Neck-Womens-T-shirt-59717-1.jpg',
              giftCheckedSign: false,
              giftPrice: 0,
              giftPriceRate: 0,
              isInCart: 0,
              limitNum: 1,
              maxStock: 6,
              oldlimitNum: 1,
              productId: 59717,
              productName: 'White Classic Casual Round Neck Womens T-shirt',
              productPrice: 2,
              status: 1,
              superpositionNum: 0
            },
            Object {
              buyNum: 0,
              firstPictureUrl: '2011/201107/2011-07-11-15_21_52_221_577.jpg',
              giftCheckedSign: false,
              giftPrice: 0,
              giftPriceRate: 0,
              isInCart: 0,
              limitNum: 1,
              maxStock: 29,
              oldlimitNum: 1,
              productId: 75939,
              productName: 'Cute Pink White Nylon Womens Bikini Swimsuit',
              productPrice: 2,
              status: 1,
              superpositionNum: 0
            },
            Object {
              buyNum: 0,
              firstPictureUrl: '2011/201107/2011-07-06-17_00_35_793_586.JPG',
              giftCheckedSign: false,
              giftPrice: 0,
              giftPriceRate: 0,
              isInCart: 0,
              limitNum: 1,
              maxStock: 16,
              oldlimitNum: 1,
              productId: 85794,
              productName: 'Green 60% Cotton 40% Terylene Short Sleeves Mens Polo Shirt ',
              productPrice: 4,
              status: 1,
              superpositionNum: 0
            },
            Object {
              buyNum: 0,
              firstPictureUrl: '2011/201107/2011-07-07-09_22_23_674_442.jpg',
              giftCheckedSign: false,
              giftPrice: 0,
              giftPriceRate: 0,
              isInCart: 0,
              limitNum: 1,
              maxStock: 52,
              oldlimitNum: 1,
              productId: 85962,
              productName: 'Short Sleeves Mens Polo Shirt ',
              productPrice: 4,
              status: 1,
              superpositionNum: 0
            }
          ],
          haveCategoryProducts: true,
          isOverlie: 0,
          isView: 0,
          logisticsFree: 1,
          lowestNum: 0,
          promontionType: 2,
          radio: 0,
          rangeLumpSum: 60,
          rate: 6.5761,
          superpositionNumTotal: 0,
          websiteId: 1
        }
      ]
    } to contain Object {
      cartTotalPrice: 149.95,
      giftList: Array [
        Object {
          categoryIdList: Array [ 1333, 1161, 1324, 1163, 538 ],
          condition: 1,
          endTime: 1470988800,
          giftId: 1539,
          giftName: 'Gift',
          giftProductList: Array [
            Object {
              buyNum: 0,
              firstPictureUrl: 'tb2012/tb201204/tb20120426/BATCHXLS_c5d082b3-4179-4369-ab5e-1ff5862c000f_003.jpg',
              giftCheckedSign: false,
              giftPrice: 1,
              giftPriceRate: 1,
              isInCart: 0,
              limitNum: 1,
              oldlimitNum: 1,
              productId: 157678,
              productName: 'Multi-Color Printed Nylon Womens Leggings',
              productPrice: 1.9,
              status: 1,
              superpositionNum: 0
            },
            Object {
              buyNum: 0,
              firstPictureUrl: '20110617/Handsome-Blue-Bamboo-Cotton-Bamboo-Fiber-Denim-Mens-Short-Jeans-81633-1.jpg',
              giftCheckedSign: false,
              giftPrice: 1,
              giftPriceRate: 1,
              isInCart: 0,
              limitNum: 1,
              oldlimitNum: 1,
              productId: 81633,
              productName: 'Handsome Blue 98% Bamboo Cotton 2% Bamboo Fiber Denim Mens Short Jeans',
              productPrice: 20.99,
              status: 1,
              superpositionNum: 0
            },
            Object {
              buyNum: 0,
              firstPictureUrl: '201206/20120620/Comfortable-White-Printing-Round-Neck-Short-Sleeves-100-Cotton-Mens-T-Shirt-78538-5.jpg',
              giftCheckedSign: false,
              giftPrice: 1,
              giftPriceRate: 1,
              isInCart: 0,
              limitNum: 1,
              oldlimitNum: 1,
              productId: 78538,
              productName: 'Comfortable White Printing Round Neck Short Sleeves 100% Cotton Mens T-Shirt',
              productPrice: 7.99,
              status: 1,
              superpositionNum: 0
            },
            Object {
              buyNum: 0,
              firstPictureUrl: '201310/20131011/Casual-Blue-And-Red-100-Cotton-Mens-Long-Sleeves-Shirt-73491-682182.jpg',
              giftCheckedSign: false,
              giftPrice: 1,
              giftPriceRate: 1,
              isInCart: 0,
              limitNum: 1,
              maxStock: 40,
              oldlimitNum: 1,
              productId: 73491,
              productName: 'Casual Blue And Red 100% Cotton Mens Long Sleeves Shirt',
              productPrice: 6,
              status: 1,
              superpositionNum: 0
            }
          ],
          haveCategoryProducts: true,
          isOverlie: 0,
          isView: 0,
          logisticsFree: 1,
          lowestNum: 1,
          promontionType: 2,
          radio: 1,
          rangeLumpSum: 0,
          rate: 6.5761,
          superpositionNumTotal: 0,
          websiteId: 1
        },
        Object {
          categoryIdList: Array [ 1100, 1399, 535, 1155, 1281 ],
          condition: 0,
          endTime: 1469088000,
          giftId: 1523,
          giftName: 'Fashion Week Gift',
          giftProductList: Array [
            Object {
              buyNum: 0,
              firstPictureUrl: '201309/20130930/Unique-Fashion-White-One-Piece-Halter-Womens-Swimsuit-69471-5.jpg',
              giftCheckedSign: false,
              giftPrice: 0,
              giftPriceRate: 0,
              isInCart: 0,
              limitNum: 1,
              maxStock: 15,
              oldlimitNum: 1,
              productId: 69471,
              productName: 'Unique Fashion White One-Piece Halter Womens Swimsuit',
              productPrice: 2,
              status: 1,
              superpositionNum: 0
            },
            Object {
              buyNum: 0,
              firstPictureUrl: '201103/White-Classic-Casual-Round-Neck-Womens-T-shirt-59717-1.jpg',
              giftCheckedSign: false,
              giftPrice: 0,
              giftPriceRate: 0,
              isInCart: 0,
              limitNum: 1,
              maxStock: 7,
              oldlimitNum: 1,
              productId: 59717,
              productName: 'White Classic Casual Round Neck Womens T-shirt',
              productPrice: 2,
              status: 1,
              superpositionNum: 0
            },
            Object {
              buyNum: 0,
              firstPictureUrl: '2011/201107/2011-07-11-15_21_52_221_577.jpg',
              giftCheckedSign: false,
              giftPrice: 0,
              giftPriceRate: 0,
              isInCart: 0,
              limitNum: 1,
              maxStock: 32,
              oldlimitNum: 1,
              productId: 75939,
              productName: 'Cute Pink White Nylon Womens Bikini Swimsuit',
              productPrice: 2,
              status: 1,
              superpositionNum: 0
            },
            Object {
              buyNum: 0,
              firstPictureUrl: '2011/201107/2011-07-06-17_00_35_793_586.JPG',
              giftCheckedSign: false,
              giftPrice: 0,
              giftPriceRate: 0,
              isInCart: 0,
              limitNum: 1,
              maxStock: 18,
              oldlimitNum: 1,
              productId: 85794,
              productName: 'Green 60% Cotton 40% Terylene Short Sleeves Mens Polo Shirt ',
              productPrice: 4,
              status: 1,
              superpositionNum: 0
            },
            Object {
              buyNum: 0,
              firstPictureUrl: '2011/201107/2011-07-07-09_22_23_674_442.jpg',
              giftCheckedSign: false,
              giftPrice: 0,
              giftPriceRate: 0,
              isInCart: 0,
              limitNum: 1,
              maxStock: 54,
              oldlimitNum: 1,
              productId: 85962,
              productName: 'Short Sleeves Mens Polo Shirt ',
              productPrice: 4,
              status: 1,
              superpositionNum: 0
            }
          ],
          haveCategoryProducts: true,
          isOverlie: 0,
          isView: 0,
          logisticsFree: 1,
          lowestNum: 0,
          promontionType: 2,
          radio: 0,
          rangeLumpSum: 60,
          rate: 6.5761,
          superpositionNumTotal: 0,
          websiteId: 1
        }
      ]
    }
        expected Array [
          Object {
            categoryIdList: Array [ 1333, 1161, 1324, 1163, 538 ],
            condition: 1,
            endTime: 1470988800,
            giftId: 1539,
            giftName: 'Gift',
            giftProductList: Array [
              Object {
                buyNum: 0,
                firstPictureUrl: 'tb2012/tb201204/tb20120426/BATCHXLS_c5d082b3-4179-4369-ab5e-1ff5862c000f_003.jpg',
                giftCheckedSign: false,
                giftPrice: 1,
                giftPriceRate: 1,
                isInCart: 0,
                limitNum: 1,
                maxStock: 2,
                oldlimitNum: 1,
                productId: 157678,
                productName: 'Multi-Color Printed Nylon Womens Leggings',
                productPrice: 1.9,
                status: 1,
                superpositionNum: 0
              },
              Object {
                buyNum: 0,
                firstPictureUrl: '20110617/Handsome-Blue-Bamboo-Cotton-Bamboo-Fiber-Denim-Mens-Short-Jeans-81633-1.jpg',
                giftCheckedSign: false,
                giftPrice: 1,
                giftPriceRate: 1,
                isInCart: 0,
                limitNum: 1,
                maxStock: 1,
                oldlimitNum: 1,
                productId: 81633,
                productName: 'Handsome Blue 98% Bamboo Cotton 2% Bamboo Fiber Denim Mens Short Jeans',
                productPrice: 20.99,
                status: 1,
                superpositionNum: 0
              },
              Object {
                buyNum: 0,
                firstPictureUrl: '201206/20120620/Comfortable-White-Printing-Round-Neck-Short-Sleeves-100-Cotton-Mens-T-Shirt-78538-5.jpg',
                giftCheckedSign: false,
                giftPrice: 1,
                giftPriceRate: 1,
                isInCart: 0,
                limitNum: 1,
                maxStock: 22,
                oldlimitNum: 1,
                productId: 78538,
                productName: 'Comfortable White Printing Round Neck Short Sleeves 100% Cotton Mens T-Shirt',
                productPrice: 7.99,
                status: 1,
                superpositionNum: 0
              },
              Object {
                buyNum: 0,
                firstPictureUrl: '201310/20131011/Casual-Blue-And-Red-100-Cotton-Mens-Long-Sleeves-Shirt-73491-682182.jpg',
                giftCheckedSign: false,
                giftPrice: 1,
                giftPriceRate: 1,
                isInCart: 0,
                limitNum: 1,
                maxStock: 40,
                oldlimitNum: 1,
                productId: 73491,
                productName: 'Casual Blue And Red 100% Cotton Mens Long Sleeves Shirt',
                productPrice: 6,
                status: 1,
                superpositionNum: 0
              }
            ],
            haveCategoryProducts: true,
            isOverlie: 0,
            isView: 0,
            logisticsFree: 1,
            lowestNum: 1,
            promontionType: 2,
            radio: 1,
            rangeLumpSum: 0,
            rate: 6.5761,
            superpositionNumTotal: 0,
            websiteId: 1
          },
          Object {
            categoryIdList: Array [ 1100, 1399, 535, 1155, 1281 ],
            condition: 0,
            endTime: 1469088000,
            giftId: 1523,
            giftName: 'Fashion Week Gift',
            giftProductList: Array [
              Object {
                buyNum: 0,
                firstPictureUrl: '201309/20130930/Unique-Fashion-White-One-Piece-Halter-Womens-Swimsuit-69471-5.jpg',
                giftCheckedSign: false,
                giftPrice: 0,
                giftPriceRate: 0,
                isInCart: 0,
                limitNum: 1,
                maxStock: 12,
                oldlimitNum: 1,
                productId: 69471,
                productName: 'Unique Fashion White One-Piece Halter Womens Swimsuit',
                productPrice: 2,
                status: 1,
                superpositionNum: 0
              },
              Object {
                buyNum: 0,
                firstPictureUrl: '201103/White-Classic-Casual-Round-Neck-Womens-T-shirt-59717-1.jpg',
                giftCheckedSign: false,
                giftPrice: 0,
                giftPriceRate: 0,
                isInCart: 0,
                limitNum: 1,
                maxStock: 6,
                oldlimitNum: 1,
                productId: 59717,
                productName: 'White Classic Casual Round Neck Womens T-shirt',
                productPrice: 2,
                status: 1,
                superpositionNum: 0
              },
              Object {
                buyNum: 0,
                firstPictureUrl: '2011/201107/2011-07-11-15_21_52_221_577.jpg',
                giftCheckedSign: false,
                giftPrice: 0,
                giftPriceRate: 0,
                isInCart: 0,
                limitNum: 1,
                maxStock: 29,
                oldlimitNum: 1,
                productId: 75939,
                productName: 'Cute Pink White Nylon Womens Bikini Swimsuit',
                productPrice: 2,
                status: 1,
                superpositionNum: 0
              },
              Object {
                buyNum: 0,
                firstPictureUrl: '2011/201107/2011-07-06-17_00_35_793_586.JPG',
                giftCheckedSign: false,
                giftPrice: 0,
                giftPriceRate: 0,
                isInCart: 0,
                limitNum: 1,
                maxStock: 16,
                oldlimitNum: 1,
                productId: 85794,
                productName: 'Green 60% Cotton 40% Terylene Short Sleeves Mens Polo Shirt ',
                productPrice: 4,
                status: 1,
                superpositionNum: 0
              },
              Object {
                buyNum: 0,
                firstPictureUrl: '2011/201107/2011-07-07-09_22_23_674_442.jpg',
                giftCheckedSign: false,
                giftPrice: 0,
                giftPriceRate: 0,
                isInCart: 0,
                limitNum: 1,
                maxStock: 52,
                oldlimitNum: 1,
                productId: 85962,
                productName: 'Short Sleeves Mens Polo Shirt ',
                productPrice: 4,
                status: 1,
                superpositionNum: 0
              }
            ],
            haveCategoryProducts: true,
            isOverlie: 0,
            isView: 0,
            logisticsFree: 1,
            lowestNum: 0,
            promontionType: 2,
            radio: 0,
            rangeLumpSum: 60,
            rate: 6.5761,
            superpositionNumTotal: 0,
            websiteId: 1
          }
        ] to contain Array [
          Object {
            categoryIdList: Array [ 1333, 1161, 1324, 1163, 538 ],
            condition: 1,
            endTime: 1470988800,
            giftId: 1539,
            giftName: 'Gift',
            giftProductList: Array [
              Object {
                buyNum: 0,
                firstPictureUrl: 'tb2012/tb201204/tb20120426/BATCHXLS_c5d082b3-4179-4369-ab5e-1ff5862c000f_003.jpg',
                giftCheckedSign: false,
                giftPrice: 1,
                giftPriceRate: 1,
                isInCart: 0,
                limitNum: 1,
                oldlimitNum: 1,
                productId: 157678,
                productName: 'Multi-Color Printed Nylon Womens Leggings',
                productPrice: 1.9,
                status: 1,
                superpositionNum: 0
              },
              Object {
                buyNum: 0,
                firstPictureUrl: '20110617/Handsome-Blue-Bamboo-Cotton-Bamboo-Fiber-Denim-Mens-Short-Jeans-81633-1.jpg',
                giftCheckedSign: false,
                giftPrice: 1,
                giftPriceRate: 1,
                isInCart: 0,
                limitNum: 1,
                oldlimitNum: 1,
                productId: 81633,
                productName: 'Handsome Blue 98% Bamboo Cotton 2% Bamboo Fiber Denim Mens Short Jeans',
                productPrice: 20.99,
                status: 1,
                superpositionNum: 0
              },
              Object {
                buyNum: 0,
                firstPictureUrl: '201206/20120620/Comfortable-White-Printing-Round-Neck-Short-Sleeves-100-Cotton-Mens-T-Shirt-78538-5.jpg',
                giftCheckedSign: false,
                giftPrice: 1,
                giftPriceRate: 1,
                isInCart: 0,
                limitNum: 1,
                oldlimitNum: 1,
                productId: 78538,
                productName: 'Comfortable White Printing Round Neck Short Sleeves 100% Cotton Mens T-Shirt',
                productPrice: 7.99,
                status: 1,
                superpositionNum: 0
              },
              Object {
                buyNum: 0,
                firstPictureUrl: '201310/20131011/Casual-Blue-And-Red-100-Cotton-Mens-Long-Sleeves-Shirt-73491-682182.jpg',
                giftCheckedSign: false,
                giftPrice: 1,
                giftPriceRate: 1,
                isInCart: 0,
                limitNum: 1,
                maxStock: 40,
                oldlimitNum: 1,
                productId: 73491,
                productName: 'Casual Blue And Red 100% Cotton Mens Long Sleeves Shirt',
                productPrice: 6,
                status: 1,
                superpositionNum: 0
              }
            ],
            haveCategoryProducts: true,
            isOverlie: 0,
            isView: 0,
            logisticsFree: 1,
            lowestNum: 1,
            promontionType: 2,
            radio: 1,
            rangeLumpSum: 0,
            rate: 6.5761,
            superpositionNumTotal: 0,
            websiteId: 1
          },
          Object {
            categoryIdList: Array [ 1100, 1399, 535, 1155, 1281 ],
            condition: 0,
            endTime: 1469088000,
            giftId: 1523,
            giftName: 'Fashion Week Gift',
            giftProductList: Array [
              Object {
                buyNum: 0,
                firstPictureUrl: '201309/20130930/Unique-Fashion-White-One-Piece-Halter-Womens-Swimsuit-69471-5.jpg',
                giftCheckedSign: false,
                giftPrice: 0,
                giftPriceRate: 0,
                isInCart: 0,
                limitNum: 1,
                maxStock: 15,
                oldlimitNum: 1,
                productId: 69471,
                productName: 'Unique Fashion White One-Piece Halter Womens Swimsuit',
                productPrice: 2,
                status: 1,
                superpositionNum: 0
              },
              Object {
                buyNum: 0,
                firstPictureUrl: '201103/White-Classic-Casual-Round-Neck-Womens-T-shirt-59717-1.jpg',
                giftCheckedSign: false,
                giftPrice: 0,
                giftPriceRate: 0,
                isInCart: 0,
                limitNum: 1,
                maxStock: 7,
                oldlimitNum: 1,
                productId: 59717,
                productName: 'White Classic Casual Round Neck Womens T-shirt',
                productPrice: 2,
                status: 1,
                superpositionNum: 0
              },
              Object {
                buyNum: 0,
                firstPictureUrl: '2011/201107/2011-07-11-15_21_52_221_577.jpg',
                giftCheckedSign: false,
                giftPrice: 0,
                giftPriceRate: 0,
                isInCart: 0,
                limitNum: 1,
                maxStock: 32,
                oldlimitNum: 1,
                productId: 75939,
                productName: 'Cute Pink White Nylon Womens Bikini Swimsuit',
                productPrice: 2,
                status: 1,
                superpositionNum: 0
              },
              Object {
                buyNum: 0,
                firstPictureUrl: '2011/201107/2011-07-06-17_00_35_793_586.JPG',
                giftCheckedSign: false,
                giftPrice: 0,
                giftPriceRate: 0,
                isInCart: 0,
                limitNum: 1,
                maxStock: 18,
                oldlimitNum: 1,
                productId: 85794,
                productName: 'Green 60% Cotton 40% Terylene Short Sleeves Mens Polo Shirt ',
                productPrice: 4,
                status: 1,
                superpositionNum: 0
              },
              Object {
                buyNum: 0,
                firstPictureUrl: '2011/201107/2011-07-07-09_22_23_674_442.jpg',
                giftCheckedSign: false,
                giftPrice: 0,
                giftPriceRate: 0,
                isInCart: 0,
                limitNum: 1,
                maxStock: 54,
                oldlimitNum: 1,
                productId: 85962,
                productName: 'Short Sleeves Mens Polo Shirt ',
                productPrice: 4,
                status: 1,
                superpositionNum: 0
              }
            ],
            haveCategoryProducts: true,
            isOverlie: 0,
            isView: 0,
            logisticsFree: 1,
            lowestNum: 0,
            promontionType: 2,
            radio: 0,
            rangeLumpSum: 60,
            rate: 6.5761,
            superpositionNumTotal: 0,
            websiteId: 1
          }
        ]
AssertionError: expected Object {
  autoAddGiftFlag: 1,
  code: '0',
  giftInfo: Object {
    cartTotalPrice: 149.95,
    giftList: Array [
      Object {
        categoryIdList: Array [ 1333, 1161, 1324, 1163, 538 ],
        condition: 1,
        endTime: 1470988800,
        giftId: 1539,
        giftName: 'Gift',
        giftProductList: Array [
          Object {
            buyNum: 0,
            firstPictureUrl: 'tb2012/tb201204/tb20120426/BATCHXLS_c5d082b3-4179-4369-ab5e-1ff5862c000f_003.jpg',
            giftCheckedSign: false,
            giftPrice: 1,
            giftPriceRate: 1,
            isInCart: 0,
            limitNum: 1,
            maxStock: 2,
            oldlimitNum: 1,
            productId: 157678,
            productName: 'Multi-Color Printed Nylon Womens Leggings',
            productPrice: 1.9,
            status: 1,
            superpositionNum: 0
          },
          Object {
            buyNum: 0,
            firstPictureUrl: '20110617/Handsome-Blue-Bamboo-Cotton-Bamboo-Fiber-Denim-Mens-Short-Jeans-81633-1.jpg',
            giftCheckedSign: false,
            giftPrice: 1,
            giftPriceRate: 1,
            isInCart: 0,
            limitNum: 1,
            maxStock: 1,
            oldlimitNum: 1,
            productId: 81633,
            productName: 'Handsome Blue 98% Bamboo Cotton 2% Bamboo Fiber Denim Mens Short Jeans',
            productPrice: 20.99,
            status: 1,
            superpositionNum: 0
          },
          Object {
            buyNum: 0,
            firstPictureUrl: '201206/20120620/Comfortable-White-Printing-Round-Neck-Short-Sleeves-100-Cotton-Mens-T-Shirt-78538-5.jpg',
            giftCheckedSign: false,
            giftPrice: 1,
            giftPriceRate: 1,
            isInCart: 0,
            limitNum: 1,
            maxStock: 22,
            oldlimitNum: 1,
            productId: 78538,
            productName: 'Comfortable White Printing Round Neck Short Sleeves 100% Cotton Mens T-Shirt',
            productPrice: 7.99,
            status: 1,
            superpositionNum: 0
          },
          Object {
            buyNum: 0,
            firstPictureUrl: '201310/20131011/Casual-Blue-And-Red-100-Cotton-Mens-Long-Sleeves-Shirt-73491-682182.jpg',
            giftCheckedSign: false,
            giftPrice: 1,
            giftPriceRate: 1,
            isInCart: 0,
            limitNum: 1,
            maxStock: 40,
            oldlimitNum: 1,
            productId: 73491,
            productName: 'Casual Blue And Red 100% Cotton Mens Long Sleeves Shirt',
            productPrice: 6,
            status: 1,
            superpositionNum: 0
          }
        ],
        haveCategoryProducts: true,
        isOverlie: 0,
        isView: 0,
        logisticsFree: 1,
        lowestNum: 1,
        promontionType: 2,
        radio: 1,
        rangeLumpSum: 0,
        rate: 6.5761,
        superpositionNumTotal: 0,
        websiteId: 1
      },
      Object {
        categoryIdList: Array [ 1100, 1399, 535, 1155, 1281 ],
        condition: 0,
        endTime: 1469088000,
        giftId: 1523,
        giftName: 'Fashion Week Gift',
        giftProductList: Array [
          Object {
            buyNum: 0,
            firstPictureUrl: '201309/20130930/Unique-Fashion-White-One-Piece-Halter-Womens-Swimsuit-69471-5.jpg',
            giftCheckedSign: false,
            giftPrice: 0,
            giftPriceRate: 0,
            isInCart: 0,
            limitNum: 1,
            maxStock: 12,
            oldlimitNum: 1,
            productId: 69471,
            productName: 'Unique Fashion White One-Piece Halter Womens Swimsuit',
            productPrice: 2,
            status: 1,
            superpositionNum: 0
          },
          Object {
            buyNum: 0,
            firstPictureUrl: '201103/White-Classic-Casual-Round-Neck-Womens-T-shirt-59717-1.jpg',
            giftCheckedSign: false,
            giftPrice: 0,
            giftPriceRate: 0,
            isInCart: 0,
            limitNum: 1,
            maxStock: 6,
            oldlimitNum: 1,
            productId: 59717,
            productName: 'White Classic Casual Round Neck Womens T-shirt',
            productPrice: 2,
            status: 1,
            superpositionNum: 0
          },
          Object {
            buyNum: 0,
            firstPictureUrl: '2011/201107/2011-07-11-15_21_52_221_577.jpg',
            giftCheckedSign: false,
            giftPrice: 0,
            giftPriceRate: 0,
            isInCart: 0,
            limitNum: 1,
            maxStock: 29,
            oldlimitNum: 1,
            productId: 75939,
            productName: 'Cute Pink White Nylon Womens Bikini Swimsuit',
            productPrice: 2,
            status: 1,
            superpositionNum: 0
          },
          Object {
            buyNum: 0,
            firstPictureUrl: '2011/201107/2011-07-06-17_00_35_793_586.JPG',
            giftCheckedSign: false,
            giftPrice: 0,
            giftPriceRate: 0,
            isInCart: 0,
            limitNum: 1,
            maxStock: 16,
            oldlimitNum: 1,
            productId: 85794,
            productName: 'Green 60% Cotton 40% Terylene Short Sleeves Mens Polo Shirt ',
            productPrice: 4,
            status: 1,
            superpositionNum: 0
          },
          Object {
            buyNum: 0,
            firstPictureUrl: '2011/201107/2011-07-07-09_22_23_674_442.jpg',
            giftCheckedSign: false,
            giftPrice: 0,
            giftPriceRate: 0,
            isInCart: 0,
            limitNum: 1,
            maxStock: 52,
            oldlimitNum: 1,
            productId: 85962,
            productName: 'Short Sleeves Mens Polo Shirt ',
            productPrice: 4,
            status: 1,
            superpositionNum: 0
          }
        ],
        haveCategoryProducts: true,
        isOverlie: 0,
        isView: 0,
        logisticsFree: 1,
        lowestNum: 0,
        promontionType: 2,
        radio: 0,
        rangeLumpSum: 60,
        rate: 6.5761,
        superpositionNumTotal: 0,
        websiteId: 1
      }
    ]
  },
  msg: '操作成功',
  shoppingCart: Object {
    cartGiftPriceTotal: 0,
    cartPriceCouponTotal: 0,
    cartPriceDropshipTotal: 0,
    cartPriceMemberTotal: 0,
    cartPricePay: 154.94,
    cartPricePromotionTotal: 0,
    cartPriceTotal: 149.95,
    cartStockDay: 10,
    countryId: 1,
    couponInvalid: Array [],
    couponMember: Array [
      Object {
        against: 'Orders',
        autoUsed: 1,
        cartIds: Array [ 51151235 ],
        ceremonyId: 12939,
        countryIds: '',
        couponType: 2,
        currencyCode: 'USD',
        disDate2use: 15,
        disWay2use: 1,
        discountData: '15',
        discountDesc: '1.Both you and your invited friend could get a voucher of $15, available for any items.\r\n2.The voucher is available once your friend have their account registered.\r\n3.It’s up to you who could be invited   \r\n4.One order accepts single voucher only.',
        discountLang: 'en-uk',
        discountWay: '1',
        effective: 0,
        firstPay: 0,
        id: 1198677,
        libkey: '1643A8F6FF1B6F26',
        name: 'REFERFRIENDS',
        num: 1,
        num2use: 0,
        outOfDate: false,
        price2use: 0,
        priceDis: 0,
        promotionKey: '',
        rangeLumpSum: '59|-1',
        rangeStartTime: -1,
        rangeTime: -1,
        rangeType: 1,
        rate: 6.5761,
        shopSum: 1,
        status: 0,
        superposition: 0,
        websiteId: 1
      }
    ],
    deviceType: 5,
    fastDelivery: 1,
    freightCountList: Array [
      Object {
        discount: 0,
        expressRule: 'Expedited|0.5:108.35:0.5:42.44:3-5',
        expressType: 'Expedited',
        freightCouponSub: 0,
        freightOtherSub: 0,
        maxOrderPrice: -1,
        maxWeightFree: 1.8,
        maxWeightNotFree: 1.6,
        max_postTime: 5,
        min_postTime: 3,
        name: 'Expedited',
        order: '10',
        postTime: '3-5',
        priceAll: 48.74,
        priceBase: 0,
        priceFirst: 108.35,
        priceRegister: 0,
        priceSecond: 42.44,
        priceTotal: 48.74,
        priceTotal2: 48.74,
        state: 0,
        weightFirst: 0.5,
        weightSecond: 0.5
      },
      Object {
        discount: 0,
        expressRule: 'Standard|0.5:96.18:0.5:32.56:6-7',
        expressType: 'Standard',
        freightCouponSub: 0,
        freightOtherSub: 39.38,
        introduction: 'Generally use EMS or other courier sent, Mascot Costumes can only choose standard mode of transport.',
        maxOrderPrice: -1,
        maxWeightFree: 1.8,
        maxWeightNotFree: 1.6,
        max_postTime: 7,
        min_postTime: 6,
        name: 'Standard',
        order: '11',
        postTime: '6-7',
        priceAll: 39.38,
        priceBase: 0,
        priceFirst: 96.18,
        priceRegister: 0,
        priceSecond: 32.56,
        priceTotal: 0,
        priceTotal2: 0,
        state: 0,
        weightFirst: 0.5,
        weightSecond: 0.5
      }
    ],
    freightFreePromotion: 0,
    insurancePrice: 4.99,
    langCode: 'en-uk',
    langId: 2,
    maxStockingTime: 11,
    member: Object {
      changeType: 0,
      deviceType: 1,
      emailsDy: 0,
      gradeOid: 0,
      id: 3666009,
      snsMembersoftDeletes: 1,
      type: 'Personal',
      userPass: '78f010002c77054bfb6dd20ad8a04341',
      userTime: 1460341223,
      websiteId: 1
    },
    minCartStockDay: 0,
    minStockingTime: 0,
    noCouponFreightFree: Object {
      amountToUse: 0,
      cartIds: Array [ 51151235 ],
      categoryIds: Array [],
      discount: 0,
      id: 3221,
      ifUse: true,
      ignoreCategory: 0,
      priceMin: 109,
      rate: 6.5761,
      superposition: 1,
      type: 0
    },
    orderCouponSingle: 1,
    pricePoint: 2,
    priceUnit: 'USD',
    productNum: 5,
    promotionKey: 'SEM_1_en_gg_kw_c0_US_Milanoonewyear_160104',
    rate: 6.5761,
    rateTo: 6.5761,
    shoppingCartSorts: Array [
      Object {
        orderSort: Object {
          cartIds: Array [ 51151235 ],
          subjects: Array [
            Object {
              against: 'Orders',
              desc: '',
              discount: 0,
              id: 3221,
              ifUse: true,
              name: '',
              num2use: 0,
              price2use: 0,
              type: 3,
              way: 2
            }
          ]
        },
        warehouse: 1
      }
    ],
    websiteCarts: Array [
      Object {
        domainName: 'www.milanoo.com',
        empty: false,
        products: Array [
          Object {
            additional: '522507',
            additionalPrice: 28.49,
            allPropertyPrice: 0,
            allPropertyPriceRate: 0,
            argsPrice: 0,
            argsPriceRate: 0,
            buyNum: 5,
            cartId: 51151235,
            categoryCode: '000000132401029',
            categoryId: 1029,
            categoryName: 'Maxi Dresses',
            customPrice: 0,
            customPriceRate: 0,
            dataStatus: 0,
            fastDelivery: 1,
            firstPictureUrl: '201407/20140711/Colorful-Floral-Printed-Halter-Jersey-Maxi-Dress-179968-2324639.jpg',
            freightFree: 0,
            freightFreeCoupon: 1,
            freightFreeNoCoupon: 0,
            freightFreeSingle: 1,
            giftFreightFree: 0,
            giftPrice: 0,
            giftPriceRate: 0,
            gmtCreate: '2016-04-11',
            gmtModify: '2016-04-11',
            isAdditionalProduct: 0,
            isGift: 0,
            maxStockingTime: 11,
            minCartStockDay: 0,
            minStockingTime: 0,
            parcels: '0',
            payPrice: 29.99,
            payPriceRate: 29.99,
            productCode: '#10290179968',
            productId: 179968,
            productName: 'loral Print Maxi Dress ',
            productPriceTotal: 149.95,
            productPriceTotalRate: 149.95,
            productStockTime: 10,
            productType: 0,
            productsPrice: 29.99,
            productsPriceRate: 29.99,
            productsWeight: 0.51,
            promotionProductSingle: 1,
            propertiesOfDB: '360|size01,769|Purple',
            propertyVos: Array [
              Object { propertyId: 360, propertyValue: 'size01' },
              Object { propertyId: 769, propertyValue: 'Purple' }
            ],
            referType: '',
            salePropertyPrice: 0,
            salePropertyPriceRate: 0,
            sku: Object {
              fastDelivery: 1,
              isActivate: 1,
              occupyStockQuantity: 0,
              productId: 179968,
              sellQuantity: 0,
              skuCode: 'S00000179968000003',
              skuId: 10070550,
              skuPropertyArr: Array [
                Object {
                  colorProperty: 2,
                  configurationId: 985,
                  configurationName: 'S ',
                  configurationValue: 'size01',
                  price: 0,
                  propertyId: 360,
                  propertyName: 'Size'
                },
                Object {
                  colorProperty: 1,
                  configurationId: 4695,
                  configurationName: 'Purple ',
                  configurationValue: 'Purple',
                  price: 0,
                  propertyId: 769,
                  propertyName: 'Color'
                }
              ],
              skuType: 1,
              stockQuantity: 0
            },
            skuId: 10070550,
            sourcePrice: 29.99,
            sourcePriceRate: 29.99,
            tied: 1,
            unitPriceOfDB: 29.99,
            virtualWeight: 0.51,
            websiteId: 1
          }
        ],
        savedProducts: Array [],
        websiteId: 1,
        websiteName: 'Milanoo'
      }
    ],
    websiteId: 1,
    websiteIdLastView: 1,
    weight: 2.55
  }
} to contain Object {
  autoAddGiftFlag: 1,
  code: '0',
  giftInfo: Object {
    cartTotalPrice: 149.95,
    giftList: Array [
      Object {
        categoryIdList: Array [ 1333, 1161, 1324, 1163, 538 ],
        condition: 1,
        endTime: 1470988800,
        giftId: 1539,
        giftName: 'Gift',
        giftProductList: Array [
          Object {
            buyNum: 0,
            firstPictureUrl: 'tb2012/tb201204/tb20120426/BATCHXLS_c5d082b3-4179-4369-ab5e-1ff5862c000f_003.jpg',
            giftCheckedSign: false,
            giftPrice: 1,
            giftPriceRate: 1,
            isInCart: 0,
            limitNum: 1,
            oldlimitNum: 1,
            productId: 157678,
            productName: 'Multi-Color Printed Nylon Womens Leggings',
            productPrice: 1.9,
            status: 1,
            superpositionNum: 0
          },
          Object {
            buyNum: 0,
            firstPictureUrl: '20110617/Handsome-Blue-Bamboo-Cotton-Bamboo-Fiber-Denim-Mens-Short-Jeans-81633-1.jpg',
            giftCheckedSign: false,
            giftPrice: 1,
            giftPriceRate: 1,
            isInCart: 0,
            limitNum: 1,
            oldlimitNum: 1,
            productId: 81633,
            productName: 'Handsome Blue 98% Bamboo Cotton 2% Bamboo Fiber Denim Mens Short Jeans',
            productPrice: 20.99,
            status: 1,
            superpositionNum: 0
          },
          Object {
            buyNum: 0,
            firstPictureUrl: '201206/20120620/Comfortable-White-Printing-Round-Neck-Short-Sleeves-100-Cotton-Mens-T-Shirt-78538-5.jpg',
            giftCheckedSign: false,
            giftPrice: 1,
            giftPriceRate: 1,
            isInCart: 0,
            limitNum: 1,
            oldlimitNum: 1,
            productId: 78538,
            productName: 'Comfortable White Printing Round Neck Short Sleeves 100% Cotton Mens T-Shirt',
            productPrice: 7.99,
            status: 1,
            superpositionNum: 0
          },
          Object {
            buyNum: 0,
            firstPictureUrl: '201310/20131011/Casual-Blue-And-Red-100-Cotton-Mens-Long-Sleeves-Shirt-73491-682182.jpg',
            giftCheckedSign: false,
            giftPrice: 1,
            giftPriceRate: 1,
            isInCart: 0,
            limitNum: 1,
            maxStock: 40,
            oldlimitNum: 1,
            productId: 73491,
            productName: 'Casual Blue And Red 100% Cotton Mens Long Sleeves Shirt',
            productPrice: 6,
            status: 1,
            superpositionNum: 0
          }
        ],
        haveCategoryProducts: true,
        isOverlie: 0,
        isView: 0,
        logisticsFree: 1,
        lowestNum: 1,
        promontionType: 2,
        radio: 1,
        rangeLumpSum: 0,
        rate: 6.5761,
        superpositionNumTotal: 0,
        websiteId: 1
      },
      Object {
        categoryIdList: Array [ 1100, 1399, 535, 1155, 1281 ],
        condition: 0,
        endTime: 1469088000,
        giftId: 1523,
        giftName: 'Fashion Week Gift',
        giftProductList: Array [
          Object {
            buyNum: 0,
            firstPictureUrl: '201309/20130930/Unique-Fashion-White-One-Piece-Halter-Womens-Swimsuit-69471-5.jpg',
            giftCheckedSign: false,
            giftPrice: 0,
            giftPriceRate: 0,
            isInCart: 0,
            limitNum: 1,
            maxStock: 15,
            oldlimitNum: 1,
            productId: 69471,
            productName: 'Unique Fashion White One-Piece Halter Womens Swimsuit',
            productPrice: 2,
            status: 1,
            superpositionNum: 0
          },
          Object {
            buyNum: 0,
            firstPictureUrl: '201103/White-Classic-Casual-Round-Neck-Womens-T-shirt-59717-1.jpg',
            giftCheckedSign: false,
            giftPrice: 0,
            giftPriceRate: 0,
            isInCart: 0,
            limitNum: 1,
            maxStock: 7,
            oldlimitNum: 1,
            productId: 59717,
            productName: 'White Classic Casual Round Neck Womens T-shirt',
            productPrice: 2,
            status: 1,
            superpositionNum: 0
          },
          Object {
            buyNum: 0,
            firstPictureUrl: '2011/201107/2011-07-11-15_21_52_221_577.jpg',
            giftCheckedSign: false,
            giftPrice: 0,
            giftPriceRate: 0,
            isInCart: 0,
            limitNum: 1,
            maxStock: 32,
            oldlimitNum: 1,
            productId: 75939,
            productName: 'Cute Pink White Nylon Womens Bikini Swimsuit',
            productPrice: 2,
            status: 1,
            superpositionNum: 0
          },
          Object {
            buyNum: 0,
            firstPictureUrl: '2011/201107/2011-07-06-17_00_35_793_586.JPG',
            giftCheckedSign: false,
            giftPrice: 0,
            giftPriceRate: 0,
            isInCart: 0,
            limitNum: 1,
            maxStock: 18,
            oldlimitNum: 1,
            productId: 85794,
            productName: 'Green 60% Cotton 40% Terylene Short Sleeves Mens Polo Shirt ',
            productPrice: 4,
            status: 1,
            superpositionNum: 0
          },
          Object {
            buyNum: 0,
            firstPictureUrl: '2011/201107/2011-07-07-09_22_23_674_442.jpg',
            giftCheckedSign: false,
            giftPrice: 0,
            giftPriceRate: 0,
            isInCart: 0,
            limitNum: 1,
            maxStock: 54,
            oldlimitNum: 1,
            productId: 85962,
            productName: 'Short Sleeves Mens Polo Shirt ',
            productPrice: 4,
            status: 1,
            superpositionNum: 0
          }
        ],
        haveCategoryProducts: true,
        isOverlie: 0,
        isView: 0,
        logisticsFree: 1,
        lowestNum: 0,
        promontionType: 2,
        radio: 0,
        rangeLumpSum: 60,
        rate: 6.5761,
        superpositionNumTotal: 0,
        websiteId: 1
      }
    ]
  },
  msg: '操作成功',
  shoppingCart: Object {
    cartGiftPriceTotal: 0,
    cartPriceCouponTotal: 0,
    cartPriceDropshipTotal: 0,
    cartPriceMemberTotal: 0,
    cartPricePay: 154.94,
    cartPricePromotionTotal: 0,
    cartPriceTotal: 149.95,
    cartStockDay: 10,
    countryId: 1,
    couponInvalid: Array [],
    couponMember: Array [
      Object {
        against: 'Orders',
        autoUsed: 1,
        cartIds: Array [ 51151235 ],
        ceremonyId: 12939,
        countryIds: '',
        couponType: 2,
        currencyCode: 'USD',
        disDate2use: 15,
        disWay2use: 1,
        discountData: '15',
        discountDesc: '1.Both you and your invited friend could get a voucher of $15, available for any items.\r\n2.The voucher is available once your friend have their account registered.\r\n3.It’s up to you who could be invited   \r\n4.One order accepts single voucher only.',
        discountLang: 'en-uk',
        discountWay: '1',
        effective: 0,
        firstPay: 0,
        id: 1198677,
        libkey: '1643A8F6FF1B6F26',
        name: 'REFERFRIENDS',
        num: 1,
        num2use: 0,
        outOfDate: false,
        price2use: 0,
        priceDis: 0,
        promotionKey: '',
        rangeLumpSum: '59|-1',
        rangeStartTime: -1,
        rangeTime: -1,
        rangeType: 1,
        rate: 6.5761,
        shopSum: 1,
        status: 0,
        superposition: 0,
        websiteId: 1
      }
    ],
    deviceType: 5,
    fastDelivery: 1,
    freightCountList: Array [
      Object {
        discount: 0,
        expressRule: 'Expedited|0.5:108.35:0.5:42.44:3-5',
        expressType: 'Expedited',
        freightCouponSub: 0,
        freightOtherSub: 0,
        maxOrderPrice: -1,
        maxWeightFree: 1.8,
        maxWeightNotFree: 1.6,
        max_postTime: 5,
        min_postTime: 3,
        name: 'Expedited',
        order: '10',
        postTime: '3-5',
        priceAll: 48.74,
        priceBase: 0,
        priceFirst: 108.35,
        priceRegister: 0,
        priceSecond: 42.44,
        priceTotal: 48.74,
        priceTotal2: 48.74,
        state: 0,
        weightFirst: 0.5,
        weightSecond: 0.5
      },
      Object {
        discount: 0,
        expressRule: 'Standard|0.5:96.18:0.5:32.56:6-7',
        expressType: 'Standard',
        freightCouponSub: 0,
        freightOtherSub: 39.38,
        introduction: 'Generally use EMS or other courier sent, Mascot Costumes can only choose standard mode of transport.',
        maxOrderPrice: -1,
        maxWeightFree: 1.8,
        maxWeightNotFree: 1.6,
        max_postTime: 7,
        min_postTime: 6,
        name: 'Standard',
        order: '11',
        postTime: '6-7',
        priceAll: 39.38,
        priceBase: 0,
        priceFirst: 96.18,
        priceRegister: 0,
        priceSecond: 32.56,
        priceTotal: 0,
        priceTotal2: 0,
        state: 0,
        weightFirst: 0.5,
        weightSecond: 0.5
      }
    ],
    freightFreePromotion: 0,
    insurancePrice: 4.99,
    langCode: 'en-uk',
    langId: 2,
    maxStockingTime: 11,
    member: Object {
      changeType: 0,
      deviceType: 1,
      emailsDy: 0,
      gradeOid: 0,
      id: 3666009,
      snsMembersoftDeletes: 1,
      type: 'Personal',
      userPass: '78f010002c77054bfb6dd20ad8a04341',
      userTime: 1460341223,
      websiteId: 1
    },
    minCartStockDay: 0,
    minStockingTime: 0,
    noCouponFreightFree: Object {
      amountToUse: 0,
      cartIds: Array [ 51151235 ],
      categoryIds: Array [],
      discount: 0,
      id: 3221,
      ifUse: true,
      ignoreCategory: 0,
      priceMin: 109,
      rate: 6.5761,
      superposition: 1,
      type: 0
    },
    orderCouponSingle: 1,
    pricePoint: 2,
    priceUnit: 'USD',
    productNum: 5,
    promotionKey: 'SEM_1_en_gg_kw_c0_US_Milanoonewyear_160104',
    rate: 6.5761,
    rateTo: 6.5761,
    shoppingCartSorts: Array [
      Object {
        orderSort: Object {
          cartIds: Array [ 51151235 ],
          subjects: Array [
            Object {
              against: 'Orders',
              desc: '',
              discount: 0,
              id: 3221,
              ifUse: true,
              name: '',
              num2use: 0,
              price2use: 0,
              type: 3,
              way: 2
            }
          ]
        },
        warehouse: 1
      }
    ],
    websiteCarts: Array [
      Object {
        domainName: 'www.milanoo.com',
        empty: false,
        products: Array [
          Object {
            additional: '522507',
            additionalPrice: 28.49,
            allPropertyPrice: 0,
            allPropertyPriceRate: 0,
            argsPrice: 0,
            argsPriceRate: 0,
            buyNum: 5,
            cartId: 51151235,
            categoryCode: '000000132401029',
            categoryId: 1029,
            categoryName: 'Maxi Dresses',
            customPrice: 0,
            customPriceRate: 0,
            dataStatus: 0,
            fastDelivery: 1,
            firstPictureUrl: '201407/20140711/Colorful-Floral-Printed-Halter-Jersey-Maxi-Dress-179968-2324639.jpg',
            freightFree: 0,
            freightFreeCoupon: 1,
[...]
              superpositionNum: 0
            },
            Object {
              buyNum: 0,
              firstPictureUrl: '20110617/Handsome-Blue-Bamboo-Cotton-Bamboo-Fiber-Denim-Mens-Short-Jeans-81633-1.jpg',
              giftCheckedSign: false,
              giftPrice: 1,
              giftPriceRate: 1,
              isInCart: 0,
              limitNum: 1,
              oldlimitNum: 1,
              productId: 81633,
              productName: 'Handsome Blue 98% Bamboo Cotton 2% Bamboo Fiber Denim Mens Short Jeans',
              productPrice: 20.99,
              status: 1,
              superpositionNum: 0
            },
            Object {
              buyNum: 0,
              firstPictureUrl: '201206/20120620/Comfortable-White-Printing-Round-Neck-Short-Sleeves-100-Cotton-Mens-T-Shirt-78538-5.jpg',
              giftCheckedSign: false,
              giftPrice: 1,
              giftPriceRate: 1,
              isInCart: 0,
              limitNum: 1,
              oldlimitNum: 1,
              productId: 78538,
              productName: 'Comfortable White Printing Round Neck Short Sleeves 100% Cotton Mens T-Shirt',
              productPrice: 7.99,
              status: 1,
              superpositionNum: 0
            },
            Object {
              buyNum: 0,
              firstPictureUrl: '201310/20131011/Casual-Blue-And-Red-100-Cotton-Mens-Long-Sleeves-Shirt-73491-682182.jpg',
              giftCheckedSign: false,
              giftPrice: 1,
              giftPriceRate: 1,
              isInCart: 0,
              limitNum: 1,
              maxStock: 40,
              oldlimitNum: 1,
              productId: 73491,
              productName: 'Casual Blue And Red 100% Cotton Mens Long Sleeves Shirt',
              productPrice: 6,
              status: 1,
              superpositionNum: 0
            }
          ],
          haveCategoryProducts: true,
          isOverlie: 0,
          isView: 0,
          logisticsFree: 1,
          lowestNum: 1,
          promontionType: 2,
          radio: 1,
          rangeLumpSum: 0,
          rate: 6.5761,
          superpositionNumTotal: 0,
          websiteId: 1
        },
        Object {
          categoryIdList: Array [ 1100, 1399, 535, 1155, 1281 ],
          condition: 0,
          endTime: 1469088000,
          giftId: 1523,
          giftName: 'Fashion Week Gift',
          giftProductList: Array [
            Object {
              buyNum: 0,
              firstPictureUrl: '201309/20130930/Unique-Fashion-White-One-Piece-Halter-Womens-Swimsuit-69471-5.jpg',
              giftCheckedSign: false,
              giftPrice: 0,
              giftPriceRate: 0,
              isInCart: 0,
              limitNum: 1,
              maxStock: 15,
              oldlimitNum: 1,
              productId: 69471,
              productName: 'Unique Fashion White One-Piece Halter Womens Swimsuit',
              productPrice: 2,
              status: 1,
              superpositionNum: 0
            },
            Object {
              buyNum: 0,
              firstPictureUrl: '201103/White-Classic-Casual-Round-Neck-Womens-T-shirt-59717-1.jpg',
              giftCheckedSign: false,
              giftPrice: 0,
              giftPriceRate: 0,
              isInCart: 0,
              limitNum: 1,
              maxStock: 7,
              oldlimitNum: 1,
              productId: 59717,
              productName: 'White Classic Casual Round Neck Womens T-shirt',
              productPrice: 2,
              status: 1,
              superpositionNum: 0
            },
            Object {
              buyNum: 0,
              firstPictureUrl: '2011/201107/2011-07-11-15_21_52_221_577.jpg',
              giftCheckedSign: false,
              giftPrice: 0,
              giftPriceRate: 0,
              isInCart: 0,
              limitNum: 1,
              maxStock: 32,
              oldlimitNum: 1,
              productId: 75939,
              productName: 'Cute Pink White Nylon Womens Bikini Swimsuit',
              productPrice: 2,
              status: 1,
              superpositionNum: 0
            },
            Object {
              buyNum: 0,
              firstPictureUrl: '2011/201107/2011-07-06-17_00_35_793_586.JPG',
              giftCheckedSign: false,
              giftPrice: 0,
              giftPriceRate: 0,
              isInCart: 0,
              limitNum: 1,
              maxStock: 18,
              oldlimitNum: 1,
              productId: 85794,
              productName: 'Green 60% Cotton 40% Terylene Short Sleeves Mens Polo Shirt ',
              productPrice: 4,
              status: 1,
              superpositionNum: 0
            },
            Object {
              buyNum: 0,
              firstPictureUrl: '2011/201107/2011-07-07-09_22_23_674_442.jpg',
              giftCheckedSign: false,
              giftPrice: 0,
              giftPriceRate: 0,
              isInCart: 0,
              limitNum: 1,
              maxStock: 54,
              oldlimitNum: 1,
              productId: 85962,
              productName: 'Short Sleeves Mens Polo Shirt ',
              productPrice: 4,
              status: 1,
              superpositionNum: 0
            }
          ],
          haveCategoryProducts: true,
          isOverlie: 0,
          isView: 0,
          logisticsFree: 1,
          lowestNum: 0,
          promontionType: 2,
          radio: 0,
          rangeLumpSum: 60,
          rate: 6.5761,
          superpositionNumTotal: 0,
          websiteId: 1
        }
      ]
    }
        expected Array [
          Object {
            categoryIdList: Array [ 1333, 1161, 1324, 1163, 538 ],
            condition: 1,
            endTime: 1470988800,
            giftId: 1539,
            giftName: 'Gift',
            giftProductList: Array [
              Object {
                buyNum: 0,
                firstPictureUrl: 'tb2012/tb201204/tb20120426/BATCHXLS_c5d082b3-4179-4369-ab5e-1ff5862c000f_003.jpg',
                giftCheckedSign: false,
                giftPrice: 1,
                giftPriceRate: 1,
                isInCart: 0,
                limitNum: 1,
                maxStock: 2,
                oldlimitNum: 1,
                productId: 157678,
                productName: 'Multi-Color Printed Nylon Womens Leggings',
                productPrice: 1.9,
                status: 1,
                superpositionNum: 0
              },
              Object {
                buyNum: 0,
                firstPictureUrl: '20110617/Handsome-Blue-Bamboo-Cotton-Bamboo-Fiber-Denim-Mens-Short-Jeans-81633-1.jpg',
                giftCheckedSign: false,
                giftPrice: 1,
                giftPriceRate: 1,
                isInCart: 0,
                limitNum: 1,
                maxStock: 1,
                oldlimitNum: 1,
                productId: 81633,
                productName: 'Handsome Blue 98% Bamboo Cotton 2% Bamboo Fiber Denim Mens Short Jeans',
                productPrice: 20.99,
                status: 1,
                superpositionNum: 0
              },
              Object {
                buyNum: 0,
                firstPictureUrl: '201206/20120620/Comfortable-White-Printing-Round-Neck-Short-Sleeves-100-Cotton-Mens-T-Shirt-78538-5.jpg',
                giftCheckedSign: false,
                giftPrice: 1,
                giftPriceRate: 1,
                isInCart: 0,
                limitNum: 1,
                maxStock: 22,
                oldlimitNum: 1,
                productId: 78538,
                productName: 'Comfortable White Printing Round Neck Short Sleeves 100% Cotton Mens T-Shirt',
                productPrice: 7.99,
                status: 1,
                superpositionNum: 0
              },
              Object {
                buyNum: 0,
                firstPictureUrl: '201310/20131011/Casual-Blue-And-Red-100-Cotton-Mens-Long-Sleeves-Shirt-73491-682182.jpg',
                giftCheckedSign: false,
                giftPrice: 1,
                giftPriceRate: 1,
                isInCart: 0,
                limitNum: 1,
                maxStock: 40,
                oldlimitNum: 1,
                productId: 73491,
                productName: 'Casual Blue And Red 100% Cotton Mens Long Sleeves Shirt',
                productPrice: 6,
                status: 1,
                superpositionNum: 0
              }
            ],
            haveCategoryProducts: true,
            isOverlie: 0,
            isView: 0,
            logisticsFree: 1,
            lowestNum: 1,
            promontionType: 2,
            radio: 1,
            rangeLumpSum: 0,
            rate: 6.5761,
            superpositionNumTotal: 0,
            websiteId: 1
          },
          Object {
            categoryIdList: Array [ 1100, 1399, 535, 1155, 1281 ],
            condition: 0,
            endTime: 1469088000,
            giftId: 1523,
            giftName: 'Fashion Week Gift',
            giftProductList: Array [
              Object {
                buyNum: 0,
                firstPictureUrl: '201309/20130930/Unique-Fashion-White-One-Piece-Halter-Womens-Swimsuit-69471-5.jpg',
                giftCheckedSign: false,
                giftPrice: 0,
                giftPriceRate: 0,
                isInCart: 0,
                limitNum: 1,
                maxStock: 12,
                oldlimitNum: 1,
                productId: 69471,
                productName: 'Unique Fashion White One-Piece Halter Womens Swimsuit',
                productPrice: 2,
                status: 1,
                superpositionNum: 0
              },
              Object {
                buyNum: 0,
                firstPictureUrl: '201103/White-Classic-Casual-Round-Neck-Womens-T-shirt-59717-1.jpg',
                giftCheckedSign: false,
                giftPrice: 0,
                giftPriceRate: 0,
                isInCart: 0,
                limitNum: 1,
                maxStock: 6,
                oldlimitNum: 1,
                productId: 59717,
                productName: 'White Classic Casual Round Neck Womens T-shirt',
                productPrice: 2,
                status: 1,
                superpositionNum: 0
              },
              Object {
                buyNum: 0,
                firstPictureUrl: '2011/201107/2011-07-11-15_21_52_221_577.jpg',
                giftCheckedSign: false,
                giftPrice: 0,
                giftPriceRate: 0,
                isInCart: 0,
                limitNum: 1,
                maxStock: 29,
                oldlimitNum: 1,
                productId: 75939,
                productName: 'Cute Pink White Nylon Womens Bikini Swimsuit',
                productPrice: 2,
                status: 1,
                superpositionNum: 0
              },
              Object {
                buyNum: 0,
                firstPictureUrl: '2011/201107/2011-07-06-17_00_35_793_586.JPG',
                giftCheckedSign: false,
                giftPrice: 0,
                giftPriceRate: 0,
                isInCart: 0,
                limitNum: 1,
                maxStock: 16,
                oldlimitNum: 1,
                productId: 85794,
                productName: 'Green 60% Cotton 40% Terylene Short Sleeves Mens Polo Shirt ',
                productPrice: 4,
                status: 1,
                superpositionNum: 0
              },
              Object {
                buyNum: 0,
                firstPictureUrl: '2011/201107/2011-07-07-09_22_23_674_442.jpg',
                giftCheckedSign: false,
                giftPrice: 0,
                giftPriceRate: 0,
                isInCart: 0,
                limitNum: 1,
                maxStock: 52,
                oldlimitNum: 1,
                productId: 85962,
                productName: 'Short Sleeves Mens Polo Shirt ',
                productPrice: 4,
                status: 1,
                superpositionNum: 0
              }
            ],
            haveCategoryProducts: true,
            isOverlie: 0,
            isView: 0,
            logisticsFree: 1,
            lowestNum: 0,
            promontionType: 2,
            radio: 0,
            rangeLumpSum: 60,
            rate: 6.5761,
            superpositionNumTotal: 0,
            websiteId: 1
          }
        ] to contain Array [
          Object {
            categoryIdList: Array [ 1333, 1161, 1324, 1163, 538 ],
            condition: 1,
            endTime: 1470988800,
            giftId: 1539,
            giftName: 'Gift',
            giftProductList: Array [
              Object {
                buyNum: 0,
                firstPictureUrl: 'tb2012/tb201204/tb20120426/BATCHXLS_c5d082b3-4179-4369-ab5e-1ff5862c000f_003.jpg',
                giftCheckedSign: false,
                giftPrice: 1,
                giftPriceRate: 1,
                isInCart: 0,
                limitNum: 1,
                oldlimitNum: 1,
                productId: 157678,
                productName: 'Multi-Color Printed Nylon Womens Leggings',
                productPrice: 1.9,
                status: 1,
                superpositionNum: 0
              },
              Object {
                buyNum: 0,
                firstPictureUrl: '20110617/Handsome-Blue-Bamboo-Cotton-Bamboo-Fiber-Denim-Mens-Short-Jeans-81633-1.jpg',
                giftCheckedSign: false,
                giftPrice: 1,
                giftPriceRate: 1,
                isInCart: 0,
                limitNum: 1,
                oldlimitNum: 1,
                productId: 81633,
                productName: 'Handsome Blue 98% Bamboo Cotton 2% Bamboo Fiber Denim Mens Short Jeans',
                productPrice: 20.99,
                status: 1,
                superpositionNum: 0
              },
              Object {
                buyNum: 0,
                firstPictureUrl: '201206/20120620/Comfortable-White-Printing-Round-Neck-Short-Sleeves-100-Cotton-Mens-T-Shirt-78538-5.jpg',
                giftCheckedSign: false,
                giftPrice: 1,
                giftPriceRate: 1,
                isInCart: 0,
                limitNum: 1,
                oldlimitNum: 1,
                productId: 78538,
                productName: 'Comfortable White Printing Round Neck Short Sleeves 100% Cotton Mens T-Shirt',
                productPrice: 7.99,
                status: 1,
                superpositionNum: 0
              },
              Object {
                buyNum: 0,
                firstPictureUrl: '201310/20131011/Casual-Blue-And-Red-100-Cotton-Mens-Long-Sleeves-Shirt-73491-682182.jpg',
                giftCheckedSign: false,
                giftPrice: 1,
                giftPriceRate: 1,
                isInCart: 0,
                limitNum: 1,
                maxStock: 40,
                oldlimitNum: 1,
                productId: 73491,
                productName: 'Casual Blue And Red 100% Cotton Mens Long Sleeves Shirt',
                productPrice: 6,
                status: 1,
                superpositionNum: 0
              }
            ],
            haveCategoryProducts: true,
            isOverlie: 0,
            isView: 0,
            logisticsFree: 1,
            lowestNum: 1,
            promontionType: 2,
            radio: 1,
            rangeLumpSum: 0,
            rate: 6.5761,
            superpositionNumTotal: 0,
            websiteId: 1
          },
          Object {
            categoryIdList: Array [ 1100, 1399, 535, 1155, 1281 ],
            condition: 0,
            endTime: 1469088000,
            giftId: 1523,
            giftName: 'Fashion Week Gift',
            giftProductList: Array [
              Object {
                buyNum: 0,
                firstPictureUrl: '201309/20130930/Unique-Fashion-White-One-Piece-Halter-Womens-Swimsuit-69471-5.jpg',
                giftCheckedSign: false,
                giftPrice: 0,
                giftPriceRate: 0,
                isInCart: 0,
                limitNum: 1,
                maxStock: 15,
                oldlimitNum: 1,
                productId: 69471,
                productName: 'Unique Fashion White One-Piece Halter Womens Swimsuit',
                productPrice: 2,
                status: 1,
                superpositionNum: 0
              },
              Object {
                buyNum: 0,
                firstPictureUrl: '201103/White-Classic-Casual-Round-Neck-Womens-T-shirt-59717-1.jpg',
                giftCheckedSign: false,
                giftPrice: 0,
                giftPriceRate: 0,
                isInCart: 0,
                limitNum: 1,
                maxStock: 7,
                oldlimitNum: 1,
                productId: 59717,
                productName: 'White Classic Casual Round Neck Womens T-shirt',
                productPrice: 2,
                status: 1,
                superpositionNum: 0
              },
              Object {
                buyNum: 0,
                firstPictureUrl: '2011/201107/2011-07-11-15_21_52_221_577.jpg',
                giftCheckedSign: false,
                giftPrice: 0,
                giftPriceRate: 0,
                isInCart: 0,
                limitNum: 1,
                maxStock: 32,
                oldlimitNum: 1,
                productId: 75939,
                productName: 'Cute Pink White Nylon Womens Bikini Swimsuit',
                productPrice: 2,
                status: 1,
                superpositionNum: 0
              },
              Object {
                buyNum: 0,
                firstPictureUrl: '2011/201107/2011-07-06-17_00_35_793_586.JPG',
                giftCheckedSign: false,
                giftPrice: 0,
                giftPriceRate: 0,
                isInCart: 0,
                limitNum: 1,
                maxStock: 18,
                oldlimitNum: 1,
                productId: 85794,
                productName: 'Green 60% Cotton 40% Terylene Short Sleeves Mens Polo Shirt ',
                productPrice: 4,
                status: 1,
                superpositionNum: 0
              },
              Object {
                buyNum: 0,
                firstPictureUrl: '2011/201107/2011-07-07-09_22_23_674_442.jpg',
                giftCheckedSign: false,
                giftPrice: 0,
                giftPriceRate: 0,
                isInCart: 0,
                limitNum: 1,
                maxStock: 54,
                oldlimitNum: 1,
                productId: 85962,
                productName: 'Short Sleeves Mens Polo Shirt ',
                productPrice: 4,
                status: 1,
                superpositionNum: 0
              }
            ],
            haveCategoryProducts: true,
            isOverlie: 0,
            isView: 0,
            logisticsFree: 1,
            lowestNum: 0,
            promontionType: 2,
            radio: 0,
            rangeLumpSum: 60,
            rate: 6.5761,
            superpositionNumTotal: 0,
            websiteId: 1
          }
        ]
    at Assertion.fail (E:\apitesting\node_modules\should\cjs\should.js:326:17)
    at Assertion.Object.defineProperty.value [as containDeep] (E:\apitesting\node_modules\should\cjs\should.js:398:19)
    at Test.&lt;anonymous&gt; (E:\apitesting\app\sp\shoppingCart\getCartInfo.js:474:33)
    at Test.assert (E:\apitesting\node_modules\supertest\lib\test.js:156:6)
    at assert (E:\apitesting\node_modules\supertest\lib\test.js:127:12)
    at E:\apitesting\node_modules\supertest\lib\test.js:124:5
    at Test.Request.callback (E:\apitesting\node_modules\supertest\node_modules\superagent\lib\node\index.js:691:12)
    at Stream.&lt;anonymous&gt; (E:\apitesting\node_modules\supertest\node_modules\superagent\lib\node\index.js:922:12)
    at Unzip.&lt;anonymous&gt; (E:\apitesting\node_modules\supertest\node_modules\superagent\lib\node\utils.js:108:12)
    at endReadableNT (_stream_readable.js:913:12)</failure></testcase>
<testcase classname="迷你购物车" name="普通用户获取迷你购物车信息" time="0.159"/>
<testcase classname="Wish List的获取" name="常规验证" time="0.119"/>
</testsuite>
